*ERROR* 	2018/12/12 - 09:35:43: Table 'pegaz_sklep.ps_layered_friendly_url' doesn't exist<br /><br /><pre>SELECT data FROM `ps_layered_friendly_url` WHERE `url_key` = 'faec6aadaeddb6d1863de21bd6003b55' LIMIT 1</pre> at line 791 in file classes/db/Db.php
*ERROR* 	2018/12/12 - 09:35:56: Table 'pegaz_sklep.ps_layered_friendly_url' doesn't exist<br /><br /><pre>SELECT data FROM `ps_layered_friendly_url` WHERE `url_key` = 'faec6aadaeddb6d1863de21bd6003b55' LIMIT 1</pre> at line 791 in file classes/db/Db.php
*ERROR* 	2018/12/12 - 09:36:01: Table 'pegaz_sklep.ps_layered_friendly_url' doesn't exist<br /><br /><pre>SELECT data FROM `ps_layered_friendly_url` WHERE `url_key` = '0ff9b9ea2acba7fec0f65e37367ba1bc' LIMIT 1</pre> at line 791 in file classes/db/Db.php
*ERROR* 	2018/12/12 - 09:41:30: Table 'pegaz_sklep.ps_layered_category' doesn't exist<br /><br /><pre>
			SELECT type, id_value, filter_show_limit, filter_type FROM ps_layered_category
			WHERE id_category = 1332
				AND id_shop = 1
			GROUP BY `type`, id_value ORDER BY position ASC</pre> at line 791 in file classes/db/Db.php
*ERROR* 	2018/12/12 - 09:41:43: Table 'pegaz_sklep.ps_layered_category' doesn't exist<br /><br /><pre>
			SELECT type, id_value, filter_show_limit, filter_type FROM ps_layered_category
			WHERE id_category = 1361
				AND id_shop = 1
			GROUP BY `type`, id_value ORDER BY position ASC</pre> at line 791 in file classes/db/Db.php
*ERROR* 	2018/12/12 - 09:50:01: Table 'pegaz_sklep.ps_layered_friendly_url' doesn't exist<br /><br /><pre>SELECT data FROM `ps_layered_friendly_url` WHERE `url_key` = 'faec6aadaeddb6d1863de21bd6003b55' LIMIT 1</pre> at line 791 in file classes/db/Db.php
*ERROR* 	2018/12/12 - 09:50:17: Table 'pegaz_sklep.ps_layered_friendly_url' doesn't exist<br /><br /><pre>SELECT data FROM `ps_layered_friendly_url` WHERE `url_key` = 'faec6aadaeddb6d1863de21bd6003b55' LIMIT 1</pre> at line 791 in file classes/db/Db.php
*ERROR* 	2018/12/12 - 09:52:13: Table 'pegaz_sklep.ps_layered_friendly_url' doesn't exist<br /><br /><pre>SELECT data FROM `ps_layered_friendly_url` WHERE `url_key` = 'f4b5fdaf5b622b4d38cb1278803eaa6c' LIMIT 1</pre> at line 791 in file classes/db/Db.php
*ERROR* 	2018/12/12 - 09:52:31: Table 'pegaz_sklep.ps_layered_friendly_url' doesn't exist<br /><br /><pre>SELECT data FROM `ps_layered_friendly_url` WHERE `url_key` = 'f4b5fdaf5b622b4d38cb1278803eaa6c' LIMIT 1</pre> at line 791 in file classes/db/Db.php
*ERROR* 	2018/12/12 - 09:53:44: Table 'pegaz_sklep.ps_layered_category' doesn't exist<br /><br /><pre>
			SELECT type, id_value, filter_show_limit, filter_type FROM ps_layered_category
			WHERE id_category = 1316
				AND id_shop = 1
			GROUP BY `type`, id_value ORDER BY position ASC</pre> at line 791 in file classes/db/Db.php
*ERROR* 	2018/12/12 - 09:54:02: Table 'pegaz_sklep.ps_layered_friendly_url' doesn't exist<br /><br /><pre>SELECT data FROM `ps_layered_friendly_url` WHERE `url_key` = '07771e05ffd027df01f4cb0d6482b66b' LIMIT 1</pre> at line 791 in file classes/db/Db.php
*ERROR* 	2018/12/12 - 10:03:27: Table 'pegaz_sklep.ps_layered_friendly_url' doesn't exist<br /><br /><pre>SELECT data FROM `ps_layered_friendly_url` WHERE `url_key` = 'faec6aadaeddb6d1863de21bd6003b55' LIMIT 1</pre> at line 791 in file classes/db/Db.php
*ERROR* 	2018/12/12 - 10:04:00: Table 'pegaz_sklep.ps_layered_friendly_url' doesn't exist<br /><br /><pre>SELECT data FROM `ps_layered_friendly_url` WHERE `url_key` = 'f4b5fdaf5b622b4d38cb1278803eaa6c' LIMIT 1</pre> at line 791 in file classes/db/Db.php
*ERROR* 	2018/12/12 - 10:04:06: Table 'pegaz_sklep.ps_layered_friendly_url' doesn't exist<br /><br /><pre>SELECT data FROM `ps_layered_friendly_url` WHERE `url_key` = 'f4b5fdaf5b622b4d38cb1278803eaa6c' LIMIT 1</pre> at line 791 in file classes/db/Db.php
*ERROR* 	2018/12/12 - 10:04:18: Table 'pegaz_sklep.ps_layered_friendly_url' doesn't exist<br /><br /><pre>SELECT data FROM `ps_layered_friendly_url` WHERE `url_key` = 'f4b5fdaf5b622b4d38cb1278803eaa6c' LIMIT 1</pre> at line 791 in file classes/db/Db.php
*ERROR* 	2018/12/12 - 10:04:34: Table 'pegaz_sklep.ps_layered_friendly_url' doesn't exist<br /><br /><pre>SELECT data FROM `ps_layered_friendly_url` WHERE `url_key` = 'f4b5fdaf5b622b4d38cb1278803eaa6c' LIMIT 1</pre> at line 791 in file classes/db/Db.php
*ERROR* 	2018/12/12 - 10:04:50: Table 'pegaz_sklep.ps_layered_friendly_url' doesn't exist<br /><br /><pre>SELECT data FROM `ps_layered_friendly_url` WHERE `url_key` = 'f4b5fdaf5b622b4d38cb1278803eaa6c' LIMIT 1</pre> at line 791 in file classes/db/Db.php
*ERROR* 	2018/12/12 - 10:04:59: Table 'pegaz_sklep.ps_layered_friendly_url' doesn't exist<br /><br /><pre>SELECT data FROM `ps_layered_friendly_url` WHERE `url_key` = 'faec6aadaeddb6d1863de21bd6003b55' LIMIT 1</pre> at line 791 in file classes/db/Db.php
*ERROR* 	2018/12/12 - 10:06:24: Table 'pegaz_sklep.ps_layered_friendly_url' doesn't exist<br /><br /><pre>SELECT data FROM `ps_layered_friendly_url` WHERE `url_key` = 'faec6aadaeddb6d1863de21bd6003b55' LIMIT 1</pre> at line 791 in file classes/db/Db.php
*ERROR* 	2018/12/12 - 10:06:37: Table 'pegaz_sklep.ps_layered_category' doesn't exist<br /><br /><pre>
			SELECT type, id_value, filter_show_limit, filter_type FROM ps_layered_category
			WHERE id_category = 1331
				AND id_shop = 1
			GROUP BY `type`, id_value ORDER BY position ASC</pre> at line 791 in file classes/db/Db.php
*ERROR* 	2018/12/12 - 10:08:43: Table 'pegaz_sklep.ps_layered_friendly_url' doesn't exist<br /><br /><pre>SELECT data FROM `ps_layered_friendly_url` WHERE `url_key` = 'f4b5fdaf5b622b4d38cb1278803eaa6c' LIMIT 1</pre> at line 791 in file classes/db/Db.php
*ERROR* 	2018/12/12 - 10:18:57: Table 'pegaz_sklep.ps_layered_friendly_url' doesn't exist<br /><br /><pre>SELECT data FROM `ps_layered_friendly_url` WHERE `url_key` = 'faec6aadaeddb6d1863de21bd6003b55' LIMIT 1</pre> at line 791 in file classes/db/Db.php
*ERROR* 	2018/12/12 - 10:26:35: Table 'pegaz_sklep.ps_layered_friendly_url' doesn't exist<br /><br /><pre>SELECT data FROM `ps_layered_friendly_url` WHERE `url_key` = 'faec6aadaeddb6d1863de21bd6003b55' LIMIT 1</pre> at line 791 in file classes/db/Db.php
*ERROR* 	2018/12/12 - 10:27:32: Table 'pegaz_sklep.ps_layered_friendly_url' doesn't exist<br /><br /><pre>SELECT data FROM `ps_layered_friendly_url` WHERE `url_key` = 'f4b5fdaf5b622b4d38cb1278803eaa6c' LIMIT 1</pre> at line 791 in file classes/db/Db.php
*ERROR* 	2018/12/12 - 10:27:34: Table 'pegaz_sklep.ps_layered_friendly_url' doesn't exist<br /><br /><pre>SELECT data FROM `ps_layered_friendly_url` WHERE `url_key` = 'f4b5fdaf5b622b4d38cb1278803eaa6c' LIMIT 1</pre> at line 791 in file classes/db/Db.php
*ERROR* 	2018/12/12 - 10:27:43: Table 'pegaz_sklep.ps_layered_friendly_url' doesn't exist<br /><br /><pre>SELECT data FROM `ps_layered_friendly_url` WHERE `url_key` = 'f4b5fdaf5b622b4d38cb1278803eaa6c' LIMIT 1</pre> at line 791 in file classes/db/Db.php
*ERROR* 	2018/12/12 - 10:27:50: Table 'pegaz_sklep.ps_layered_friendly_url' doesn't exist<br /><br /><pre>SELECT data FROM `ps_layered_friendly_url` WHERE `url_key` = 'faec6aadaeddb6d1863de21bd6003b55' LIMIT 1</pre> at line 791 in file classes/db/Db.php
*ERROR* 	2018/12/12 - 10:31:15: Table 'pegaz_sklep.ps_layered_friendly_url' doesn't exist<br /><br /><pre>SELECT data FROM `ps_layered_friendly_url` WHERE `url_key` = 'f4b5fdaf5b622b4d38cb1278803eaa6c' LIMIT 1</pre> at line 791 in file classes/db/Db.php
*ERROR* 	2018/12/12 - 10:31:25: Table 'pegaz_sklep.ps_layered_friendly_url' doesn't exist<br /><br /><pre>SELECT data FROM `ps_layered_friendly_url` WHERE `url_key` = 'faec6aadaeddb6d1863de21bd6003b55' LIMIT 1</pre> at line 791 in file classes/db/Db.php
*ERROR* 	2018/12/12 - 10:36:04: Table 'pegaz_sklep.ps_layered_friendly_url' doesn't exist<br /><br /><pre>SELECT data FROM `ps_layered_friendly_url` WHERE `url_key` = 'df936b3f8bff36a647c806513c271e75' LIMIT 1</pre> at line 791 in file classes/db/Db.php
*ERROR* 	2018/12/12 - 10:37:24: Table 'pegaz_sklep.ps_layered_friendly_url' doesn't exist<br /><br /><pre>SELECT data FROM `ps_layered_friendly_url` WHERE `url_key` = 'faec6aadaeddb6d1863de21bd6003b55' LIMIT 1</pre> at line 791 in file classes/db/Db.php
*ERROR* 	2018/12/12 - 10:37:28: Table 'pegaz_sklep.ps_layered_friendly_url' doesn't exist<br /><br /><pre>SELECT data FROM `ps_layered_friendly_url` WHERE `url_key` = 'f4b5fdaf5b622b4d38cb1278803eaa6c' LIMIT 1</pre> at line 791 in file classes/db/Db.php
*ERROR* 	2018/12/12 - 10:38:51: Table 'pegaz_sklep.ps_layered_friendly_url' doesn't exist<br /><br /><pre>SELECT data FROM `ps_layered_friendly_url` WHERE `url_key` = 'f4b5fdaf5b622b4d38cb1278803eaa6c' LIMIT 1</pre> at line 791 in file classes/db/Db.php
*ERROR* 	2018/12/12 - 10:39:06: Table 'pegaz_sklep.ps_layered_friendly_url' doesn't exist<br /><br /><pre>SELECT data FROM `ps_layered_friendly_url` WHERE `url_key` = 'f4b5fdaf5b622b4d38cb1278803eaa6c' LIMIT 1</pre> at line 791 in file classes/db/Db.php
*ERROR* 	2018/12/12 - 10:42:19: Table 'pegaz_sklep.ps_layered_friendly_url' doesn't exist<br /><br /><pre>SELECT data FROM `ps_layered_friendly_url` WHERE `url_key` = 'faec6aadaeddb6d1863de21bd6003b55' LIMIT 1</pre> at line 791 in file classes/db/Db.php
*ERROR* 	2018/12/12 - 10:45:33: Table 'pegaz_sklep.ps_layered_friendly_url' doesn't exist<br /><br /><pre>SELECT data FROM `ps_layered_friendly_url` WHERE `url_key` = 'f4b5fdaf5b622b4d38cb1278803eaa6c' LIMIT 1</pre> at line 791 in file classes/db/Db.php
*ERROR* 	2018/12/12 - 10:47:46: Table 'pegaz_sklep.ps_layered_friendly_url' doesn't exist<br /><br /><pre>SELECT data FROM `ps_layered_friendly_url` WHERE `url_key` = 'f4b5fdaf5b622b4d38cb1278803eaa6c' LIMIT 1</pre> at line 791 in file classes/db/Db.php
*ERROR* 	2018/12/12 - 10:48:54: Table 'pegaz_sklep.ps_layered_friendly_url' doesn't exist<br /><br /><pre>SELECT data FROM `ps_layered_friendly_url` WHERE `url_key` = 'faec6aadaeddb6d1863de21bd6003b55' LIMIT 1</pre> at line 791 in file classes/db/Db.php
*ERROR* 	2018/12/12 - 10:52:22: Table 'pegaz_sklep.ps_layered_friendly_url' doesn't exist<br /><br /><pre>SELECT data FROM `ps_layered_friendly_url` WHERE `url_key` = 'faec6aadaeddb6d1863de21bd6003b55' LIMIT 1</pre> at line 791 in file classes/db/Db.php
*ERROR* 	2018/12/12 - 10:57:52: Table 'pegaz_sklep.ps_layered_friendly_url' doesn't exist<br /><br /><pre>SELECT data FROM `ps_layered_friendly_url` WHERE `url_key` = 'faec6aadaeddb6d1863de21bd6003b55' LIMIT 1</pre> at line 791 in file classes/db/Db.php
*ERROR* 	2018/12/12 - 10:57:55: Table 'pegaz_sklep.ps_layered_friendly_url' doesn't exist<br /><br /><pre>SELECT data FROM `ps_layered_friendly_url` WHERE `url_key` = 'faec6aadaeddb6d1863de21bd6003b55' LIMIT 1</pre> at line 791 in file classes/db/Db.php
*ERROR* 	2018/12/12 - 10:57:57: Table 'pegaz_sklep.ps_layered_friendly_url' doesn't exist<br /><br /><pre>SELECT data FROM `ps_layered_friendly_url` WHERE `url_key` = 'faec6aadaeddb6d1863de21bd6003b55' LIMIT 1</pre> at line 791 in file classes/db/Db.php
*ERROR* 	2018/12/12 - 10:57:57: Table 'pegaz_sklep.ps_layered_friendly_url' doesn't exist<br /><br /><pre>SELECT data FROM `ps_layered_friendly_url` WHERE `url_key` = 'f4b5fdaf5b622b4d38cb1278803eaa6c' LIMIT 1</pre> at line 791 in file classes/db/Db.php
*ERROR* 	2018/12/12 - 10:57:58: Table 'pegaz_sklep.ps_layered_friendly_url' doesn't exist<br /><br /><pre>SELECT data FROM `ps_layered_friendly_url` WHERE `url_key` = 'faec6aadaeddb6d1863de21bd6003b55' LIMIT 1</pre> at line 791 in file classes/db/Db.php
*ERROR* 	2018/12/12 - 10:59:00: Table 'pegaz_sklep.ps_layered_friendly_url' doesn't exist<br /><br /><pre>SELECT data FROM `ps_layered_friendly_url` WHERE `url_key` = 'f4b5fdaf5b622b4d38cb1278803eaa6c' LIMIT 1</pre> at line 791 in file classes/db/Db.php
*ERROR* 	2018/12/12 - 10:59:24: Table 'pegaz_sklep.ps_layered_friendly_url' doesn't exist<br /><br /><pre>SELECT data FROM `ps_layered_friendly_url` WHERE `url_key` = 'faec6aadaeddb6d1863de21bd6003b55' LIMIT 1</pre> at line 791 in file classes/db/Db.php
*ERROR* 	2018/12/12 - 10:59:26: Table 'pegaz_sklep.ps_layered_friendly_url' doesn't exist<br /><br /><pre>SELECT data FROM `ps_layered_friendly_url` WHERE `url_key` = 'faec6aadaeddb6d1863de21bd6003b55' LIMIT 1</pre> at line 791 in file classes/db/Db.php
*ERROR* 	2018/12/12 - 10:59:28: Table 'pegaz_sklep.ps_layered_friendly_url' doesn't exist<br /><br /><pre>SELECT data FROM `ps_layered_friendly_url` WHERE `url_key` = 'faec6aadaeddb6d1863de21bd6003b55' LIMIT 1</pre> at line 791 in file classes/db/Db.php
*ERROR* 	2018/12/12 - 11:00:34: Table 'pegaz_sklep.ps_layered_friendly_url' doesn't exist<br /><br /><pre>SELECT data FROM `ps_layered_friendly_url` WHERE `url_key` = 'faec6aadaeddb6d1863de21bd6003b55' LIMIT 1</pre> at line 791 in file classes/db/Db.php
*ERROR* 	2018/12/12 - 11:00:42: Table 'pegaz_sklep.ps_layered_friendly_url' doesn't exist<br /><br /><pre>SELECT data FROM `ps_layered_friendly_url` WHERE `url_key` = 'faec6aadaeddb6d1863de21bd6003b55' LIMIT 1</pre> at line 791 in file classes/db/Db.php
*ERROR* 	2018/12/12 - 11:01:31: Table 'pegaz_sklep.ps_layered_friendly_url' doesn't exist<br /><br /><pre>SELECT data FROM `ps_layered_friendly_url` WHERE `url_key` = 'f4b5fdaf5b622b4d38cb1278803eaa6c' LIMIT 1</pre> at line 791 in file classes/db/Db.php
*ERROR* 	2018/12/12 - 11:01:38: Table 'pegaz_sklep.ps_layered_friendly_url' doesn't exist<br /><br /><pre>SELECT data FROM `ps_layered_friendly_url` WHERE `url_key` = 'f4b5fdaf5b622b4d38cb1278803eaa6c' LIMIT 1</pre> at line 791 in file classes/db/Db.php
*ERROR* 	2018/12/12 - 11:02:30: Table 'pegaz_sklep.ps_layered_friendly_url' doesn't exist<br /><br /><pre>SELECT data FROM `ps_layered_friendly_url` WHERE `url_key` = 'f4b5fdaf5b622b4d38cb1278803eaa6c' LIMIT 1</pre> at line 791 in file classes/db/Db.php
*ERROR* 	2018/12/12 - 11:03:32: Table 'pegaz_sklep.ps_layered_friendly_url' doesn't exist<br /><br /><pre>SELECT data FROM `ps_layered_friendly_url` WHERE `url_key` = 'f4b5fdaf5b622b4d38cb1278803eaa6c' LIMIT 1</pre> at line 791 in file classes/db/Db.php
*ERROR* 	2018/12/12 - 11:03:36: Table 'pegaz_sklep.ps_layered_friendly_url' doesn't exist<br /><br /><pre>SELECT data FROM `ps_layered_friendly_url` WHERE `url_key` = 'f4b5fdaf5b622b4d38cb1278803eaa6c' LIMIT 1</pre> at line 791 in file classes/db/Db.php
*ERROR* 	2018/12/12 - 11:03:38: Table 'pegaz_sklep.ps_layered_friendly_url' doesn't exist<br /><br /><pre>SELECT data FROM `ps_layered_friendly_url` WHERE `url_key` = 'f4b5fdaf5b622b4d38cb1278803eaa6c' LIMIT 1</pre> at line 791 in file classes/db/Db.php
*ERROR* 	2018/12/12 - 11:04:33: Table 'pegaz_sklep.ps_layered_friendly_url' doesn't exist<br /><br /><pre>SELECT data FROM `ps_layered_friendly_url` WHERE `url_key` = 'faec6aadaeddb6d1863de21bd6003b55' LIMIT 1</pre> at line 791 in file classes/db/Db.php
*ERROR* 	2018/12/12 - 11:04:33: Table 'pegaz_sklep.ps_layered_friendly_url' doesn't exist<br /><br /><pre>SELECT data FROM `ps_layered_friendly_url` WHERE `url_key` = 'faec6aadaeddb6d1863de21bd6003b55' LIMIT 1</pre> at line 791 in file classes/db/Db.php
*ERROR* 	2018/12/12 - 11:04:35: Table 'pegaz_sklep.ps_layered_friendly_url' doesn't exist<br /><br /><pre>SELECT data FROM `ps_layered_friendly_url` WHERE `url_key` = 'faec6aadaeddb6d1863de21bd6003b55' LIMIT 1</pre> at line 791 in file classes/db/Db.php
*ERROR* 	2018/12/12 - 11:04:47: Table 'pegaz_sklep.ps_layered_friendly_url' doesn't exist<br /><br /><pre>SELECT data FROM `ps_layered_friendly_url` WHERE `url_key` = 'faec6aadaeddb6d1863de21bd6003b55' LIMIT 1</pre> at line 791 in file classes/db/Db.php
*ERROR* 	2018/12/12 - 11:06:48: Table 'pegaz_sklep.ps_layered_friendly_url' doesn't exist<br /><br /><pre>SELECT data FROM `ps_layered_friendly_url` WHERE `url_key` = '6eb7ed9358a26e4680e198c3f035d034' LIMIT 1</pre> at line 791 in file classes/db/Db.php
*ERROR* 	2018/12/12 - 11:07:57: Table 'pegaz_sklep.ps_layered_category' doesn't exist<br /><br /><pre>
			SELECT type, id_value, filter_show_limit, filter_type FROM ps_layered_category
			WHERE id_category = 1331
				AND id_shop = 1
			GROUP BY `type`, id_value ORDER BY position ASC</pre> at line 791 in file classes/db/Db.php
*ERROR* 	2018/12/12 - 11:11:21: Table 'pegaz_sklep.ps_layered_friendly_url' doesn't exist<br /><br /><pre>SELECT data FROM `ps_layered_friendly_url` WHERE `url_key` = 'f4b5fdaf5b622b4d38cb1278803eaa6c' LIMIT 1</pre> at line 791 in file classes/db/Db.php
*ERROR* 	2018/12/12 - 11:11:35: Table 'pegaz_sklep.ps_layered_category' doesn't exist<br /><br /><pre>
			SELECT type, id_value, filter_show_limit, filter_type FROM ps_layered_category
			WHERE id_category = 1331
				AND id_shop = 1
			GROUP BY `type`, id_value ORDER BY position ASC</pre> at line 791 in file classes/db/Db.php
*ERROR* 	2018/12/12 - 11:13:41: Table 'pegaz_sklep.ps_layered_category' doesn't exist<br /><br /><pre>
			SELECT type, id_value, filter_show_limit, filter_type FROM ps_layered_category
			WHERE id_category = 1356
				AND id_shop = 1
			GROUP BY `type`, id_value ORDER BY position ASC</pre> at line 791 in file classes/db/Db.php
*ERROR* 	2018/12/12 - 11:15:26: Table 'pegaz_sklep.ps_layered_category' doesn't exist<br /><br /><pre>
			SELECT type, id_value, filter_show_limit, filter_type FROM ps_layered_category
			WHERE id_category = 1312
				AND id_shop = 1
			GROUP BY `type`, id_value ORDER BY position ASC</pre> at line 791 in file classes/db/Db.php
*ERROR* 	2018/12/12 - 11:15:34: Table 'pegaz_sklep.ps_layered_friendly_url' doesn't exist<br /><br /><pre>SELECT data FROM `ps_layered_friendly_url` WHERE `url_key` = 'df936b3f8bff36a647c806513c271e75' LIMIT 1</pre> at line 791 in file classes/db/Db.php
*ERROR* 	2018/12/12 - 11:15:53: Table 'pegaz_sklep.ps_layered_friendly_url' doesn't exist<br /><br /><pre>SELECT data FROM `ps_layered_friendly_url` WHERE `url_key` = 'f4b5fdaf5b622b4d38cb1278803eaa6c' LIMIT 1</pre> at line 791 in file classes/db/Db.php
*ERROR* 	2018/12/12 - 11:15:57: Table 'pegaz_sklep.ps_layered_friendly_url' doesn't exist<br /><br /><pre>SELECT data FROM `ps_layered_friendly_url` WHERE `url_key` = '6eb7ed9358a26e4680e198c3f035d034' LIMIT 1</pre> at line 791 in file classes/db/Db.php
*ERROR* 	2018/12/12 - 11:16:18: Table 'pegaz_sklep.ps_layered_friendly_url' doesn't exist<br /><br /><pre>SELECT data FROM `ps_layered_friendly_url` WHERE `url_key` = 'f4b5fdaf5b622b4d38cb1278803eaa6c' LIMIT 1</pre> at line 791 in file classes/db/Db.php
*ERROR* 	2018/12/12 - 11:16:19: Table 'pegaz_sklep.ps_layered_friendly_url' doesn't exist<br /><br /><pre>SELECT data FROM `ps_layered_friendly_url` WHERE `url_key` = 'f4b5fdaf5b622b4d38cb1278803eaa6c' LIMIT 1</pre> at line 791 in file classes/db/Db.php
*ERROR* 	2018/12/12 - 11:16:20: Table 'pegaz_sklep.ps_layered_friendly_url' doesn't exist<br /><br /><pre>SELECT data FROM `ps_layered_friendly_url` WHERE `url_key` = 'f4b5fdaf5b622b4d38cb1278803eaa6c' LIMIT 1</pre> at line 791 in file classes/db/Db.php
*ERROR* 	2018/12/12 - 23:37:48: Table 'pegaz_sklep.ps_layered_friendly_url' doesn't exist<br /><br /><pre>SELECT data FROM `ps_layered_friendly_url` WHERE `url_key` = 'f4b5fdaf5b622b4d38cb1278803eaa6c' LIMIT 1</pre> at line 791 in file classes/db/Db.php
*ERROR* 	2018/12/12 - 23:37:53: Table 'pegaz_sklep.ps_layered_friendly_url' doesn't exist<br /><br /><pre>SELECT data FROM `ps_layered_friendly_url` WHERE `url_key` = 'f4b5fdaf5b622b4d38cb1278803eaa6c' LIMIT 1</pre> at line 791 in file classes/db/Db.php
*ERROR* 	2018/12/12 - 23:38:00: Table 'pegaz_sklep.ps_layered_friendly_url' doesn't exist<br /><br /><pre>SELECT data FROM `ps_layered_friendly_url` WHERE `url_key` = 'f4b5fdaf5b622b4d38cb1278803eaa6c' LIMIT 1</pre> at line 791 in file classes/db/Db.php
*ERROR* 	2018/12/12 - 23:38:48: Table 'pegaz_sklep.ps_layered_friendly_url' doesn't exist<br /><br /><pre>SELECT data FROM `ps_layered_friendly_url` WHERE `url_key` = 'f4b5fdaf5b622b4d38cb1278803eaa6c' LIMIT 1</pre> at line 791 in file classes/db/Db.php
*ERROR* 	2018/12/12 - 23:43:49: Table 'pegaz_sklep.ps_layered_friendly_url' doesn't exist<br /><br /><pre>SELECT data FROM `ps_layered_friendly_url` WHERE `url_key` = 'faec6aadaeddb6d1863de21bd6003b55' LIMIT 1</pre> at line 791 in file classes/db/Db.php
*ERROR* 	2018/12/12 - 23:43:55: Table 'pegaz_sklep.ps_layered_friendly_url' doesn't exist<br /><br /><pre>SELECT data FROM `ps_layered_friendly_url` WHERE `url_key` = 'faec6aadaeddb6d1863de21bd6003b55' LIMIT 1</pre> at line 791 in file classes/db/Db.php
*ERROR* 	2018/12/12 - 23:44:08: Table 'pegaz_sklep.ps_layered_friendly_url' doesn't exist<br /><br /><pre>SELECT data FROM `ps_layered_friendly_url` WHERE `url_key` = 'faec6aadaeddb6d1863de21bd6003b55' LIMIT 1</pre> at line 791 in file classes/db/Db.php
*ERROR* 	2018/12/12 - 23:45:10: Table 'pegaz_sklep.ps_layered_friendly_url' doesn't exist<br /><br /><pre>SELECT data FROM `ps_layered_friendly_url` WHERE `url_key` = 'f4b5fdaf5b622b4d38cb1278803eaa6c' LIMIT 1</pre> at line 791 in file classes/db/Db.php
*ERROR* 	2018/12/12 - 23:45:16: Table 'pegaz_sklep.ps_layered_friendly_url' doesn't exist<br /><br /><pre>SELECT data FROM `ps_layered_friendly_url` WHERE `url_key` = 'f4b5fdaf5b622b4d38cb1278803eaa6c' LIMIT 1</pre> at line 791 in file classes/db/Db.php
*ERROR* 	2018/12/12 - 23:47:53: Table 'pegaz_sklep.ps_layered_friendly_url' doesn't exist<br /><br /><pre>SELECT data FROM `ps_layered_friendly_url` WHERE `url_key` = 'f4b5fdaf5b622b4d38cb1278803eaa6c' LIMIT 1</pre> at line 791 in file classes/db/Db.php
*ERROR* 	2018/12/12 - 23:53:05: Table 'pegaz_sklep.ps_layered_friendly_url' doesn't exist<br /><br /><pre>SELECT data FROM `ps_layered_friendly_url` WHERE `url_key` = 'f4b5fdaf5b622b4d38cb1278803eaa6c' LIMIT 1</pre> at line 791 in file classes/db/Db.php
*ERROR* 	2018/12/12 - 23:53:08: Table 'pegaz_sklep.ps_layered_friendly_url' doesn't exist<br /><br /><pre>SELECT data FROM `ps_layered_friendly_url` WHERE `url_key` = 'f4b5fdaf5b622b4d38cb1278803eaa6c' LIMIT 1</pre> at line 791 in file classes/db/Db.php
*ERROR* 	2018/12/12 - 23:54:14: Table 'pegaz_sklep.ps_layered_friendly_url' doesn't exist<br /><br /><pre>SELECT data FROM `ps_layered_friendly_url` WHERE `url_key` = 'f4b5fdaf5b622b4d38cb1278803eaa6c' LIMIT 1</pre> at line 791 in file classes/db/Db.php
