*ERROR* 	2024/11/12 - 10:51:48: Property Address->address2 is empty at line 917 in file classes/ObjectModel.php
*ERROR* 	2024/11/12 - 10:51:55: Property Address->address2 is empty at line 917 in file classes/ObjectModel.php
*ERROR* 	2024/11/12 - 10:52:16: Property Address->address2 is empty at line 917 in file classes/ObjectModel.php
*ERROR* 	2024/11/12 - 10:52:28: Property Address->address2 is empty at line 917 in file classes/ObjectModel.php
*ERROR* 	2024/11/12 - 10:53:07: Property Address->address2 is empty at line 917 in file classes/ObjectModel.php
*ERROR* 	2024/11/12 - 10:55:04: Property Address->address2 is empty at line 917 in file classes/ObjectModel.php
*ERROR* 	2024/11/12 - 11:05:02: Property Address->address2 is empty at line 917 in file classes/ObjectModel.php
*ERROR* 	2024/11/12 - 11:11:25: Property Address->address2 is empty at line 917 in file classes/ObjectModel.php
*ERROR* 	2024/11/12 - 11:12:57: Property Address->address2 is empty at line 917 in file classes/ObjectModel.php
*ERROR* 	2024/11/12 - 19:31:31: Link to database cannot be established:SQLSTATE[HY000] [1203] User parkur_pegazshop already has more than 'max_user_connections' active connections at line 102 in file classes/db/DbPDO.php
*ERROR* 	2024/11/12 - 19:31:31: Link to database cannot be established:SQLSTATE[HY000] [1203] User parkur_pegazshop already has more than 'max_user_connections' active connections at line 102 in file classes/db/DbPDO.php
*ERROR* 	2024/11/12 - 19:31:31: Link to database cannot be established:SQLSTATE[HY000] [1203] User parkur_pegazshop already has more than 'max_user_connections' active connections at line 102 in file classes/db/DbPDO.php
*ERROR* 	2024/11/12 - 19:31:31: Link to database cannot be established:SQLSTATE[HY000] [1203] User parkur_pegazshop already has more than 'max_user_connections' active connections at line 102 in file classes/db/DbPDO.php
*ERROR* 	2024/11/12 - 19:31:31: Link to database cannot be established:SQLSTATE[HY000] [1203] User parkur_pegazshop already has more than 'max_user_connections' active connections at line 102 in file classes/db/DbPDO.php
*ERROR* 	2024/11/12 - 19:31:31: Link to database cannot be established:SQLSTATE[HY000] [1203] User parkur_pegazshop already has more than 'max_user_connections' active connections at line 102 in file classes/db/DbPDO.php
*ERROR* 	2024/11/12 - 19:31:31: Link to database cannot be established:SQLSTATE[HY000] [1203] User parkur_pegazshop already has more than 'max_user_connections' active connections at line 102 in file classes/db/DbPDO.php
*ERROR* 	2024/11/12 - 19:31:31: Link to database cannot be established:SQLSTATE[HY000] [1203] User parkur_pegazshop already has more than 'max_user_connections' active connections at line 102 in file classes/db/DbPDO.php
*ERROR* 	2024/11/12 - 19:31:31: Link to database cannot be established:SQLSTATE[HY000] [1203] User parkur_pegazshop already has more than 'max_user_connections' active connections at line 102 in file classes/db/DbPDO.php
*ERROR* 	2024/11/12 - 19:31:32: Link to database cannot be established:SQLSTATE[HY000] [1203] User parkur_pegazshop already has more than 'max_user_connections' active connections at line 102 in file classes/db/DbPDO.php
*ERROR* 	2024/11/12 - 19:31:32: Link to database cannot be established:SQLSTATE[HY000] [1203] User parkur_pegazshop already has more than 'max_user_connections' active connections at line 102 in file classes/db/DbPDO.php
*ERROR* 	2024/11/12 - 19:31:32: Link to database cannot be established:SQLSTATE[HY000] [1203] User parkur_pegazshop already has more than 'max_user_connections' active connections at line 102 in file classes/db/DbPDO.php
*ERROR* 	2024/11/12 - 19:31:32: Link to database cannot be established:SQLSTATE[HY000] [1203] User parkur_pegazshop already has more than 'max_user_connections' active connections at line 102 in file classes/db/DbPDO.php
*ERROR* 	2024/11/12 - 19:31:32: Link to database cannot be established:SQLSTATE[HY000] [1203] User parkur_pegazshop already has more than 'max_user_connections' active connections at line 102 in file classes/db/DbPDO.php
*ERROR* 	2024/11/12 - 19:31:32: Link to database cannot be established:SQLSTATE[HY000] [1203] User parkur_pegazshop already has more than 'max_user_connections' active connections at line 102 in file classes/db/DbPDO.php
*ERROR* 	2024/11/12 - 19:31:32: Link to database cannot be established:SQLSTATE[HY000] [1203] User parkur_pegazshop already has more than 'max_user_connections' active connections at line 102 in file classes/db/DbPDO.php
*ERROR* 	2024/11/12 - 19:31:32: Link to database cannot be established:SQLSTATE[HY000] [1203] User parkur_pegazshop already has more than 'max_user_connections' active connections at line 102 in file classes/db/DbPDO.php
*ERROR* 	2024/11/12 - 19:31:32: Link to database cannot be established:SQLSTATE[HY000] [1203] User parkur_pegazshop already has more than 'max_user_connections' active connections at line 102 in file classes/db/DbPDO.php
*ERROR* 	2024/11/12 - 19:31:32: Link to database cannot be established:SQLSTATE[HY000] [1203] User parkur_pegazshop already has more than 'max_user_connections' active connections at line 102 in file classes/db/DbPDO.php
*ERROR* 	2024/11/12 - 19:31:32: Link to database cannot be established:SQLSTATE[HY000] [1203] User parkur_pegazshop already has more than 'max_user_connections' active connections at line 102 in file classes/db/DbPDO.php
*ERROR* 	2024/11/12 - 19:31:32: Link to database cannot be established:SQLSTATE[HY000] [1203] User parkur_pegazshop already has more than 'max_user_connections' active connections at line 102 in file classes/db/DbPDO.php
*ERROR* 	2024/11/12 - 19:31:32: Link to database cannot be established:SQLSTATE[HY000] [1203] User parkur_pegazshop already has more than 'max_user_connections' active connections at line 102 in file classes/db/DbPDO.php
*ERROR* 	2024/11/12 - 19:31:32: Link to database cannot be established:SQLSTATE[HY000] [1203] User parkur_pegazshop already has more than 'max_user_connections' active connections at line 102 in file classes/db/DbPDO.php
*ERROR* 	2024/11/12 - 19:31:32: Link to database cannot be established:SQLSTATE[HY000] [1203] User parkur_pegazshop already has more than 'max_user_connections' active connections at line 102 in file classes/db/DbPDO.php
*ERROR* 	2024/11/12 - 19:31:32: Link to database cannot be established:SQLSTATE[HY000] [1203] User parkur_pegazshop already has more than 'max_user_connections' active connections at line 102 in file classes/db/DbPDO.php
*ERROR* 	2024/11/12 - 19:31:32: Link to database cannot be established:SQLSTATE[HY000] [1203] User parkur_pegazshop already has more than 'max_user_connections' active connections at line 102 in file classes/db/DbPDO.php
*ERROR* 	2024/11/12 - 19:31:32: Link to database cannot be established:SQLSTATE[HY000] [1203] User parkur_pegazshop already has more than 'max_user_connections' active connections at line 102 in file classes/db/DbPDO.php
*ERROR* 	2024/11/12 - 19:31:32: Link to database cannot be established:SQLSTATE[HY000] [1203] User parkur_pegazshop already has more than 'max_user_connections' active connections at line 102 in file classes/db/DbPDO.php
*ERROR* 	2024/11/12 - 19:31:32: Link to database cannot be established:SQLSTATE[HY000] [1203] User parkur_pegazshop already has more than 'max_user_connections' active connections at line 102 in file classes/db/DbPDO.php
*ERROR* 	2024/11/12 - 19:31:32: Link to database cannot be established:SQLSTATE[HY000] [1203] User parkur_pegazshop already has more than 'max_user_connections' active connections at line 102 in file classes/db/DbPDO.php
*ERROR* 	2024/11/12 - 19:31:32: Link to database cannot be established:SQLSTATE[HY000] [1203] User parkur_pegazshop already has more than 'max_user_connections' active connections at line 102 in file classes/db/DbPDO.php
*ERROR* 	2024/11/12 - 19:31:32: Link to database cannot be established:SQLSTATE[HY000] [1203] User parkur_pegazshop already has more than 'max_user_connections' active connections at line 102 in file classes/db/DbPDO.php
*ERROR* 	2024/11/12 - 19:31:32: Link to database cannot be established:SQLSTATE[HY000] [1203] User parkur_pegazshop already has more than 'max_user_connections' active connections at line 102 in file classes/db/DbPDO.php
*ERROR* 	2024/11/12 - 19:31:32: Link to database cannot be established:SQLSTATE[HY000] [1203] User parkur_pegazshop already has more than 'max_user_connections' active connections at line 102 in file classes/db/DbPDO.php
*ERROR* 	2024/11/12 - 19:31:32: Link to database cannot be established:SQLSTATE[HY000] [1203] User parkur_pegazshop already has more than 'max_user_connections' active connections at line 102 in file classes/db/DbPDO.php
*ERROR* 	2024/11/12 - 19:31:32: Link to database cannot be established:SQLSTATE[HY000] [1203] User parkur_pegazshop already has more than 'max_user_connections' active connections at line 102 in file classes/db/DbPDO.php
*ERROR* 	2024/11/12 - 19:31:32: Link to database cannot be established:SQLSTATE[HY000] [1203] User parkur_pegazshop already has more than 'max_user_connections' active connections at line 102 in file classes/db/DbPDO.php
*ERROR* 	2024/11/12 - 19:31:32: Link to database cannot be established:SQLSTATE[HY000] [1203] User parkur_pegazshop already has more than 'max_user_connections' active connections at line 102 in file classes/db/DbPDO.php
*ERROR* 	2024/11/12 - 19:31:32: Link to database cannot be established:SQLSTATE[HY000] [1203] User parkur_pegazshop already has more than 'max_user_connections' active connections at line 102 in file classes/db/DbPDO.php
*ERROR* 	2024/11/12 - 19:31:32: Link to database cannot be established:SQLSTATE[HY000] [1203] User parkur_pegazshop already has more than 'max_user_connections' active connections at line 102 in file classes/db/DbPDO.php
*ERROR* 	2024/11/12 - 19:31:32: Link to database cannot be established:SQLSTATE[HY000] [1203] User parkur_pegazshop already has more than 'max_user_connections' active connections at line 102 in file classes/db/DbPDO.php
*ERROR* 	2024/11/12 - 19:31:32: Link to database cannot be established:SQLSTATE[HY000] [1203] User parkur_pegazshop already has more than 'max_user_connections' active connections at line 102 in file classes/db/DbPDO.php
*ERROR* 	2024/11/12 - 19:31:32: Link to database cannot be established:SQLSTATE[HY000] [1203] User parkur_pegazshop already has more than 'max_user_connections' active connections at line 102 in file classes/db/DbPDO.php
*ERROR* 	2024/11/12 - 19:31:32: Link to database cannot be established:SQLSTATE[HY000] [1203] User parkur_pegazshop already has more than 'max_user_connections' active connections at line 102 in file classes/db/DbPDO.php
*ERROR* 	2024/11/12 - 19:31:32: Link to database cannot be established:SQLSTATE[HY000] [1203] User parkur_pegazshop already has more than 'max_user_connections' active connections at line 102 in file classes/db/DbPDO.php
*ERROR* 	2024/11/12 - 19:31:32: Link to database cannot be established:SQLSTATE[HY000] [1203] User parkur_pegazshop already has more than 'max_user_connections' active connections at line 102 in file classes/db/DbPDO.php
*ERROR* 	2024/11/12 - 19:31:32: Link to database cannot be established:SQLSTATE[HY000] [1203] User parkur_pegazshop already has more than 'max_user_connections' active connections at line 102 in file classes/db/DbPDO.php
*ERROR* 	2024/11/12 - 19:31:32: Link to database cannot be established:SQLSTATE[HY000] [1203] User parkur_pegazshop already has more than 'max_user_connections' active connections at line 102 in file classes/db/DbPDO.php
*ERROR* 	2024/11/12 - 19:31:32: Link to database cannot be established:SQLSTATE[HY000] [1203] User parkur_pegazshop already has more than 'max_user_connections' active connections at line 102 in file classes/db/DbPDO.php
*ERROR* 	2024/11/12 - 19:31:32: Link to database cannot be established:SQLSTATE[HY000] [1203] User parkur_pegazshop already has more than 'max_user_connections' active connections at line 102 in file classes/db/DbPDO.php
*ERROR* 	2024/11/12 - 19:31:32: Link to database cannot be established:SQLSTATE[HY000] [1203] User parkur_pegazshop already has more than 'max_user_connections' active connections at line 102 in file classes/db/DbPDO.php
*ERROR* 	2024/11/12 - 19:31:32: Link to database cannot be established:SQLSTATE[HY000] [1203] User parkur_pegazshop already has more than 'max_user_connections' active connections at line 102 in file classes/db/DbPDO.php
*ERROR* 	2024/11/12 - 19:31:32: Link to database cannot be established:SQLSTATE[HY000] [1203] User parkur_pegazshop already has more than 'max_user_connections' active connections at line 102 in file classes/db/DbPDO.php
*ERROR* 	2024/11/12 - 19:31:32: Link to database cannot be established:SQLSTATE[HY000] [1203] User parkur_pegazshop already has more than 'max_user_connections' active connections at line 102 in file classes/db/DbPDO.php
*ERROR* 	2024/11/12 - 19:31:32: Link to database cannot be established:SQLSTATE[HY000] [1203] User parkur_pegazshop already has more than 'max_user_connections' active connections at line 102 in file classes/db/DbPDO.php
*ERROR* 	2024/11/12 - 19:31:32: Link to database cannot be established:SQLSTATE[HY000] [1203] User parkur_pegazshop already has more than 'max_user_connections' active connections at line 102 in file classes/db/DbPDO.php
*ERROR* 	2024/11/12 - 19:31:32: Link to database cannot be established:SQLSTATE[HY000] [1203] User parkur_pegazshop already has more than 'max_user_connections' active connections at line 102 in file classes/db/DbPDO.php
*ERROR* 	2024/11/12 - 19:31:32: Link to database cannot be established:SQLSTATE[HY000] [1203] User parkur_pegazshop already has more than 'max_user_connections' active connections at line 102 in file classes/db/DbPDO.php
*ERROR* 	2024/11/12 - 19:31:32: Link to database cannot be established:SQLSTATE[HY000] [1203] User parkur_pegazshop already has more than 'max_user_connections' active connections at line 102 in file classes/db/DbPDO.php
*ERROR* 	2024/11/12 - 19:31:32: Link to database cannot be established:SQLSTATE[HY000] [1203] User parkur_pegazshop already has more than 'max_user_connections' active connections at line 102 in file classes/db/DbPDO.php
*ERROR* 	2024/11/12 - 19:31:32: Link to database cannot be established:SQLSTATE[HY000] [1203] User parkur_pegazshop already has more than 'max_user_connections' active connections at line 102 in file classes/db/DbPDO.php
*ERROR* 	2024/11/12 - 19:31:32: Link to database cannot be established:SQLSTATE[HY000] [1203] User parkur_pegazshop already has more than 'max_user_connections' active connections at line 102 in file classes/db/DbPDO.php
*ERROR* 	2024/11/12 - 19:31:33: Link to database cannot be established:SQLSTATE[HY000] [1203] User parkur_pegazshop already has more than 'max_user_connections' active connections at line 102 in file classes/db/DbPDO.php
*ERROR* 	2024/11/12 - 22:11:53: Link to database cannot be established:SQLSTATE[HY000] [2006] MySQL server has gone away at line 102 in file classes/db/DbPDO.php
*ERROR* 	2024/11/12 - 22:11:53: Link to database cannot be established:SQLSTATE[HY000] [2006] MySQL server has gone away at line 102 in file classes/db/DbPDO.php
*ERROR* 	2024/11/12 - 22:11:53: Link to database cannot be established:SQLSTATE[HY000] [2006] MySQL server has gone away at line 102 in file classes/db/DbPDO.php
*ERROR* 	2024/11/12 - 22:11:53: Link to database cannot be established:SQLSTATE[HY000] [2006] MySQL server has gone away at line 102 in file classes/db/DbPDO.php
*ERROR* 	2024/11/12 - 22:11:53: Link to database cannot be established:SQLSTATE[HY000] [2006] MySQL server has gone away at line 102 in file classes/db/DbPDO.php
*ERROR* 	2024/11/12 - 22:11:53: Link to database cannot be established:SQLSTATE[HY000] [2006] MySQL server has gone away at line 102 in file classes/db/DbPDO.php
*ERROR* 	2024/11/12 - 22:11:53: Link to database cannot be established:SQLSTATE[HY000] [2006] MySQL server has gone away at line 102 in file classes/db/DbPDO.php
*ERROR* 	2024/11/12 - 22:11:53: Link to database cannot be established:SQLSTATE[HY000] [2006] MySQL server has gone away at line 102 in file classes/db/DbPDO.php
*ERROR* 	2024/11/12 - 22:11:53: Link to database cannot be established:SQLSTATE[HY000] [2006] MySQL server has gone away at line 102 in file classes/db/DbPDO.php
*ERROR* 	2024/11/12 - 22:11:53: Link to database cannot be established:SQLSTATE[HY000] [2006] MySQL server has gone away at line 102 in file classes/db/DbPDO.php
*ERROR* 	2024/11/12 - 22:11:53: Link to database cannot be established:SQLSTATE[HY000] [2006] MySQL server has gone away at line 102 in file classes/db/DbPDO.php
*ERROR* 	2024/11/12 - 22:11:53: Link to database cannot be established:SQLSTATE[HY000] [2006] MySQL server has gone away at line 102 in file classes/db/DbPDO.php
*ERROR* 	2024/11/12 - 22:11:53: Link to database cannot be established:SQLSTATE[HY000] [2006] MySQL server has gone away at line 102 in file classes/db/DbPDO.php
*ERROR* 	2024/11/12 - 22:11:53: Link to database cannot be established:SQLSTATE[HY000] [2006] MySQL server has gone away at line 102 in file classes/db/DbPDO.php
*ERROR* 	2024/11/12 - 22:11:53: Link to database cannot be established:SQLSTATE[HY000] [2006] MySQL server has gone away at line 102 in file classes/db/DbPDO.php
*ERROR* 	2024/11/12 - 22:11:53: Link to database cannot be established:SQLSTATE[HY000] [2006] MySQL server has gone away at line 102 in file classes/db/DbPDO.php
*ERROR* 	2024/11/12 - 22:11:53: Link to database cannot be established:SQLSTATE[HY000] [2006] MySQL server has gone away at line 102 in file classes/db/DbPDO.php
*ERROR* 	2024/11/12 - 22:11:53: Link to database cannot be established:SQLSTATE[HY000] [2006] MySQL server has gone away at line 102 in file classes/db/DbPDO.php
*ERROR* 	2024/11/12 - 22:11:53: Link to database cannot be established:SQLSTATE[HY000] [2006] MySQL server has gone away at line 102 in file classes/db/DbPDO.php
*ERROR* 	2024/11/12 - 22:11:53: Link to database cannot be established:SQLSTATE[HY000] [2006] MySQL server has gone away at line 102 in file classes/db/DbPDO.php
*ERROR* 	2024/11/12 - 22:11:53: Link to database cannot be established:SQLSTATE[HY000] [2006] MySQL server has gone away at line 102 in file classes/db/DbPDO.php
*ERROR* 	2024/11/12 - 22:11:53: Link to database cannot be established:SQLSTATE[HY000] [2006] MySQL server has gone away at line 102 in file classes/db/DbPDO.php
*ERROR* 	2024/11/12 - 22:11:53: Link to database cannot be established:SQLSTATE[HY000] [2006] MySQL server has gone away at line 102 in file classes/db/DbPDO.php
*ERROR* 	2024/11/12 - 22:11:53: Link to database cannot be established:SQLSTATE[HY000] [2006] MySQL server has gone away at line 102 in file classes/db/DbPDO.php
*ERROR* 	2024/11/12 - 22:11:53: Link to database cannot be established:SQLSTATE[HY000] [2006] MySQL server has gone away at line 102 in file classes/db/DbPDO.php
*ERROR* 	2024/11/12 - 22:11:53: Link to database cannot be established:SQLSTATE[HY000] [2006] MySQL server has gone away at line 102 in file classes/db/DbPDO.php
*ERROR* 	2024/11/12 - 22:11:53: Link to database cannot be established:SQLSTATE[HY000] [2002] Connection refused at line 102 in file classes/db/DbPDO.php
*ERROR* 	2024/11/12 - 22:11:53: Link to database cannot be established:SQLSTATE[HY000] [2006] MySQL server has gone away at line 102 in file classes/db/DbPDO.php
*ERROR* 	2024/11/12 - 22:11:53: Link to database cannot be established:SQLSTATE[HY000] [2006] MySQL server has gone away at line 102 in file classes/db/DbPDO.php
*ERROR* 	2024/11/12 - 22:11:53: Link to database cannot be established:SQLSTATE[HY000] [2006] MySQL server has gone away at line 102 in file classes/db/DbPDO.php
*ERROR* 	2024/11/12 - 22:11:53: Link to database cannot be established:SQLSTATE[HY000] [2006] MySQL server has gone away at line 102 in file classes/db/DbPDO.php
*ERROR* 	2024/11/12 - 22:11:53: Link to database cannot be established:SQLSTATE[HY000] [2006] MySQL server has gone away at line 102 in file classes/db/DbPDO.php
*ERROR* 	2024/11/12 - 22:11:53: Link to database cannot be established:SQLSTATE[HY000] [2002] Connection refused at line 102 in file classes/db/DbPDO.php
*ERROR* 	2024/11/12 - 22:11:53: Link to database cannot be established:SQLSTATE[HY000] [2002] Resource temporarily unavailable at line 102 in file classes/db/DbPDO.php
*ERROR* 	2024/11/12 - 22:11:53: Link to database cannot be established:SQLSTATE[HY000] [2006] MySQL server has gone away at line 102 in file classes/db/DbPDO.php
*ERROR* 	2024/11/12 - 22:11:53: Link to database cannot be established:SQLSTATE[HY000] [2006] MySQL server has gone away at line 102 in file classes/db/DbPDO.php
*ERROR* 	2024/11/12 - 22:11:53: Link to database cannot be established:SQLSTATE[HY000] [2006] MySQL server has gone away at line 102 in file classes/db/DbPDO.php
*ERROR* 	2024/11/12 - 22:11:53: Link to database cannot be established:SQLSTATE[HY000] [2006] MySQL server has gone away at line 102 in file classes/db/DbPDO.php
*ERROR* 	2024/11/12 - 22:11:53: Link to database cannot be established:SQLSTATE[HY000] [2006] MySQL server has gone away at line 102 in file classes/db/DbPDO.php
*ERROR* 	2024/11/12 - 22:11:53: Link to database cannot be established:SQLSTATE[HY000] [2002] Connection refused at line 102 in file classes/db/DbPDO.php
*ERROR* 	2024/11/12 - 22:11:53: Link to database cannot be established:SQLSTATE[HY000] [2006] MySQL server has gone away at line 102 in file classes/db/DbPDO.php
*ERROR* 	2024/11/12 - 22:11:53: Link to database cannot be established:SQLSTATE[HY000] [2006] MySQL server has gone away at line 102 in file classes/db/DbPDO.php
*ERROR* 	2024/11/12 - 22:11:53: Link to database cannot be established:SQLSTATE[HY000] [2006] MySQL server has gone away at line 102 in file classes/db/DbPDO.php
*ERROR* 	2024/11/12 - 22:11:53: Link to database cannot be established:SQLSTATE[HY000] [2006] MySQL server has gone away at line 102 in file classes/db/DbPDO.php
*ERROR* 	2024/11/12 - 22:11:53: Link to database cannot be established:SQLSTATE[HY000] [2006] MySQL server has gone away at line 102 in file classes/db/DbPDO.php
*ERROR* 	2024/11/12 - 22:11:53: Link to database cannot be established:SQLSTATE[HY000] [2006] MySQL server has gone away at line 102 in file classes/db/DbPDO.php
*ERROR* 	2024/11/12 - 22:11:53: Link to database cannot be established:SQLSTATE[HY000] [2006] MySQL server has gone away at line 102 in file classes/db/DbPDO.php
*ERROR* 	2024/11/12 - 22:11:53: Link to database cannot be established:SQLSTATE[HY000] [2002] Connection refused at line 102 in file classes/db/DbPDO.php
*ERROR* 	2024/11/12 - 22:11:53: Link to database cannot be established:SQLSTATE[HY000] [2006] MySQL server has gone away at line 102 in file classes/db/DbPDO.php
*ERROR* 	2024/11/12 - 22:11:53: Link to database cannot be established:SQLSTATE[HY000] [2002] Connection refused at line 102 in file classes/db/DbPDO.php
*ERROR* 	2024/11/12 - 22:11:53: Link to database cannot be established:SQLSTATE[HY000] [2006] MySQL server has gone away at line 102 in file classes/db/DbPDO.php
*ERROR* 	2024/11/12 - 22:11:53: Link to database cannot be established:SQLSTATE[HY000] [2006] MySQL server has gone away at line 102 in file classes/db/DbPDO.php
*ERROR* 	2024/11/12 - 22:11:53: Link to database cannot be established:SQLSTATE[HY000] [2006] MySQL server has gone away at line 102 in file classes/db/DbPDO.php
*ERROR* 	2024/11/12 - 22:11:53: Link to database cannot be established:SQLSTATE[HY000] [2006] MySQL server has gone away at line 102 in file classes/db/DbPDO.php
*ERROR* 	2024/11/12 - 22:11:53: Link to database cannot be established:SQLSTATE[HY000] [2006] MySQL server has gone away at line 102 in file classes/db/DbPDO.php
*ERROR* 	2024/11/12 - 22:11:53: Link to database cannot be established:SQLSTATE[HY000] [2006] MySQL server has gone away at line 102 in file classes/db/DbPDO.php
*ERROR* 	2024/11/12 - 22:11:53: Link to database cannot be established:SQLSTATE[HY000] [2006] MySQL server has gone away at line 102 in file classes/db/DbPDO.php
*ERROR* 	2024/11/12 - 22:11:53: Link to database cannot be established:SQLSTATE[HY000] [2006] MySQL server has gone away at line 102 in file classes/db/DbPDO.php
*ERROR* 	2024/11/12 - 22:11:53: Link to database cannot be established:SQLSTATE[HY000] [2006] MySQL server has gone away at line 102 in file classes/db/DbPDO.php
*ERROR* 	2024/11/12 - 22:11:53: Link to database cannot be established:SQLSTATE[HY000] [2006] MySQL server has gone away at line 102 in file classes/db/DbPDO.php
*ERROR* 	2024/11/12 - 22:11:53: Link to database cannot be established:SQLSTATE[HY000] [2006] MySQL server has gone away at line 102 in file classes/db/DbPDO.php
*ERROR* 	2024/11/12 - 22:11:53: Link to database cannot be established:SQLSTATE[HY000] [2006] MySQL server has gone away at line 102 in file classes/db/DbPDO.php
*ERROR* 	2024/11/12 - 22:11:53: Link to database cannot be established:SQLSTATE[HY000] [2006] MySQL server has gone away at line 102 in file classes/db/DbPDO.php
*ERROR* 	2024/11/12 - 22:11:53: Link to database cannot be established:SQLSTATE[HY000] [2006] MySQL server has gone away at line 102 in file classes/db/DbPDO.php
*ERROR* 	2024/11/12 - 22:11:53: Link to database cannot be established:SQLSTATE[HY000] [2006] MySQL server has gone away at line 102 in file classes/db/DbPDO.php
*ERROR* 	2024/11/12 - 22:11:53: Link to database cannot be established:SQLSTATE[HY000] [2006] MySQL server has gone away at line 102 in file classes/db/DbPDO.php
*ERROR* 	2024/11/12 - 22:11:53: Link to database cannot be established:SQLSTATE[HY000] [2006] MySQL server has gone away at line 102 in file classes/db/DbPDO.php
*ERROR* 	2024/11/12 - 22:11:53: Link to database cannot be established:SQLSTATE[HY000] [2006] MySQL server has gone away at line 102 in file classes/db/DbPDO.php
*ERROR* 	2024/11/12 - 22:11:53: Link to database cannot be established:SQLSTATE[HY000] [2006] MySQL server has gone away at line 102 in file classes/db/DbPDO.php
*ERROR* 	2024/11/12 - 22:11:53: Link to database cannot be established:SQLSTATE[HY000] [2006] MySQL server has gone away at line 102 in file classes/db/DbPDO.php
*ERROR* 	2024/11/12 - 22:11:53: Link to database cannot be established:SQLSTATE[HY000] [2006] MySQL server has gone away at line 102 in file classes/db/DbPDO.php
*ERROR* 	2024/11/12 - 22:11:53: Link to database cannot be established:SQLSTATE[HY000] [2006] MySQL server has gone away at line 102 in file classes/db/DbPDO.php
*ERROR* 	2024/11/12 - 22:11:53: Link to database cannot be established:SQLSTATE[HY000] [2006] MySQL server has gone away at line 102 in file classes/db/DbPDO.php
*ERROR* 	2024/11/12 - 22:11:53: Link to database cannot be established:SQLSTATE[HY000] [2006] MySQL server has gone away at line 102 in file classes/db/DbPDO.php
*ERROR* 	2024/11/12 - 22:11:53: Link to database cannot be established:SQLSTATE[HY000] [2006] MySQL server has gone away at line 102 in file classes/db/DbPDO.php
*ERROR* 	2024/11/12 - 22:11:53: Link to database cannot be established:SQLSTATE[HY000] [2006] MySQL server has gone away at line 102 in file classes/db/DbPDO.php
*ERROR* 	2024/11/12 - 22:11:53: Link to database cannot be established:SQLSTATE[HY000] [2006] MySQL server has gone away at line 102 in file classes/db/DbPDO.php
*ERROR* 	2024/11/12 - 22:11:53: Link to database cannot be established:SQLSTATE[HY000] [2006] MySQL server has gone away at line 102 in file classes/db/DbPDO.php
*ERROR* 	2024/11/12 - 22:11:53: Link to database cannot be established:SQLSTATE[HY000] [2006] MySQL server has gone away at line 102 in file classes/db/DbPDO.php
*ERROR* 	2024/11/12 - 22:11:53: Link to database cannot be established:SQLSTATE[HY000] [2006] MySQL server has gone away at line 102 in file classes/db/DbPDO.php
*ERROR* 	2024/11/12 - 22:11:53: Link to database cannot be established:SQLSTATE[HY000] [2006] MySQL server has gone away at line 102 in file classes/db/DbPDO.php
*ERROR* 	2024/11/12 - 22:11:53: Link to database cannot be established:SQLSTATE[HY000] [2006] MySQL server has gone away at line 102 in file classes/db/DbPDO.php
*ERROR* 	2024/11/12 - 22:11:53: Link to database cannot be established:SQLSTATE[HY000] [2002] Resource temporarily unavailable at line 102 in file classes/db/DbPDO.php
*ERROR* 	2024/11/12 - 22:11:53: Link to database cannot be established:SQLSTATE[HY000] [2006] MySQL server has gone away at line 102 in file classes/db/DbPDO.php
*ERROR* 	2024/11/12 - 22:11:53: Link to database cannot be established:SQLSTATE[HY000] [2006] MySQL server has gone away at line 102 in file classes/db/DbPDO.php
*ERROR* 	2024/11/12 - 22:11:53: Link to database cannot be established:SQLSTATE[HY000] [2006] MySQL server has gone away at line 102 in file classes/db/DbPDO.php
*ERROR* 	2024/11/12 - 22:11:53: Link to database cannot be established:SQLSTATE[HY000] [2006] MySQL server has gone away at line 102 in file classes/db/DbPDO.php
*ERROR* 	2024/11/12 - 22:11:53: Link to database cannot be established:SQLSTATE[HY000] [2006] MySQL server has gone away at line 102 in file classes/db/DbPDO.php
*ERROR* 	2024/11/12 - 22:11:53: Link to database cannot be established:SQLSTATE[HY000] [2006] MySQL server has gone away at line 102 in file classes/db/DbPDO.php
*ERROR* 	2024/11/12 - 22:11:53: Link to database cannot be established:SQLSTATE[HY000] [2006] MySQL server has gone away at line 102 in file classes/db/DbPDO.php
*ERROR* 	2024/11/12 - 22:11:53: Link to database cannot be established:SQLSTATE[HY000] [2006] MySQL server has gone away at line 102 in file classes/db/DbPDO.php
*ERROR* 	2024/11/12 - 22:11:53: Link to database cannot be established:SQLSTATE[HY000] [2006] MySQL server has gone away at line 102 in file classes/db/DbPDO.php
*ERROR* 	2024/11/12 - 22:11:53: Link to database cannot be established:SQLSTATE[HY000] [2006] MySQL server has gone away at line 102 in file classes/db/DbPDO.php
*ERROR* 	2024/11/12 - 22:11:53: Link to database cannot be established:SQLSTATE[HY000] [2006] MySQL server has gone away at line 102 in file classes/db/DbPDO.php
*ERROR* 	2024/11/12 - 22:11:53: Link to database cannot be established:SQLSTATE[HY000] [2006] MySQL server has gone away at line 102 in file classes/db/DbPDO.php
*ERROR* 	2024/11/12 - 22:11:53: Link to database cannot be established:SQLSTATE[HY000] [2006] MySQL server has gone away at line 102 in file classes/db/DbPDO.php
*ERROR* 	2024/11/12 - 22:11:53: Link to database cannot be established:SQLSTATE[HY000] [2006] MySQL server has gone away at line 102 in file classes/db/DbPDO.php
*ERROR* 	2024/11/12 - 22:11:53: Link to database cannot be established:SQLSTATE[HY000] [2006] MySQL server has gone away at line 102 in file classes/db/DbPDO.php
*ERROR* 	2024/11/12 - 22:11:53: Link to database cannot be established:SQLSTATE[HY000] [2002] Resource temporarily unavailable at line 102 in file classes/db/DbPDO.php
*ERROR* 	2024/11/12 - 22:11:53: Link to database cannot be established:SQLSTATE[HY000] [2002] Connection refused at line 102 in file classes/db/DbPDO.php
*ERROR* 	2024/11/12 - 22:11:53: Link to database cannot be established:SQLSTATE[HY000] [2006] MySQL server has gone away at line 102 in file classes/db/DbPDO.php
*ERROR* 	2024/11/12 - 22:11:53: Link to database cannot be established:SQLSTATE[HY000] [2006] MySQL server has gone away at line 102 in file classes/db/DbPDO.php
*ERROR* 	2024/11/12 - 22:11:53: Link to database cannot be established:SQLSTATE[HY000] [2006] MySQL server has gone away at line 102 in file classes/db/DbPDO.php
*ERROR* 	2024/11/12 - 22:11:53: Link to database cannot be established:SQLSTATE[HY000] [2002] Connection refused at line 102 in file classes/db/DbPDO.php
*ERROR* 	2024/11/12 - 22:11:53: Link to database cannot be established:SQLSTATE[HY000] [2006] MySQL server has gone away at line 102 in file classes/db/DbPDO.php
*ERROR* 	2024/11/12 - 22:11:53: Link to database cannot be established:SQLSTATE[HY000] [2002] Connection refused at line 102 in file classes/db/DbPDO.php
*ERROR* 	2024/11/12 - 22:11:53: Link to database cannot be established:SQLSTATE[HY000] [2006] MySQL server has gone away at line 102 in file classes/db/DbPDO.php
*ERROR* 	2024/11/12 - 22:11:53: Link to database cannot be established:SQLSTATE[HY000] [2006] MySQL server has gone away at line 102 in file classes/db/DbPDO.php
*ERROR* 	2024/11/12 - 22:11:53: Link to database cannot be established:SQLSTATE[HY000] [2006] MySQL server has gone away at line 102 in file classes/db/DbPDO.php
*ERROR* 	2024/11/12 - 22:11:53: Link to database cannot be established:SQLSTATE[HY000] [2006] MySQL server has gone away at line 102 in file classes/db/DbPDO.php
*ERROR* 	2024/11/12 - 22:11:53: Link to database cannot be established:SQLSTATE[HY000] [2006] MySQL server has gone away at line 102 in file classes/db/DbPDO.php
*ERROR* 	2024/11/12 - 22:11:53: Link to database cannot be established:SQLSTATE[HY000] [2006] MySQL server has gone away at line 102 in file classes/db/DbPDO.php
*ERROR* 	2024/11/12 - 22:11:53: Link to database cannot be established:SQLSTATE[HY000] [2006] MySQL server has gone away at line 102 in file classes/db/DbPDO.php
*ERROR* 	2024/11/12 - 22:11:53: Link to database cannot be established:SQLSTATE[HY000] [2002] Connection refused at line 102 in file classes/db/DbPDO.php
*ERROR* 	2024/11/12 - 22:11:53: Link to database cannot be established:SQLSTATE[HY000] [2006] MySQL server has gone away at line 102 in file classes/db/DbPDO.php
*ERROR* 	2024/11/12 - 22:11:53: Link to database cannot be established:SQLSTATE[HY000] [2002] Connection refused at line 102 in file classes/db/DbPDO.php
*ERROR* 	2024/11/12 - 22:11:53: Link to database cannot be established:SQLSTATE[HY000] [2002] Connection refused at line 102 in file classes/db/DbPDO.php
*ERROR* 	2024/11/12 - 22:11:54: Link to database cannot be established:SQLSTATE[HY000] [2002] Connection refused at line 102 in file classes/db/DbPDO.php
*ERROR* 	2024/11/12 - 22:11:54: Link to database cannot be established:SQLSTATE[HY000] [2002] Connection refused at line 102 in file classes/db/DbPDO.php
*ERROR* 	2024/11/12 - 22:11:54: Link to database cannot be established:SQLSTATE[HY000] [2002] Connection refused at line 102 in file classes/db/DbPDO.php
*ERROR* 	2024/11/12 - 22:11:54: Link to database cannot be established:SQLSTATE[HY000] [2002] Connection refused at line 102 in file classes/db/DbPDO.php
*ERROR* 	2024/11/12 - 22:11:55: Link to database cannot be established:SQLSTATE[HY000] [2002] Connection refused at line 102 in file classes/db/DbPDO.php
*ERROR* 	2024/11/12 - 22:11:55: Link to database cannot be established:SQLSTATE[HY000] [2002] Connection refused at line 102 in file classes/db/DbPDO.php
*ERROR* 	2024/11/12 - 22:11:56: Link to database cannot be established:SQLSTATE[HY000] [2002] Connection refused at line 102 in file classes/db/DbPDO.php
*ERROR* 	2024/11/12 - 22:11:56: Link to database cannot be established:SQLSTATE[HY000] [2002] Connection refused at line 102 in file classes/db/DbPDO.php
*ERROR* 	2024/11/12 - 22:11:57: Link to database cannot be established:SQLSTATE[HY000] [2002] Connection refused at line 102 in file classes/db/DbPDO.php
*ERROR* 	2024/11/12 - 22:11:57: Link to database cannot be established:SQLSTATE[HY000] [2002] Connection refused at line 102 in file classes/db/DbPDO.php
*ERROR* 	2024/11/12 - 22:11:57: Link to database cannot be established:SQLSTATE[HY000] [2002] Connection refused at line 102 in file classes/db/DbPDO.php
*ERROR* 	2024/11/12 - 22:11:58: Link to database cannot be established:SQLSTATE[HY000] [2002] Connection refused at line 102 in file classes/db/DbPDO.php
*ERROR* 	2024/11/12 - 22:11:59: Link to database cannot be established:SQLSTATE[HY000] [2002] Connection refused at line 102 in file classes/db/DbPDO.php
*ERROR* 	2024/11/12 - 22:11:59: Link to database cannot be established:SQLSTATE[HY000] [2002] Connection refused at line 102 in file classes/db/DbPDO.php
*ERROR* 	2024/11/12 - 22:11:59: Link to database cannot be established:SQLSTATE[HY000] [2002] Connection refused at line 102 in file classes/db/DbPDO.php
*ERROR* 	2024/11/12 - 22:12:00: Link to database cannot be established:SQLSTATE[HY000] [2002] Connection refused at line 102 in file classes/db/DbPDO.php
*ERROR* 	2024/11/12 - 22:12:00: Link to database cannot be established:SQLSTATE[HY000] [2002] Connection refused at line 102 in file classes/db/DbPDO.php
