*ERROR* 	2024/11/07 - 18:37:56: Link to database cannot be established:SQLSTATE[HY000] [2006] MySQL server has gone away at line 102 in file classes/db/DbPDO.php
*ERROR* 	2024/11/07 - 18:37:56: Link to database cannot be established:SQLSTATE[HY000] [2006] MySQL server has gone away at line 102 in file classes/db/DbPDO.php
*ERROR* 	2024/11/07 - 18:37:56: Link to database cannot be established:SQLSTATE[HY000] [2006] MySQL server has gone away at line 102 in file classes/db/DbPDO.php
*ERROR* 	2024/11/07 - 18:37:56: Link to database cannot be established:SQLSTATE[HY000] [2006] MySQL server has gone away at line 102 in file classes/db/DbPDO.php
*ERROR* 	2024/11/07 - 18:37:56: Link to database cannot be established:SQLSTATE[HY000] [2006] MySQL server has gone away at line 102 in file classes/db/DbPDO.php
*ERROR* 	2024/11/07 - 18:37:56: Link to database cannot be established:SQLSTATE[HY000] [2006] MySQL server has gone away at line 102 in file classes/db/DbPDO.php
*ERROR* 	2024/11/07 - 18:37:56: Link to database cannot be established:SQLSTATE[HY000] [2002] Connection refused at line 102 in file classes/db/DbPDO.php
*ERROR* 	2024/11/07 - 18:37:56: Link to database cannot be established:SQLSTATE[HY000] [2006] MySQL server has gone away at line 102 in file classes/db/DbPDO.php
*ERROR* 	2024/11/07 - 18:37:56: Link to database cannot be established:SQLSTATE[HY000] [2002] Connection refused at line 102 in file classes/db/DbPDO.php
*ERROR* 	2024/11/07 - 18:37:56: Link to database cannot be established:SQLSTATE[HY000] [2006] MySQL server has gone away at line 102 in file classes/db/DbPDO.php
*ERROR* 	2024/11/07 - 18:37:56: Link to database cannot be established:SQLSTATE[HY000] [2006] MySQL server has gone away at line 102 in file classes/db/DbPDO.php
*ERROR* 	2024/11/07 - 18:37:56: Link to database cannot be established:SQLSTATE[HY000] [2006] MySQL server has gone away at line 102 in file classes/db/DbPDO.php
*ERROR* 	2024/11/07 - 18:37:56: Link to database cannot be established:SQLSTATE[HY000] [2006] MySQL server has gone away at line 102 in file classes/db/DbPDO.php
*ERROR* 	2024/11/07 - 18:37:56: Link to database cannot be established:SQLSTATE[HY000] [2006] MySQL server has gone away at line 102 in file classes/db/DbPDO.php
*ERROR* 	2024/11/07 - 18:37:56: Link to database cannot be established:SQLSTATE[HY000] [2006] MySQL server has gone away at line 102 in file classes/db/DbPDO.php
*ERROR* 	2024/11/07 - 18:37:56: Link to database cannot be established:SQLSTATE[HY000] [2002] Resource temporarily unavailable at line 102 in file classes/db/DbPDO.php
*ERROR* 	2024/11/07 - 18:37:56: Link to database cannot be established:SQLSTATE[HY000] [2002] Connection refused at line 102 in file classes/db/DbPDO.php
*ERROR* 	2024/11/07 - 18:37:56: Link to database cannot be established:SQLSTATE[HY000] [2002] Connection refused at line 102 in file classes/db/DbPDO.php
*ERROR* 	2024/11/07 - 18:37:56: Link to database cannot be established:SQLSTATE[HY000] [2006] MySQL server has gone away at line 102 in file classes/db/DbPDO.php
*ERROR* 	2024/11/07 - 18:37:56: Link to database cannot be established:SQLSTATE[HY000] [2002] Connection refused at line 102 in file classes/db/DbPDO.php
*ERROR* 	2024/11/07 - 18:37:56: Link to database cannot be established:SQLSTATE[HY000] [2002] Connection refused at line 102 in file classes/db/DbPDO.php
*ERROR* 	2024/11/07 - 18:37:56: Link to database cannot be established:SQLSTATE[HY000] [2002] Connection refused at line 102 in file classes/db/DbPDO.php
*ERROR* 	2024/11/07 - 18:37:56: Link to database cannot be established:SQLSTATE[HY000] [2002] Connection refused at line 102 in file classes/db/DbPDO.php
*ERROR* 	2024/11/07 - 18:37:56: Link to database cannot be established:SQLSTATE[HY000] [2002] Connection refused at line 102 in file classes/db/DbPDO.php
*ERROR* 	2024/11/07 - 18:37:56: Link to database cannot be established:SQLSTATE[HY000] [2002] Connection refused at line 102 in file classes/db/DbPDO.php
*ERROR* 	2024/11/07 - 18:37:56: Link to database cannot be established:SQLSTATE[HY000] [2002] Connection refused at line 102 in file classes/db/DbPDO.php
*ERROR* 	2024/11/07 - 18:37:56: Link to database cannot be established:SQLSTATE[HY000] [2002] Connection refused at line 102 in file classes/db/DbPDO.php
*ERROR* 	2024/11/07 - 18:37:56: Link to database cannot be established:SQLSTATE[HY000] [2002] Connection refused at line 102 in file classes/db/DbPDO.php
*ERROR* 	2024/11/07 - 18:37:56: Link to database cannot be established:SQLSTATE[HY000] [2006] MySQL server has gone away at line 102 in file classes/db/DbPDO.php
*ERROR* 	2024/11/07 - 18:37:56: Link to database cannot be established:SQLSTATE[HY000] [2002] Connection refused at line 102 in file classes/db/DbPDO.php
*ERROR* 	2024/11/07 - 18:37:56: Link to database cannot be established:SQLSTATE[HY000] [2002] Connection refused at line 102 in file classes/db/DbPDO.php
*ERROR* 	2024/11/07 - 18:37:56: Link to database cannot be established:SQLSTATE[HY000] [2006] MySQL server has gone away at line 102 in file classes/db/DbPDO.php
*ERROR* 	2024/11/07 - 18:37:56: Link to database cannot be established:SQLSTATE[HY000] [2006] MySQL server has gone away at line 102 in file classes/db/DbPDO.php
*ERROR* 	2024/11/07 - 18:37:56: Link to database cannot be established:SQLSTATE[HY000] [2006] MySQL server has gone away at line 102 in file classes/db/DbPDO.php
*ERROR* 	2024/11/07 - 18:37:56: Link to database cannot be established:SQLSTATE[HY000] [2002] Connection refused at line 102 in file classes/db/DbPDO.php
*ERROR* 	2024/11/07 - 18:37:56: Link to database cannot be established:SQLSTATE[HY000] [2002] Connection refused at line 102 in file classes/db/DbPDO.php
*ERROR* 	2024/11/07 - 18:37:56: Link to database cannot be established:SQLSTATE[HY000] [2002] Connection refused at line 102 in file classes/db/DbPDO.php
*ERROR* 	2024/11/07 - 18:37:56: Link to database cannot be established:SQLSTATE[HY000] [2002] Connection refused at line 102 in file classes/db/DbPDO.php
*ERROR* 	2024/11/07 - 18:37:56: Link to database cannot be established:SQLSTATE[HY000] [2002] Connection refused at line 102 in file classes/db/DbPDO.php
*ERROR* 	2024/11/07 - 18:37:56: Link to database cannot be established:SQLSTATE[HY000] [2002] Connection refused at line 102 in file classes/db/DbPDO.php
*ERROR* 	2024/11/07 - 18:37:56: Link to database cannot be established:SQLSTATE[HY000] [2002] Connection refused at line 102 in file classes/db/DbPDO.php
*ERROR* 	2024/11/07 - 18:37:56: Link to database cannot be established:SQLSTATE[HY000] [2002] Connection refused at line 102 in file classes/db/DbPDO.php
*ERROR* 	2024/11/07 - 18:37:56: Link to database cannot be established:SQLSTATE[HY000] [2002] Connection refused at line 102 in file classes/db/DbPDO.php
*ERROR* 	2024/11/07 - 18:37:56: Link to database cannot be established:SQLSTATE[HY000] [2002] Connection refused at line 102 in file classes/db/DbPDO.php
*ERROR* 	2024/11/07 - 18:37:56: Link to database cannot be established:SQLSTATE[HY000] [2002] Connection refused at line 102 in file classes/db/DbPDO.php
*ERROR* 	2024/11/07 - 18:37:56: Link to database cannot be established:SQLSTATE[HY000] [2002] Connection refused at line 102 in file classes/db/DbPDO.php
*ERROR* 	2024/11/07 - 18:37:56: Link to database cannot be established:SQLSTATE[HY000] [2006] MySQL server has gone away at line 102 in file classes/db/DbPDO.php
*ERROR* 	2024/11/07 - 18:37:56: Link to database cannot be established:SQLSTATE[HY000] [2002] Connection refused at line 102 in file classes/db/DbPDO.php
*ERROR* 	2024/11/07 - 18:37:56: Link to database cannot be established:SQLSTATE[HY000] [2002] Connection refused at line 102 in file classes/db/DbPDO.php
*ERROR* 	2024/11/07 - 18:37:56: Link to database cannot be established:SQLSTATE[HY000] [2002] Connection refused at line 102 in file classes/db/DbPDO.php
*ERROR* 	2024/11/07 - 18:37:56: Link to database cannot be established:SQLSTATE[HY000] [2002] Connection refused at line 102 in file classes/db/DbPDO.php
*ERROR* 	2024/11/07 - 18:37:56: Link to database cannot be established:SQLSTATE[HY000] [2002] Connection refused at line 102 in file classes/db/DbPDO.php
*ERROR* 	2024/11/07 - 18:37:56: Link to database cannot be established:SQLSTATE[HY000] [2002] Connection refused at line 102 in file classes/db/DbPDO.php
*ERROR* 	2024/11/07 - 18:37:56: Link to database cannot be established:SQLSTATE[HY000] [2002] Connection refused at line 102 in file classes/db/DbPDO.php
*ERROR* 	2024/11/07 - 18:37:56: Link to database cannot be established:SQLSTATE[HY000] [2002] Connection refused at line 102 in file classes/db/DbPDO.php
*ERROR* 	2024/11/07 - 18:37:56: Link to database cannot be established:SQLSTATE[HY000] [2006] MySQL server has gone away at line 102 in file classes/db/DbPDO.php
*ERROR* 	2024/11/07 - 18:37:56: Link to database cannot be established:SQLSTATE[HY000] [2002] Connection refused at line 102 in file classes/db/DbPDO.php
*ERROR* 	2024/11/07 - 18:37:56: Link to database cannot be established:SQLSTATE[HY000] [2002] Connection refused at line 102 in file classes/db/DbPDO.php
*ERROR* 	2024/11/07 - 18:37:56: Link to database cannot be established:SQLSTATE[HY000] [2002] Connection refused at line 102 in file classes/db/DbPDO.php
*ERROR* 	2024/11/07 - 18:37:56: Link to database cannot be established:SQLSTATE[HY000] [2002] Connection refused at line 102 in file classes/db/DbPDO.php
*ERROR* 	2024/11/07 - 18:37:56: Link to database cannot be established:SQLSTATE[HY000] [2002] Connection refused at line 102 in file classes/db/DbPDO.php
*ERROR* 	2024/11/07 - 18:37:56: Link to database cannot be established:SQLSTATE[HY000] [2002] Connection refused at line 102 in file classes/db/DbPDO.php
*ERROR* 	2024/11/07 - 18:37:56: Link to database cannot be established:SQLSTATE[HY000] [2002] Connection refused at line 102 in file classes/db/DbPDO.php
*ERROR* 	2024/11/07 - 18:37:56: Link to database cannot be established:SQLSTATE[HY000] [2006] MySQL server has gone away at line 102 in file classes/db/DbPDO.php
*ERROR* 	2024/11/07 - 18:37:56: Link to database cannot be established:SQLSTATE[HY000] [2006] MySQL server has gone away at line 102 in file classes/db/DbPDO.php
*ERROR* 	2024/11/07 - 18:37:56: Link to database cannot be established:SQLSTATE[HY000] [2002] Connection refused at line 102 in file classes/db/DbPDO.php
*ERROR* 	2024/11/07 - 18:37:56: Link to database cannot be established:SQLSTATE[HY000] [2002] Connection refused at line 102 in file classes/db/DbPDO.php
*ERROR* 	2024/11/07 - 18:37:56: Link to database cannot be established:SQLSTATE[HY000] [2002] Connection refused at line 102 in file classes/db/DbPDO.php
*ERROR* 	2024/11/07 - 18:37:56: Link to database cannot be established:SQLSTATE[HY000] [2002] Connection refused at line 102 in file classes/db/DbPDO.php
*ERROR* 	2024/11/07 - 18:37:56: Link to database cannot be established:SQLSTATE[HY000] [2006] MySQL server has gone away at line 102 in file classes/db/DbPDO.php
*ERROR* 	2024/11/07 - 18:37:56: Link to database cannot be established:SQLSTATE[HY000] [2006] MySQL server has gone away at line 102 in file classes/db/DbPDO.php
*ERROR* 	2024/11/07 - 18:37:56: Link to database cannot be established:SQLSTATE[HY000] [2002] Connection refused at line 102 in file classes/db/DbPDO.php
*ERROR* 	2024/11/07 - 18:37:56: Link to database cannot be established:SQLSTATE[HY000] [2006] MySQL server has gone away at line 102 in file classes/db/DbPDO.php
*ERROR* 	2024/11/07 - 18:37:56: Link to database cannot be established:SQLSTATE[HY000] [2002] Resource temporarily unavailable at line 102 in file classes/db/DbPDO.php
*ERROR* 	2024/11/07 - 18:37:56: Link to database cannot be established:SQLSTATE[HY000] [2006] MySQL server has gone away at line 102 in file classes/db/DbPDO.php
*ERROR* 	2024/11/07 - 18:37:56: Link to database cannot be established:SQLSTATE[HY000] [2006] MySQL server has gone away at line 102 in file classes/db/DbPDO.php
*ERROR* 	2024/11/07 - 18:37:56: Link to database cannot be established:SQLSTATE[HY000] [2002] Connection refused at line 102 in file classes/db/DbPDO.php
*ERROR* 	2024/11/07 - 18:37:56: Link to database cannot be established:SQLSTATE[HY000] [2006] MySQL server has gone away at line 102 in file classes/db/DbPDO.php
*ERROR* 	2024/11/07 - 18:37:56: Link to database cannot be established:SQLSTATE[HY000] [2006] MySQL server has gone away at line 102 in file classes/db/DbPDO.php
*ERROR* 	2024/11/07 - 18:37:56: Link to database cannot be established:SQLSTATE[HY000] [2006] MySQL server has gone away at line 102 in file classes/db/DbPDO.php
*ERROR* 	2024/11/07 - 18:37:56: Link to database cannot be established:SQLSTATE[HY000] [2002] Resource temporarily unavailable at line 102 in file classes/db/DbPDO.php
*ERROR* 	2024/11/07 - 18:37:56: Link to database cannot be established:SQLSTATE[HY000] [2006] MySQL server has gone away at line 102 in file classes/db/DbPDO.php
*ERROR* 	2024/11/07 - 18:37:56: Link to database cannot be established:SQLSTATE[HY000] [2006] MySQL server has gone away at line 102 in file classes/db/DbPDO.php
*ERROR* 	2024/11/07 - 18:37:56: Link to database cannot be established:SQLSTATE[HY000] [2006] MySQL server has gone away at line 102 in file classes/db/DbPDO.php
*ERROR* 	2024/11/07 - 18:37:56: Link to database cannot be established:SQLSTATE[HY000] [2006] MySQL server has gone away at line 102 in file classes/db/DbPDO.php
*ERROR* 	2024/11/07 - 18:37:56: Link to database cannot be established:SQLSTATE[HY000] [2006] MySQL server has gone away at line 102 in file classes/db/DbPDO.php
*ERROR* 	2024/11/07 - 18:37:56: Link to database cannot be established:SQLSTATE[HY000] [2006] MySQL server has gone away at line 102 in file classes/db/DbPDO.php
*ERROR* 	2024/11/07 - 18:37:56: Link to database cannot be established:SQLSTATE[HY000] [2006] MySQL server has gone away at line 102 in file classes/db/DbPDO.php
*ERROR* 	2024/11/07 - 18:37:56: Link to database cannot be established:SQLSTATE[HY000] [2006] MySQL server has gone away at line 102 in file classes/db/DbPDO.php
*ERROR* 	2024/11/07 - 18:37:56: Link to database cannot be established:SQLSTATE[HY000] [2006] MySQL server has gone away at line 102 in file classes/db/DbPDO.php
*ERROR* 	2024/11/07 - 18:37:56: Link to database cannot be established:SQLSTATE[HY000] [2006] MySQL server has gone away at line 102 in file classes/db/DbPDO.php
*ERROR* 	2024/11/07 - 18:37:56: Link to database cannot be established:SQLSTATE[HY000] [2006] MySQL server has gone away at line 102 in file classes/db/DbPDO.php
*ERROR* 	2024/11/07 - 18:37:56: Link to database cannot be established:SQLSTATE[HY000] [2006] MySQL server has gone away at line 102 in file classes/db/DbPDO.php
*ERROR* 	2024/11/07 - 18:37:56: Link to database cannot be established:SQLSTATE[HY000] [2002] Connection refused at line 102 in file classes/db/DbPDO.php
*ERROR* 	2024/11/07 - 18:37:56: Link to database cannot be established:SQLSTATE[HY000] [2006] MySQL server has gone away at line 102 in file classes/db/DbPDO.php
*ERROR* 	2024/11/07 - 18:37:56: Link to database cannot be established:SQLSTATE[HY000] [2006] MySQL server has gone away at line 102 in file classes/db/DbPDO.php
*ERROR* 	2024/11/07 - 18:37:56: Link to database cannot be established:SQLSTATE[HY000] [2006] MySQL server has gone away at line 102 in file classes/db/DbPDO.php
*ERROR* 	2024/11/07 - 18:37:56: Link to database cannot be established:SQLSTATE[HY000] [2006] MySQL server has gone away at line 102 in file classes/db/DbPDO.php
*ERROR* 	2024/11/07 - 18:37:56: Link to database cannot be established:SQLSTATE[HY000] [2002] Connection refused at line 102 in file classes/db/DbPDO.php
*ERROR* 	2024/11/07 - 18:37:56: Link to database cannot be established:SQLSTATE[HY000] [2006] MySQL server has gone away at line 102 in file classes/db/DbPDO.php
*ERROR* 	2024/11/07 - 18:37:56: Link to database cannot be established:SQLSTATE[HY000] [2006] MySQL server has gone away at line 102 in file classes/db/DbPDO.php
*ERROR* 	2024/11/07 - 18:37:56: Link to database cannot be established:SQLSTATE[HY000] [2006] MySQL server has gone away at line 102 in file classes/db/DbPDO.php
*ERROR* 	2024/11/07 - 18:37:56: Link to database cannot be established:SQLSTATE[HY000] [2006] MySQL server has gone away at line 102 in file classes/db/DbPDO.php
*ERROR* 	2024/11/07 - 18:37:56: Link to database cannot be established:SQLSTATE[HY000] [2002] Connection refused at line 102 in file classes/db/DbPDO.php
*ERROR* 	2024/11/07 - 18:37:56: Link to database cannot be established:SQLSTATE[HY000] [2006] MySQL server has gone away at line 102 in file classes/db/DbPDO.php
*ERROR* 	2024/11/07 - 18:37:56: Link to database cannot be established:SQLSTATE[HY000] [2006] MySQL server has gone away at line 102 in file classes/db/DbPDO.php
*ERROR* 	2024/11/07 - 18:37:56: Link to database cannot be established:SQLSTATE[HY000] [2002] Connection refused at line 102 in file classes/db/DbPDO.php
*ERROR* 	2024/11/07 - 18:37:56: Link to database cannot be established:SQLSTATE[HY000] [2006] MySQL server has gone away at line 102 in file classes/db/DbPDO.php
*ERROR* 	2024/11/07 - 18:37:56: Link to database cannot be established:SQLSTATE[HY000] [2006] MySQL server has gone away at line 102 in file classes/db/DbPDO.php
*ERROR* 	2024/11/07 - 18:37:56: Link to database cannot be established:SQLSTATE[HY000] [2006] MySQL server has gone away at line 102 in file classes/db/DbPDO.php
*ERROR* 	2024/11/07 - 18:37:56: Link to database cannot be established:SQLSTATE[HY000] [2006] MySQL server has gone away at line 102 in file classes/db/DbPDO.php
*ERROR* 	2024/11/07 - 18:37:56: Link to database cannot be established:SQLSTATE[HY000] [2006] MySQL server has gone away at line 102 in file classes/db/DbPDO.php
*ERROR* 	2024/11/07 - 18:37:56: Link to database cannot be established:SQLSTATE[HY000] [2006] MySQL server has gone away at line 102 in file classes/db/DbPDO.php
*ERROR* 	2024/11/07 - 18:37:56: Link to database cannot be established:SQLSTATE[HY000] [2006] MySQL server has gone away at line 102 in file classes/db/DbPDO.php
*ERROR* 	2024/11/07 - 18:37:56: Link to database cannot be established:SQLSTATE[HY000] [2006] MySQL server has gone away at line 102 in file classes/db/DbPDO.php
*ERROR* 	2024/11/07 - 18:37:56: Link to database cannot be established:SQLSTATE[HY000] [2002] Connection refused at line 102 in file classes/db/DbPDO.php
*ERROR* 	2024/11/07 - 18:37:56: Link to database cannot be established:SQLSTATE[HY000] [2006] MySQL server has gone away at line 102 in file classes/db/DbPDO.php
*ERROR* 	2024/11/07 - 18:37:56: Link to database cannot be established:SQLSTATE[HY000] [2006] MySQL server has gone away at line 102 in file classes/db/DbPDO.php
*ERROR* 	2024/11/07 - 18:37:56: Link to database cannot be established:SQLSTATE[HY000] [2002] Connection refused at line 102 in file classes/db/DbPDO.php
*ERROR* 	2024/11/07 - 18:37:56: Link to database cannot be established:SQLSTATE[HY000] [2006] MySQL server has gone away at line 102 in file classes/db/DbPDO.php
*ERROR* 	2024/11/07 - 18:37:56: Link to database cannot be established:SQLSTATE[HY000] [2006] MySQL server has gone away at line 102 in file classes/db/DbPDO.php
*ERROR* 	2024/11/07 - 18:37:56: Link to database cannot be established:SQLSTATE[HY000] [2006] MySQL server has gone away at line 102 in file classes/db/DbPDO.php
*ERROR* 	2024/11/07 - 18:37:56: Link to database cannot be established:SQLSTATE[HY000] [2006] MySQL server has gone away at line 102 in file classes/db/DbPDO.php
*ERROR* 	2024/11/07 - 18:37:56: Link to database cannot be established:SQLSTATE[HY000] [2006] MySQL server has gone away at line 102 in file classes/db/DbPDO.php
*ERROR* 	2024/11/07 - 18:37:56: Link to database cannot be established:SQLSTATE[HY000] [2006] MySQL server has gone away at line 102 in file classes/db/DbPDO.php
*ERROR* 	2024/11/07 - 18:37:56: Link to database cannot be established:SQLSTATE[HY000] [2006] MySQL server has gone away at line 102 in file classes/db/DbPDO.php
*ERROR* 	2024/11/07 - 18:37:56: Link to database cannot be established:SQLSTATE[HY000] [2006] MySQL server has gone away at line 102 in file classes/db/DbPDO.php
*ERROR* 	2024/11/07 - 18:37:56: Link to database cannot be established:SQLSTATE[HY000] [2002] Connection refused at line 102 in file classes/db/DbPDO.php
*ERROR* 	2024/11/07 - 18:37:56: Link to database cannot be established:SQLSTATE[HY000] [2006] MySQL server has gone away at line 102 in file classes/db/DbPDO.php
*ERROR* 	2024/11/07 - 18:37:56: Link to database cannot be established:SQLSTATE[HY000] [2006] MySQL server has gone away at line 102 in file classes/db/DbPDO.php
*ERROR* 	2024/11/07 - 18:37:56: Link to database cannot be established:SQLSTATE[HY000] [2002] Connection refused at line 102 in file classes/db/DbPDO.php
*ERROR* 	2024/11/07 - 18:37:56: Link to database cannot be established:SQLSTATE[HY000] [2006] MySQL server has gone away at line 102 in file classes/db/DbPDO.php
*ERROR* 	2024/11/07 - 18:37:56: Link to database cannot be established:SQLSTATE[HY000] [2006] MySQL server has gone away at line 102 in file classes/db/DbPDO.php
*ERROR* 	2024/11/07 - 18:37:56: Link to database cannot be established:SQLSTATE[HY000] [2002] Connection refused at line 102 in file classes/db/DbPDO.php
*ERROR* 	2024/11/07 - 18:37:56: Link to database cannot be established:SQLSTATE[HY000] [2006] MySQL server has gone away at line 102 in file classes/db/DbPDO.php
*ERROR* 	2024/11/07 - 18:37:56: Link to database cannot be established:SQLSTATE[HY000] [2006] MySQL server has gone away at line 102 in file classes/db/DbPDO.php
*ERROR* 	2024/11/07 - 18:37:56: Link to database cannot be established:SQLSTATE[HY000] [2002] Connection refused at line 102 in file classes/db/DbPDO.php
*ERROR* 	2024/11/07 - 18:37:56: Link to database cannot be established:SQLSTATE[HY000] [2006] MySQL server has gone away at line 102 in file classes/db/DbPDO.php
*ERROR* 	2024/11/07 - 18:37:56: Link to database cannot be established:SQLSTATE[HY000] [2002] Connection refused at line 102 in file classes/db/DbPDO.php
*ERROR* 	2024/11/07 - 18:37:56: Link to database cannot be established:SQLSTATE[HY000] [2002] Resource temporarily unavailable at line 102 in file classes/db/DbPDO.php
*ERROR* 	2024/11/07 - 18:37:56: Link to database cannot be established:SQLSTATE[HY000] [2006] MySQL server has gone away at line 102 in file classes/db/DbPDO.php
*ERROR* 	2024/11/07 - 18:37:56: Link to database cannot be established:SQLSTATE[HY000] [2006] MySQL server has gone away at line 102 in file classes/db/DbPDO.php
*ERROR* 	2024/11/07 - 18:37:56: Link to database cannot be established:SQLSTATE[HY000] [2002] Connection refused at line 102 in file classes/db/DbPDO.php
*ERROR* 	2024/11/07 - 18:37:56: Link to database cannot be established:SQLSTATE[HY000] [2006] MySQL server has gone away at line 102 in file classes/db/DbPDO.php
*ERROR* 	2024/11/07 - 18:37:56: Link to database cannot be established:SQLSTATE[HY000] [2006] MySQL server has gone away at line 102 in file classes/db/DbPDO.php
*ERROR* 	2024/11/07 - 18:37:56: Link to database cannot be established:SQLSTATE[HY000] [2006] MySQL server has gone away at line 102 in file classes/db/DbPDO.php
*ERROR* 	2024/11/07 - 18:37:56: Link to database cannot be established:SQLSTATE[HY000] [2006] MySQL server has gone away at line 102 in file classes/db/DbPDO.php
*ERROR* 	2024/11/07 - 18:37:56: Link to database cannot be established:SQLSTATE[HY000] [2006] MySQL server has gone away at line 102 in file classes/db/DbPDO.php
*ERROR* 	2024/11/07 - 18:37:56: Link to database cannot be established:SQLSTATE[HY000] [2006] MySQL server has gone away at line 102 in file classes/db/DbPDO.php
*ERROR* 	2024/11/07 - 18:37:56: Link to database cannot be established:SQLSTATE[HY000] [2006] MySQL server has gone away at line 102 in file classes/db/DbPDO.php
*ERROR* 	2024/11/07 - 18:37:56: Link to database cannot be established:SQLSTATE[HY000] [2006] MySQL server has gone away at line 102 in file classes/db/DbPDO.php
*ERROR* 	2024/11/07 - 18:37:56: Link to database cannot be established:SQLSTATE[HY000] [2006] MySQL server has gone away at line 102 in file classes/db/DbPDO.php
*ERROR* 	2024/11/07 - 18:37:56: Link to database cannot be established:SQLSTATE[HY000] [2006] MySQL server has gone away at line 102 in file classes/db/DbPDO.php
*ERROR* 	2024/11/07 - 18:37:56: Link to database cannot be established:SQLSTATE[HY000] [2006] MySQL server has gone away at line 102 in file classes/db/DbPDO.php
*ERROR* 	2024/11/07 - 18:37:56: Link to database cannot be established:SQLSTATE[HY000] [2006] MySQL server has gone away at line 102 in file classes/db/DbPDO.php
*ERROR* 	2024/11/07 - 18:37:56: Link to database cannot be established:SQLSTATE[HY000] [2006] MySQL server has gone away at line 102 in file classes/db/DbPDO.php
*ERROR* 	2024/11/07 - 18:37:56: Link to database cannot be established:SQLSTATE[HY000] [2006] MySQL server has gone away at line 102 in file classes/db/DbPDO.php
*ERROR* 	2024/11/07 - 18:37:56: Link to database cannot be established:SQLSTATE[HY000] [2006] MySQL server has gone away at line 102 in file classes/db/DbPDO.php
*ERROR* 	2024/11/07 - 18:37:56: Link to database cannot be established:SQLSTATE[HY000] [2006] MySQL server has gone away at line 102 in file classes/db/DbPDO.php
*ERROR* 	2024/11/07 - 18:37:56: Link to database cannot be established:SQLSTATE[HY000] [2006] MySQL server has gone away at line 102 in file classes/db/DbPDO.php
*ERROR* 	2024/11/07 - 18:37:56: Link to database cannot be established:SQLSTATE[HY000] [2006] MySQL server has gone away at line 102 in file classes/db/DbPDO.php
*ERROR* 	2024/11/07 - 18:37:56: Link to database cannot be established:SQLSTATE[HY000] [2006] MySQL server has gone away at line 102 in file classes/db/DbPDO.php
*ERROR* 	2024/11/07 - 18:37:56: Link to database cannot be established:SQLSTATE[HY000] [2006] MySQL server has gone away at line 102 in file classes/db/DbPDO.php
*ERROR* 	2024/11/07 - 18:37:56: Link to database cannot be established:SQLSTATE[HY000] [2002] Connection refused at line 102 in file classes/db/DbPDO.php
*ERROR* 	2024/11/07 - 18:37:56: Link to database cannot be established:SQLSTATE[HY000] [2006] MySQL server has gone away at line 102 in file classes/db/DbPDO.php
*ERROR* 	2024/11/07 - 18:37:56: Link to database cannot be established:SQLSTATE[HY000] [2006] MySQL server has gone away at line 102 in file classes/db/DbPDO.php
*ERROR* 	2024/11/07 - 18:37:56: Link to database cannot be established:SQLSTATE[HY000] [2006] MySQL server has gone away at line 102 in file classes/db/DbPDO.php
*ERROR* 	2024/11/07 - 18:37:56: Link to database cannot be established:SQLSTATE[HY000] [2006] MySQL server has gone away at line 102 in file classes/db/DbPDO.php
*ERROR* 	2024/11/07 - 18:37:56: Link to database cannot be established:SQLSTATE[HY000] [2006] MySQL server has gone away at line 102 in file classes/db/DbPDO.php
*ERROR* 	2024/11/07 - 18:37:56: Link to database cannot be established:SQLSTATE[HY000] [2006] MySQL server has gone away at line 102 in file classes/db/DbPDO.php
*ERROR* 	2024/11/07 - 18:37:56: Link to database cannot be established:SQLSTATE[HY000] [2006] MySQL server has gone away at line 102 in file classes/db/DbPDO.php
*ERROR* 	2024/11/07 - 18:37:56: Link to database cannot be established:SQLSTATE[HY000] [2006] MySQL server has gone away at line 102 in file classes/db/DbPDO.php
*ERROR* 	2024/11/07 - 18:37:56: Link to database cannot be established:SQLSTATE[HY000] [2006] MySQL server has gone away at line 102 in file classes/db/DbPDO.php
*ERROR* 	2024/11/07 - 18:37:56: Link to database cannot be established:SQLSTATE[HY000] [2006] MySQL server has gone away at line 102 in file classes/db/DbPDO.php
*ERROR* 	2024/11/07 - 18:37:56: Link to database cannot be established:SQLSTATE[HY000] [2006] MySQL server has gone away at line 102 in file classes/db/DbPDO.php
*ERROR* 	2024/11/07 - 18:37:56: Link to database cannot be established:SQLSTATE[HY000] [2006] MySQL server has gone away at line 102 in file classes/db/DbPDO.php
*ERROR* 	2024/11/07 - 18:37:56: Link to database cannot be established:SQLSTATE[HY000] [2002] Connection refused at line 102 in file classes/db/DbPDO.php
*ERROR* 	2024/11/07 - 18:37:56: Link to database cannot be established:SQLSTATE[HY000] [2002] Connection refused at line 102 in file classes/db/DbPDO.php
*ERROR* 	2024/11/07 - 18:37:56: Link to database cannot be established:SQLSTATE[HY000] [2002] Connection refused at line 102 in file classes/db/DbPDO.php
*ERROR* 	2024/11/07 - 18:37:56: Link to database cannot be established:SQLSTATE[HY000] [2002] Connection refused at line 102 in file classes/db/DbPDO.php
*ERROR* 	2024/11/07 - 18:37:57: Link to database cannot be established:SQLSTATE[HY000] [2002] Connection refused at line 102 in file classes/db/DbPDO.php
*ERROR* 	2024/11/07 - 18:37:57: Link to database cannot be established:SQLSTATE[HY000] [2002] Connection refused at line 102 in file classes/db/DbPDO.php
*ERROR* 	2024/11/07 - 18:37:58: Link to database cannot be established:SQLSTATE[HY000] [2002] Connection refused at line 102 in file classes/db/DbPDO.php
*ERROR* 	2024/11/07 - 18:37:58: Link to database cannot be established:SQLSTATE[HY000] [2002] Connection refused at line 102 in file classes/db/DbPDO.php
*ERROR* 	2024/11/07 - 18:37:59: Link to database cannot be established:SQLSTATE[HY000] [2002] Connection refused at line 102 in file classes/db/DbPDO.php
*ERROR* 	2024/11/07 - 18:37:59: Link to database cannot be established:SQLSTATE[HY000] [2002] Connection refused at line 102 in file classes/db/DbPDO.php
*ERROR* 	2024/11/07 - 18:37:59: Link to database cannot be established:SQLSTATE[HY000] [2002] Connection refused at line 102 in file classes/db/DbPDO.php
*ERROR* 	2024/11/07 - 18:38:00: Link to database cannot be established:SQLSTATE[HY000] [2002] Connection refused at line 102 in file classes/db/DbPDO.php
*ERROR* 	2024/11/07 - 18:38:01: Link to database cannot be established:SQLSTATE[HY000] [2002] Connection refused at line 102 in file classes/db/DbPDO.php
*ERROR* 	2024/11/07 - 18:38:01: Link to database cannot be established:SQLSTATE[HY000] [2002] Connection refused at line 102 in file classes/db/DbPDO.php
*ERROR* 	2024/11/07 - 18:38:01: Link to database cannot be established:SQLSTATE[HY000] [2002] Connection refused at line 102 in file classes/db/DbPDO.php
*ERROR* 	2024/11/07 - 18:38:02: Link to database cannot be established:SQLSTATE[HY000] [2002] Connection refused at line 102 in file classes/db/DbPDO.php
*ERROR* 	2024/11/07 - 18:38:02: Link to database cannot be established:SQLSTATE[HY000] [2002] Connection refused at line 102 in file classes/db/DbPDO.php
*ERROR* 	2024/11/07 - 20:55:23: Property Address->address2 is empty at line 917 in file classes/ObjectModel.php
*ERROR* 	2024/11/07 - 20:56:01: Property Address->phone_mobile is empty at line 917 in file classes/ObjectModel.php
*ERROR* 	2024/11/07 - 20:56:03: Property Address->phone_mobile is empty at line 917 in file classes/ObjectModel.php
*ERROR* 	2024/11/07 - 20:57:18: Property Address->address2 is empty at line 917 in file classes/ObjectModel.php
*ERROR* 	2024/11/07 - 20:57:36: Property Address->address2 is empty at line 917 in file classes/ObjectModel.php
