*ERROR* 	2024/11/21 - 06:35:35: Link to database cannot be established:SQLSTATE[HY000] [1203] User parkur_pegazshop already has more than 'max_user_connections' active connections at line 102 in file classes/db/DbPDO.php
*ERROR* 	2024/11/21 - 06:35:35: Link to database cannot be established:SQLSTATE[HY000] [1203] User parkur_pegazshop already has more than 'max_user_connections' active connections at line 102 in file classes/db/DbPDO.php
*ERROR* 	2024/11/21 - 06:35:35: Link to database cannot be established:SQLSTATE[HY000] [1203] User parkur_pegazshop already has more than 'max_user_connections' active connections at line 102 in file classes/db/DbPDO.php
*ERROR* 	2024/11/21 - 06:35:35: Link to database cannot be established:SQLSTATE[HY000] [1203] User parkur_pegazshop already has more than 'max_user_connections' active connections at line 102 in file classes/db/DbPDO.php
*ERROR* 	2024/11/21 - 06:35:35: Link to database cannot be established:SQLSTATE[HY000] [1203] User parkur_pegazshop already has more than 'max_user_connections' active connections at line 102 in file classes/db/DbPDO.php
*ERROR* 	2024/11/21 - 06:35:35: Link to database cannot be established:SQLSTATE[HY000] [1203] User parkur_pegazshop already has more than 'max_user_connections' active connections at line 102 in file classes/db/DbPDO.php
*ERROR* 	2024/11/21 - 06:35:35: Link to database cannot be established:SQLSTATE[HY000] [1203] User parkur_pegazshop already has more than 'max_user_connections' active connections at line 102 in file classes/db/DbPDO.php
*ERROR* 	2024/11/21 - 06:35:35: Link to database cannot be established:SQLSTATE[HY000] [1203] User parkur_pegazshop already has more than 'max_user_connections' active connections at line 102 in file classes/db/DbPDO.php
*ERROR* 	2024/11/21 - 06:35:35: Link to database cannot be established:SQLSTATE[HY000] [1203] User parkur_pegazshop already has more than 'max_user_connections' active connections at line 102 in file classes/db/DbPDO.php
*ERROR* 	2024/11/21 - 06:35:35: Link to database cannot be established:SQLSTATE[HY000] [1203] User parkur_pegazshop already has more than 'max_user_connections' active connections at line 102 in file classes/db/DbPDO.php
*ERROR* 	2024/11/21 - 06:35:35: Link to database cannot be established:SQLSTATE[HY000] [1203] User parkur_pegazshop already has more than 'max_user_connections' active connections at line 102 in file classes/db/DbPDO.php
*ERROR* 	2024/11/21 - 06:35:35: Link to database cannot be established:SQLSTATE[HY000] [1203] User parkur_pegazshop already has more than 'max_user_connections' active connections at line 102 in file classes/db/DbPDO.php
*ERROR* 	2024/11/21 - 06:35:35: Link to database cannot be established:SQLSTATE[HY000] [1203] User parkur_pegazshop already has more than 'max_user_connections' active connections at line 102 in file classes/db/DbPDO.php
*ERROR* 	2024/11/21 - 06:35:35: Link to database cannot be established:SQLSTATE[HY000] [1203] User parkur_pegazshop already has more than 'max_user_connections' active connections at line 102 in file classes/db/DbPDO.php
*ERROR* 	2024/11/21 - 06:35:35: Link to database cannot be established:SQLSTATE[HY000] [1203] User parkur_pegazshop already has more than 'max_user_connections' active connections at line 102 in file classes/db/DbPDO.php
*ERROR* 	2024/11/21 - 06:35:35: Link to database cannot be established:SQLSTATE[HY000] [1203] User parkur_pegazshop already has more than 'max_user_connections' active connections at line 102 in file classes/db/DbPDO.php
*ERROR* 	2024/11/21 - 06:35:36: Link to database cannot be established:SQLSTATE[HY000] [1203] User parkur_pegazshop already has more than 'max_user_connections' active connections at line 102 in file classes/db/DbPDO.php
*ERROR* 	2024/11/21 - 06:35:36: Link to database cannot be established:SQLSTATE[HY000] [1203] User parkur_pegazshop already has more than 'max_user_connections' active connections at line 102 in file classes/db/DbPDO.php
*ERROR* 	2024/11/21 - 06:35:36: Link to database cannot be established:SQLSTATE[HY000] [1203] User parkur_pegazshop already has more than 'max_user_connections' active connections at line 102 in file classes/db/DbPDO.php
*ERROR* 	2024/11/21 - 06:35:36: Link to database cannot be established:SQLSTATE[HY000] [1203] User parkur_pegazshop already has more than 'max_user_connections' active connections at line 102 in file classes/db/DbPDO.php
*ERROR* 	2024/11/21 - 06:35:36: Link to database cannot be established:SQLSTATE[HY000] [1203] User parkur_pegazshop already has more than 'max_user_connections' active connections at line 102 in file classes/db/DbPDO.php
*ERROR* 	2024/11/21 - 06:35:36: Link to database cannot be established:SQLSTATE[HY000] [1203] User parkur_pegazshop already has more than 'max_user_connections' active connections at line 102 in file classes/db/DbPDO.php
*ERROR* 	2024/11/21 - 06:35:36: Link to database cannot be established:SQLSTATE[HY000] [1203] User parkur_pegazshop already has more than 'max_user_connections' active connections at line 102 in file classes/db/DbPDO.php
*ERROR* 	2024/11/21 - 06:35:36: Link to database cannot be established:SQLSTATE[HY000] [1203] User parkur_pegazshop already has more than 'max_user_connections' active connections at line 102 in file classes/db/DbPDO.php
*ERROR* 	2024/11/21 - 06:35:36: Link to database cannot be established:SQLSTATE[HY000] [1203] User parkur_pegazshop already has more than 'max_user_connections' active connections at line 102 in file classes/db/DbPDO.php
*ERROR* 	2024/11/21 - 06:35:36: Link to database cannot be established:SQLSTATE[HY000] [1203] User parkur_pegazshop already has more than 'max_user_connections' active connections at line 102 in file classes/db/DbPDO.php
*ERROR* 	2024/11/21 - 06:35:36: Link to database cannot be established:SQLSTATE[HY000] [1203] User parkur_pegazshop already has more than 'max_user_connections' active connections at line 102 in file classes/db/DbPDO.php
*ERROR* 	2024/11/21 - 06:35:36: Link to database cannot be established:SQLSTATE[HY000] [1203] User parkur_pegazshop already has more than 'max_user_connections' active connections at line 102 in file classes/db/DbPDO.php
*ERROR* 	2024/11/21 - 06:35:36: Link to database cannot be established:SQLSTATE[HY000] [1203] User parkur_pegazshop already has more than 'max_user_connections' active connections at line 102 in file classes/db/DbPDO.php
*ERROR* 	2024/11/21 - 06:35:36: Link to database cannot be established:SQLSTATE[HY000] [1203] User parkur_pegazshop already has more than 'max_user_connections' active connections at line 102 in file classes/db/DbPDO.php
*ERROR* 	2024/11/21 - 06:35:36: Link to database cannot be established:SQLSTATE[HY000] [1203] User parkur_pegazshop already has more than 'max_user_connections' active connections at line 102 in file classes/db/DbPDO.php
*ERROR* 	2024/11/21 - 06:35:36: Link to database cannot be established:SQLSTATE[HY000] [1203] User parkur_pegazshop already has more than 'max_user_connections' active connections at line 102 in file classes/db/DbPDO.php
*ERROR* 	2024/11/21 - 06:35:36: Link to database cannot be established:SQLSTATE[HY000] [1203] User parkur_pegazshop already has more than 'max_user_connections' active connections at line 102 in file classes/db/DbPDO.php
*ERROR* 	2024/11/21 - 06:35:36: Link to database cannot be established:SQLSTATE[HY000] [1203] User parkur_pegazshop already has more than 'max_user_connections' active connections at line 102 in file classes/db/DbPDO.php
*ERROR* 	2024/11/21 - 06:35:36: Link to database cannot be established:SQLSTATE[HY000] [1203] User parkur_pegazshop already has more than 'max_user_connections' active connections at line 102 in file classes/db/DbPDO.php
*ERROR* 	2024/11/21 - 06:35:36: Link to database cannot be established:SQLSTATE[HY000] [1203] User parkur_pegazshop already has more than 'max_user_connections' active connections at line 102 in file classes/db/DbPDO.php
*ERROR* 	2024/11/21 - 06:35:36: Link to database cannot be established:SQLSTATE[HY000] [1203] User parkur_pegazshop already has more than 'max_user_connections' active connections at line 102 in file classes/db/DbPDO.php
*ERROR* 	2024/11/21 - 06:35:36: Link to database cannot be established:SQLSTATE[HY000] [1203] User parkur_pegazshop already has more than 'max_user_connections' active connections at line 102 in file classes/db/DbPDO.php
*ERROR* 	2024/11/21 - 06:35:36: Link to database cannot be established:SQLSTATE[HY000] [1203] User parkur_pegazshop already has more than 'max_user_connections' active connections at line 102 in file classes/db/DbPDO.php
*ERROR* 	2024/11/21 - 06:35:36: Link to database cannot be established:SQLSTATE[HY000] [1203] User parkur_pegazshop already has more than 'max_user_connections' active connections at line 102 in file classes/db/DbPDO.php
*ERROR* 	2024/11/21 - 06:35:36: Link to database cannot be established:SQLSTATE[HY000] [1203] User parkur_pegazshop already has more than 'max_user_connections' active connections at line 102 in file classes/db/DbPDO.php
*ERROR* 	2024/11/21 - 06:35:36: Link to database cannot be established:SQLSTATE[HY000] [1203] User parkur_pegazshop already has more than 'max_user_connections' active connections at line 102 in file classes/db/DbPDO.php
*ERROR* 	2024/11/21 - 06:35:36: Link to database cannot be established:SQLSTATE[HY000] [1203] User parkur_pegazshop already has more than 'max_user_connections' active connections at line 102 in file classes/db/DbPDO.php
*ERROR* 	2024/11/21 - 06:35:36: Link to database cannot be established:SQLSTATE[HY000] [1203] User parkur_pegazshop already has more than 'max_user_connections' active connections at line 102 in file classes/db/DbPDO.php
*ERROR* 	2024/11/21 - 06:35:36: Link to database cannot be established:SQLSTATE[HY000] [1203] User parkur_pegazshop already has more than 'max_user_connections' active connections at line 102 in file classes/db/DbPDO.php
*ERROR* 	2024/11/21 - 06:35:36: Link to database cannot be established:SQLSTATE[HY000] [1203] User parkur_pegazshop already has more than 'max_user_connections' active connections at line 102 in file classes/db/DbPDO.php
*ERROR* 	2024/11/21 - 06:35:36: Link to database cannot be established:SQLSTATE[HY000] [1203] User parkur_pegazshop already has more than 'max_user_connections' active connections at line 102 in file classes/db/DbPDO.php
*ERROR* 	2024/11/21 - 06:35:36: Link to database cannot be established:SQLSTATE[HY000] [1203] User parkur_pegazshop already has more than 'max_user_connections' active connections at line 102 in file classes/db/DbPDO.php
*ERROR* 	2024/11/21 - 06:35:36: Link to database cannot be established:SQLSTATE[HY000] [1203] User parkur_pegazshop already has more than 'max_user_connections' active connections at line 102 in file classes/db/DbPDO.php
*ERROR* 	2024/11/21 - 06:35:36: Link to database cannot be established:SQLSTATE[HY000] [1203] User parkur_pegazshop already has more than 'max_user_connections' active connections at line 102 in file classes/db/DbPDO.php
*ERROR* 	2024/11/21 - 06:35:36: Link to database cannot be established:SQLSTATE[HY000] [1203] User parkur_pegazshop already has more than 'max_user_connections' active connections at line 102 in file classes/db/DbPDO.php
*ERROR* 	2024/11/21 - 06:35:36: Link to database cannot be established:SQLSTATE[HY000] [1203] User parkur_pegazshop already has more than 'max_user_connections' active connections at line 102 in file classes/db/DbPDO.php
*ERROR* 	2024/11/21 - 06:35:36: Link to database cannot be established:SQLSTATE[HY000] [1203] User parkur_pegazshop already has more than 'max_user_connections' active connections at line 102 in file classes/db/DbPDO.php
*ERROR* 	2024/11/21 - 06:35:36: Link to database cannot be established:SQLSTATE[HY000] [1203] User parkur_pegazshop already has more than 'max_user_connections' active connections at line 102 in file classes/db/DbPDO.php
*ERROR* 	2024/11/21 - 06:35:36: Link to database cannot be established:SQLSTATE[HY000] [1203] User parkur_pegazshop already has more than 'max_user_connections' active connections at line 102 in file classes/db/DbPDO.php
*ERROR* 	2024/11/21 - 06:35:36: Link to database cannot be established:SQLSTATE[HY000] [1203] User parkur_pegazshop already has more than 'max_user_connections' active connections at line 102 in file classes/db/DbPDO.php
*ERROR* 	2024/11/21 - 06:35:36: Link to database cannot be established:SQLSTATE[HY000] [1203] User parkur_pegazshop already has more than 'max_user_connections' active connections at line 102 in file classes/db/DbPDO.php
*ERROR* 	2024/11/21 - 06:35:36: Link to database cannot be established:SQLSTATE[HY000] [1203] User parkur_pegazshop already has more than 'max_user_connections' active connections at line 102 in file classes/db/DbPDO.php
*ERROR* 	2024/11/21 - 06:35:39: Link to database cannot be established:SQLSTATE[HY000] [2002] Resource temporarily unavailable at line 102 in file classes/db/DbPDO.php
*ERROR* 	2024/11/21 - 06:35:39: Link to database cannot be established:SQLSTATE[HY000] [2002] Resource temporarily unavailable at line 102 in file classes/db/DbPDO.php
*ERROR* 	2024/11/21 - 06:35:39: Link to database cannot be established:SQLSTATE[HY000] [2002] Resource temporarily unavailable at line 102 in file classes/db/DbPDO.php
*ERROR* 	2024/11/21 - 06:35:39: Link to database cannot be established:SQLSTATE[HY000] [2002] Resource temporarily unavailable at line 102 in file classes/db/DbPDO.php
*ERROR* 	2024/11/21 - 06:35:39: Link to database cannot be established:SQLSTATE[HY000] [2002] Resource temporarily unavailable at line 102 in file classes/db/DbPDO.php
*ERROR* 	2024/11/21 - 06:35:39: Link to database cannot be established:SQLSTATE[HY000] [2002] Resource temporarily unavailable at line 102 in file classes/db/DbPDO.php
*ERROR* 	2024/11/21 - 06:35:39: Link to database cannot be established:SQLSTATE[HY000] [2002] Resource temporarily unavailable at line 102 in file classes/db/DbPDO.php
*ERROR* 	2024/11/21 - 06:35:39: Link to database cannot be established:SQLSTATE[HY000] [2002] Resource temporarily unavailable at line 102 in file classes/db/DbPDO.php
*ERROR* 	2024/11/21 - 06:35:39: Link to database cannot be established:SQLSTATE[HY000] [2002] Resource temporarily unavailable at line 102 in file classes/db/DbPDO.php
*ERROR* 	2024/11/21 - 06:35:39: Link to database cannot be established:SQLSTATE[HY000] [2002] Resource temporarily unavailable at line 102 in file classes/db/DbPDO.php
*ERROR* 	2024/11/21 - 06:35:39: Link to database cannot be established:SQLSTATE[HY000] [2002] Resource temporarily unavailable at line 102 in file classes/db/DbPDO.php
*ERROR* 	2024/11/21 - 06:35:39: Link to database cannot be established:SQLSTATE[HY000] [2002] Resource temporarily unavailable at line 102 in file classes/db/DbPDO.php
*ERROR* 	2024/11/21 - 06:35:39: Link to database cannot be established:SQLSTATE[HY000] [2002] Resource temporarily unavailable at line 102 in file classes/db/DbPDO.php
*ERROR* 	2024/11/21 - 06:35:39: Link to database cannot be established:SQLSTATE[HY000] [2002] Resource temporarily unavailable at line 102 in file classes/db/DbPDO.php
*ERROR* 	2024/11/21 - 06:35:39: Link to database cannot be established:SQLSTATE[HY000] [2002] Resource temporarily unavailable at line 102 in file classes/db/DbPDO.php
*ERROR* 	2024/11/21 - 06:35:39: Link to database cannot be established:SQLSTATE[HY000] [2002] Resource temporarily unavailable at line 102 in file classes/db/DbPDO.php
*ERROR* 	2024/11/21 - 06:35:39: Link to database cannot be established:SQLSTATE[HY000] [2002] Resource temporarily unavailable at line 102 in file classes/db/DbPDO.php
*ERROR* 	2024/11/21 - 06:35:39: Link to database cannot be established:SQLSTATE[HY000] [2002] Resource temporarily unavailable at line 102 in file classes/db/DbPDO.php
*ERROR* 	2024/11/21 - 06:35:39: Link to database cannot be established:SQLSTATE[HY000] [2002] Resource temporarily unavailable at line 102 in file classes/db/DbPDO.php
*ERROR* 	2024/11/21 - 06:35:39: Link to database cannot be established:SQLSTATE[HY000] [2002] Resource temporarily unavailable at line 102 in file classes/db/DbPDO.php
*ERROR* 	2024/11/21 - 06:35:39: Link to database cannot be established:SQLSTATE[HY000] [2002] Resource temporarily unavailable at line 102 in file classes/db/DbPDO.php
*ERROR* 	2024/11/21 - 06:35:39: Link to database cannot be established:SQLSTATE[HY000] [2006] MySQL server has gone away at line 102 in file classes/db/DbPDO.php
*ERROR* 	2024/11/21 - 06:35:39: Link to database cannot be established:SQLSTATE[HY000] [2006] MySQL server has gone away at line 102 in file classes/db/DbPDO.php
*ERROR* 	2024/11/21 - 06:35:39: Link to database cannot be established:SQLSTATE[HY000] [2006] MySQL server has gone away at line 102 in file classes/db/DbPDO.php
*ERROR* 	2024/11/21 - 06:35:39: Link to database cannot be established:SQLSTATE[HY000] [2006] MySQL server has gone away at line 102 in file classes/db/DbPDO.php
*ERROR* 	2024/11/21 - 06:35:39: Link to database cannot be established:SQLSTATE[HY000] [2006] MySQL server has gone away at line 102 in file classes/db/DbPDO.php
*ERROR* 	2024/11/21 - 06:35:39: Link to database cannot be established:SQLSTATE[HY000] [2006] MySQL server has gone away at line 102 in file classes/db/DbPDO.php
*ERROR* 	2024/11/21 - 06:35:39: Link to database cannot be established:SQLSTATE[HY000] [2006] MySQL server has gone away at line 102 in file classes/db/DbPDO.php
*ERROR* 	2024/11/21 - 06:35:39: Link to database cannot be established:SQLSTATE[HY000] [2006] MySQL server has gone away at line 102 in file classes/db/DbPDO.php
*ERROR* 	2024/11/21 - 06:35:39: Link to database cannot be established:SQLSTATE[HY000] [2002] Connection refused at line 102 in file classes/db/DbPDO.php
*ERROR* 	2024/11/21 - 06:35:39: Link to database cannot be established:SQLSTATE[HY000] [2002] Connection refused at line 102 in file classes/db/DbPDO.php
*ERROR* 	2024/11/21 - 06:35:39: Link to database cannot be established:SQLSTATE[HY000] [2002] Connection refused at line 102 in file classes/db/DbPDO.php
*ERROR* 	2024/11/21 - 06:35:39: Link to database cannot be established:SQLSTATE[HY000] [2006] MySQL server has gone away at line 102 in file classes/db/DbPDO.php
*ERROR* 	2024/11/21 - 06:35:39: Link to database cannot be established:SQLSTATE[HY000] [2006] MySQL server has gone away at line 102 in file classes/db/DbPDO.php
*ERROR* 	2024/11/21 - 06:35:39: Link to database cannot be established:SQLSTATE[HY000] [2006] MySQL server has gone away at line 102 in file classes/db/DbPDO.php
*ERROR* 	2024/11/21 - 06:35:39: Link to database cannot be established:SQLSTATE[HY000] [2006] MySQL server has gone away at line 102 in file classes/db/DbPDO.php
*ERROR* 	2024/11/21 - 06:35:39: Link to database cannot be established:SQLSTATE[HY000] [2006] MySQL server has gone away at line 102 in file classes/db/DbPDO.php
*ERROR* 	2024/11/21 - 06:35:39: Link to database cannot be established:SQLSTATE[HY000] [2006] MySQL server has gone away at line 102 in file classes/db/DbPDO.php
*ERROR* 	2024/11/21 - 06:35:39: Link to database cannot be established:SQLSTATE[HY000] [2006] MySQL server has gone away at line 102 in file classes/db/DbPDO.php
*ERROR* 	2024/11/21 - 06:35:39: Link to database cannot be established:SQLSTATE[HY000] [2006] MySQL server has gone away at line 102 in file classes/db/DbPDO.php
*ERROR* 	2024/11/21 - 06:35:39: Link to database cannot be established:SQLSTATE[HY000] [2002] Connection refused at line 102 in file classes/db/DbPDO.php
*ERROR* 	2024/11/21 - 06:35:39: Link to database cannot be established:SQLSTATE[HY000] [2006] MySQL server has gone away at line 102 in file classes/db/DbPDO.php
*ERROR* 	2024/11/21 - 06:35:39: Link to database cannot be established:SQLSTATE[HY000] [2006] MySQL server has gone away at line 102 in file classes/db/DbPDO.php
*ERROR* 	2024/11/21 - 06:35:39: Link to database cannot be established:SQLSTATE[HY000] [2006] MySQL server has gone away at line 102 in file classes/db/DbPDO.php
*ERROR* 	2024/11/21 - 06:35:39: Link to database cannot be established:SQLSTATE[HY000] [2006] MySQL server has gone away at line 102 in file classes/db/DbPDO.php
*ERROR* 	2024/11/21 - 06:35:39: Link to database cannot be established:SQLSTATE[HY000] [2006] MySQL server has gone away at line 102 in file classes/db/DbPDO.php
*ERROR* 	2024/11/21 - 06:35:39: Link to database cannot be established:SQLSTATE[HY000] [2006] MySQL server has gone away at line 102 in file classes/db/DbPDO.php
*ERROR* 	2024/11/21 - 06:35:39: Link to database cannot be established:SQLSTATE[HY000] [2006] MySQL server has gone away at line 102 in file classes/db/DbPDO.php
*ERROR* 	2024/11/21 - 06:35:39: Link to database cannot be established:SQLSTATE[HY000] [2006] MySQL server has gone away at line 102 in file classes/db/DbPDO.php
*ERROR* 	2024/11/21 - 06:35:39: Link to database cannot be established:SQLSTATE[HY000] [2006] MySQL server has gone away at line 102 in file classes/db/DbPDO.php
*ERROR* 	2024/11/21 - 06:35:39: Link to database cannot be established:SQLSTATE[HY000] [2006] MySQL server has gone away at line 102 in file classes/db/DbPDO.php
*ERROR* 	2024/11/21 - 06:35:39: Link to database cannot be established:SQLSTATE[HY000] [2006] MySQL server has gone away at line 102 in file classes/db/DbPDO.php
*ERROR* 	2024/11/21 - 06:35:39: Link to database cannot be established:SQLSTATE[HY000] [2006] MySQL server has gone away at line 102 in file classes/db/DbPDO.php
*ERROR* 	2024/11/21 - 06:35:39: Link to database cannot be established:SQLSTATE[HY000] [2006] MySQL server has gone away at line 102 in file classes/db/DbPDO.php
*ERROR* 	2024/11/21 - 06:35:39: Link to database cannot be established:SQLSTATE[HY000] [2006] MySQL server has gone away at line 102 in file classes/db/DbPDO.php
*ERROR* 	2024/11/21 - 06:35:39: Link to database cannot be established:SQLSTATE[HY000] [2006] MySQL server has gone away at line 102 in file classes/db/DbPDO.php
*ERROR* 	2024/11/21 - 06:35:39: Link to database cannot be established:SQLSTATE[HY000] [2006] MySQL server has gone away at line 102 in file classes/db/DbPDO.php
*ERROR* 	2024/11/21 - 06:35:39: Link to database cannot be established:SQLSTATE[HY000] [2006] MySQL server has gone away at line 102 in file classes/db/DbPDO.php
*ERROR* 	2024/11/21 - 06:35:39: Link to database cannot be established:SQLSTATE[HY000] [2002] Connection refused at line 102 in file classes/db/DbPDO.php
*ERROR* 	2024/11/21 - 06:35:39: Link to database cannot be established:SQLSTATE[HY000] [2006] MySQL server has gone away at line 102 in file classes/db/DbPDO.php
*ERROR* 	2024/11/21 - 06:35:39: Link to database cannot be established:SQLSTATE[HY000] [2006] MySQL server has gone away at line 102 in file classes/db/DbPDO.php
*ERROR* 	2024/11/21 - 06:35:39: Link to database cannot be established:SQLSTATE[HY000] [2006] MySQL server has gone away at line 102 in file classes/db/DbPDO.php
*ERROR* 	2024/11/21 - 06:35:39: Link to database cannot be established:SQLSTATE[HY000] [2002] Connection refused at line 102 in file classes/db/DbPDO.php
*ERROR* 	2024/11/21 - 06:35:39: Link to database cannot be established:SQLSTATE[HY000] [2006] MySQL server has gone away at line 102 in file classes/db/DbPDO.php
*ERROR* 	2024/11/21 - 06:35:39: Link to database cannot be established:SQLSTATE[HY000] [2006] MySQL server has gone away at line 102 in file classes/db/DbPDO.php
*ERROR* 	2024/11/21 - 06:35:39: Link to database cannot be established:SQLSTATE[HY000] [2006] MySQL server has gone away at line 102 in file classes/db/DbPDO.php
*ERROR* 	2024/11/21 - 06:35:39: Link to database cannot be established:SQLSTATE[HY000] [2006] MySQL server has gone away at line 102 in file classes/db/DbPDO.php
*ERROR* 	2024/11/21 - 06:35:39: Link to database cannot be established:SQLSTATE[HY000] [2006] MySQL server has gone away at line 102 in file classes/db/DbPDO.php
*ERROR* 	2024/11/21 - 06:35:39: Link to database cannot be established:SQLSTATE[HY000] [2006] MySQL server has gone away at line 102 in file classes/db/DbPDO.php
*ERROR* 	2024/11/21 - 06:35:39: Link to database cannot be established:SQLSTATE[HY000] [2006] MySQL server has gone away at line 102 in file classes/db/DbPDO.php
*ERROR* 	2024/11/21 - 06:35:39: Link to database cannot be established:SQLSTATE[HY000] [2006] MySQL server has gone away at line 102 in file classes/db/DbPDO.php
*ERROR* 	2024/11/21 - 06:35:39: Link to database cannot be established:SQLSTATE[HY000] [2006] MySQL server has gone away at line 102 in file classes/db/DbPDO.php
*ERROR* 	2024/11/21 - 06:35:39: Link to database cannot be established:SQLSTATE[HY000] [2006] MySQL server has gone away at line 102 in file classes/db/DbPDO.php
*ERROR* 	2024/11/21 - 06:35:39: Link to database cannot be established:SQLSTATE[HY000] [2006] MySQL server has gone away at line 102 in file classes/db/DbPDO.php
*ERROR* 	2024/11/21 - 06:35:39: Link to database cannot be established:SQLSTATE[HY000] [2006] MySQL server has gone away at line 102 in file classes/db/DbPDO.php
*ERROR* 	2024/11/21 - 06:35:39: Link to database cannot be established:SQLSTATE[HY000] [2006] MySQL server has gone away at line 102 in file classes/db/DbPDO.php
*ERROR* 	2024/11/21 - 06:35:39: Link to database cannot be established:SQLSTATE[HY000] [2006] MySQL server has gone away at line 102 in file classes/db/DbPDO.php
*ERROR* 	2024/11/21 - 06:35:39: Link to database cannot be established:SQLSTATE[HY000] [2006] MySQL server has gone away at line 102 in file classes/db/DbPDO.php
*ERROR* 	2024/11/21 - 06:35:39: Link to database cannot be established:SQLSTATE[HY000] [2006] MySQL server has gone away at line 102 in file classes/db/DbPDO.php
*ERROR* 	2024/11/21 - 06:35:39: Link to database cannot be established:SQLSTATE[HY000] [2006] MySQL server has gone away at line 102 in file classes/db/DbPDO.php
*ERROR* 	2024/11/21 - 06:35:39: Link to database cannot be established:SQLSTATE[HY000] [2002] Connection refused at line 102 in file classes/db/DbPDO.php
*ERROR* 	2024/11/21 - 06:35:39: Link to database cannot be established:SQLSTATE[HY000] [2002] Resource temporarily unavailable at line 102 in file classes/db/DbPDO.php
*ERROR* 	2024/11/21 - 06:35:39: Link to database cannot be established:SQLSTATE[HY000] [2006] MySQL server has gone away at line 102 in file classes/db/DbPDO.php
*ERROR* 	2024/11/21 - 06:35:39: Link to database cannot be established:SQLSTATE[HY000] [2006] MySQL server has gone away at line 102 in file classes/db/DbPDO.php
*ERROR* 	2024/11/21 - 06:35:39: Link to database cannot be established:SQLSTATE[HY000] [2006] MySQL server has gone away at line 102 in file classes/db/DbPDO.php
*ERROR* 	2024/11/21 - 06:35:39: Link to database cannot be established:SQLSTATE[HY000] [2006] MySQL server has gone away at line 102 in file classes/db/DbPDO.php
*ERROR* 	2024/11/21 - 06:35:39: Link to database cannot be established:SQLSTATE[HY000] [2006] MySQL server has gone away at line 102 in file classes/db/DbPDO.php
*ERROR* 	2024/11/21 - 06:35:39: Link to database cannot be established:SQLSTATE[HY000] [2006] MySQL server has gone away at line 102 in file classes/db/DbPDO.php
*ERROR* 	2024/11/21 - 06:35:39: Link to database cannot be established:SQLSTATE[HY000] [2002] Resource temporarily unavailable at line 102 in file classes/db/DbPDO.php
*ERROR* 	2024/11/21 - 06:35:39: Link to database cannot be established:SQLSTATE[HY000] [2006] MySQL server has gone away at line 102 in file classes/db/DbPDO.php
*ERROR* 	2024/11/21 - 06:35:39: Link to database cannot be established:SQLSTATE[HY000] [2006] MySQL server has gone away at line 102 in file classes/db/DbPDO.php
*ERROR* 	2024/11/21 - 06:35:39: Link to database cannot be established:SQLSTATE[HY000] [2006] MySQL server has gone away at line 102 in file classes/db/DbPDO.php
*ERROR* 	2024/11/21 - 06:35:39: Link to database cannot be established:SQLSTATE[HY000] [2006] MySQL server has gone away at line 102 in file classes/db/DbPDO.php
*ERROR* 	2024/11/21 - 06:35:39: Link to database cannot be established:SQLSTATE[HY000] [2006] MySQL server has gone away at line 102 in file classes/db/DbPDO.php
*ERROR* 	2024/11/21 - 06:35:39: Link to database cannot be established:SQLSTATE[HY000] [2006] MySQL server has gone away at line 102 in file classes/db/DbPDO.php
*ERROR* 	2024/11/21 - 06:35:39: Link to database cannot be established:SQLSTATE[HY000] [2002] Resource temporarily unavailable at line 102 in file classes/db/DbPDO.php
*ERROR* 	2024/11/21 - 06:35:39: Link to database cannot be established:SQLSTATE[HY000] [2006] MySQL server has gone away at line 102 in file classes/db/DbPDO.php
*ERROR* 	2024/11/21 - 06:35:39: Link to database cannot be established:SQLSTATE[HY000] [2006] MySQL server has gone away at line 102 in file classes/db/DbPDO.php
*ERROR* 	2024/11/21 - 06:35:39: Link to database cannot be established:SQLSTATE[HY000] [2006] MySQL server has gone away at line 102 in file classes/db/DbPDO.php
*ERROR* 	2024/11/21 - 06:35:39: Link to database cannot be established:SQLSTATE[HY000] [2006] MySQL server has gone away at line 102 in file classes/db/DbPDO.php
*ERROR* 	2024/11/21 - 06:35:39: Link to database cannot be established:SQLSTATE[HY000] [2006] MySQL server has gone away at line 102 in file classes/db/DbPDO.php
*ERROR* 	2024/11/21 - 06:35:39: Link to database cannot be established:SQLSTATE[HY000] [2006] MySQL server has gone away at line 102 in file classes/db/DbPDO.php
*ERROR* 	2024/11/21 - 06:35:39: Link to database cannot be established:SQLSTATE[HY000] [2002] Resource temporarily unavailable at line 102 in file classes/db/DbPDO.php
*ERROR* 	2024/11/21 - 06:35:39: Link to database cannot be established:SQLSTATE[HY000] [2006] MySQL server has gone away at line 102 in file classes/db/DbPDO.php
*ERROR* 	2024/11/21 - 06:35:39: Link to database cannot be established:SQLSTATE[HY000] [2006] MySQL server has gone away at line 102 in file classes/db/DbPDO.php
*ERROR* 	2024/11/21 - 06:35:39: Link to database cannot be established:SQLSTATE[HY000] [2002] Resource temporarily unavailable at line 102 in file classes/db/DbPDO.php
*ERROR* 	2024/11/21 - 06:35:39: Link to database cannot be established:SQLSTATE[HY000] [2002] Connection refused at line 102 in file classes/db/DbPDO.php
*ERROR* 	2024/11/21 - 06:35:39: Link to database cannot be established:SQLSTATE[HY000] [2006] MySQL server has gone away at line 102 in file classes/db/DbPDO.php
*ERROR* 	2024/11/21 - 06:35:39: Link to database cannot be established:SQLSTATE[HY000] [2002] Resource temporarily unavailable at line 102 in file classes/db/DbPDO.php
*ERROR* 	2024/11/21 - 06:35:39: Link to database cannot be established:SQLSTATE[HY000] [2002] Connection refused at line 102 in file classes/db/DbPDO.php
*ERROR* 	2024/11/21 - 06:35:39: Link to database cannot be established:SQLSTATE[HY000] [2002] Resource temporarily unavailable at line 102 in file classes/db/DbPDO.php
*ERROR* 	2024/11/21 - 06:35:39: Link to database cannot be established:SQLSTATE[HY000] [2002] Resource temporarily unavailable at line 102 in file classes/db/DbPDO.php
*ERROR* 	2024/11/21 - 06:35:39: Link to database cannot be established:SQLSTATE[HY000] [2002] Resource temporarily unavailable at line 102 in file classes/db/DbPDO.php
*ERROR* 	2024/11/21 - 06:35:39: Link to database cannot be established:SQLSTATE[HY000] [2006] MySQL server has gone away at line 102 in file classes/db/DbPDO.php
*ERROR* 	2024/11/21 - 06:35:39: Link to database cannot be established:SQLSTATE[HY000] [2002] Resource temporarily unavailable at line 102 in file classes/db/DbPDO.php
*ERROR* 	2024/11/21 - 06:35:39: Link to database cannot be established:SQLSTATE[HY000] [2002] Resource temporarily unavailable at line 102 in file classes/db/DbPDO.php
*ERROR* 	2024/11/21 - 06:35:39: Link to database cannot be established:SQLSTATE[HY000] [2002] Resource temporarily unavailable at line 102 in file classes/db/DbPDO.php
*ERROR* 	2024/11/21 - 06:35:39: Link to database cannot be established:SQLSTATE[HY000] [2002] Connection refused at line 102 in file classes/db/DbPDO.php
*ERROR* 	2024/11/21 - 06:35:39: Link to database cannot be established:SQLSTATE[HY000] [2002] Resource temporarily unavailable at line 102 in file classes/db/DbPDO.php
*ERROR* 	2024/11/21 - 06:35:39: Link to database cannot be established:SQLSTATE[HY000] [2002] Resource temporarily unavailable at line 102 in file classes/db/DbPDO.php
*ERROR* 	2024/11/21 - 06:35:39: Link to database cannot be established:SQLSTATE[HY000] [2002] Resource temporarily unavailable at line 102 in file classes/db/DbPDO.php
*ERROR* 	2024/11/21 - 06:35:39: Link to database cannot be established:SQLSTATE[HY000] [2002] Resource temporarily unavailable at line 102 in file classes/db/DbPDO.php
*ERROR* 	2024/11/21 - 06:35:39: Link to database cannot be established:SQLSTATE[HY000] [2006] MySQL server has gone away at line 102 in file classes/db/DbPDO.php
*ERROR* 	2024/11/21 - 06:35:39: Link to database cannot be established:SQLSTATE[HY000] [2002] Connection refused at line 102 in file classes/db/DbPDO.php
*ERROR* 	2024/11/21 - 06:35:39: Link to database cannot be established:SQLSTATE[HY000] [2002] Connection refused at line 102 in file classes/db/DbPDO.php
*ERROR* 	2024/11/21 - 06:35:39: Link to database cannot be established:SQLSTATE[HY000] [2002] Resource temporarily unavailable at line 102 in file classes/db/DbPDO.php
*ERROR* 	2024/11/21 - 06:35:39: Link to database cannot be established:SQLSTATE[HY000] [2002] Resource temporarily unavailable at line 102 in file classes/db/DbPDO.php
*ERROR* 	2024/11/21 - 06:35:39: Link to database cannot be established:SQLSTATE[HY000] [2002] Connection refused at line 102 in file classes/db/DbPDO.php
*ERROR* 	2024/11/21 - 06:35:39: Link to database cannot be established:SQLSTATE[HY000] [2002] Connection refused at line 102 in file classes/db/DbPDO.php
*ERROR* 	2024/11/21 - 06:35:39: Link to database cannot be established:SQLSTATE[HY000] [2002] Resource temporarily unavailable at line 102 in file classes/db/DbPDO.php
*ERROR* 	2024/11/21 - 06:35:39: Link to database cannot be established:SQLSTATE[HY000] [2002] Connection refused at line 102 in file classes/db/DbPDO.php
*ERROR* 	2024/11/21 - 06:35:39: Link to database cannot be established:SQLSTATE[HY000] [2002] Resource temporarily unavailable at line 102 in file classes/db/DbPDO.php
*ERROR* 	2024/11/21 - 06:35:39: Link to database cannot be established:SQLSTATE[HY000] [2002] Connection refused at line 102 in file classes/db/DbPDO.php
*ERROR* 	2024/11/21 - 06:35:39: Link to database cannot be established:SQLSTATE[HY000] [2002] Connection refused at line 102 in file classes/db/DbPDO.php
*ERROR* 	2024/11/21 - 06:35:39: Link to database cannot be established:SQLSTATE[HY000] [2002] Connection refused at line 102 in file classes/db/DbPDO.php
*ERROR* 	2024/11/21 - 06:35:39: Link to database cannot be established:SQLSTATE[HY000] [2002] Connection refused at line 102 in file classes/db/DbPDO.php
*ERROR* 	2024/11/21 - 06:35:39: Link to database cannot be established:SQLSTATE[HY000] [2006] MySQL server has gone away at line 102 in file classes/db/DbPDO.php
*ERROR* 	2024/11/21 - 06:35:39: Link to database cannot be established:SQLSTATE[HY000] [2002] Connection refused at line 102 in file classes/db/DbPDO.php
*ERROR* 	2024/11/21 - 06:35:39: Link to database cannot be established:SQLSTATE[HY000] [2002] Connection refused at line 102 in file classes/db/DbPDO.php
*ERROR* 	2024/11/21 - 06:35:39: Link to database cannot be established:SQLSTATE[HY000] [2002] Resource temporarily unavailable at line 102 in file classes/db/DbPDO.php
*ERROR* 	2024/11/21 - 06:35:39: Link to database cannot be established:SQLSTATE[HY000] [2002] Resource temporarily unavailable at line 102 in file classes/db/DbPDO.php
*ERROR* 	2024/11/21 - 06:35:39: Link to database cannot be established:SQLSTATE[HY000] [2002] Connection refused at line 102 in file classes/db/DbPDO.php
*ERROR* 	2024/11/21 - 06:35:39: Link to database cannot be established:SQLSTATE[HY000] [2002] Resource temporarily unavailable at line 102 in file classes/db/DbPDO.php
*ERROR* 	2024/11/21 - 06:35:39: Link to database cannot be established:SQLSTATE[HY000] [2002] Connection refused at line 102 in file classes/db/DbPDO.php
*ERROR* 	2024/11/21 - 06:35:39: Link to database cannot be established:SQLSTATE[HY000] [2002] Connection refused at line 102 in file classes/db/DbPDO.php
*ERROR* 	2024/11/21 - 06:35:39: Link to database cannot be established:SQLSTATE[HY000] [2002] Connection refused at line 102 in file classes/db/DbPDO.php
*ERROR* 	2024/11/21 - 06:35:39: Link to database cannot be established:SQLSTATE[HY000] [2002] Connection refused at line 102 in file classes/db/DbPDO.php
*ERROR* 	2024/11/21 - 06:35:39: Link to database cannot be established:SQLSTATE[HY000] [2002] Connection refused at line 102 in file classes/db/DbPDO.php
*ERROR* 	2024/11/21 - 06:35:39: Link to database cannot be established:SQLSTATE[HY000] [2002] Connection refused at line 102 in file classes/db/DbPDO.php
*ERROR* 	2024/11/21 - 06:35:39: Link to database cannot be established:SQLSTATE[HY000] [2002] Resource temporarily unavailable at line 102 in file classes/db/DbPDO.php
*ERROR* 	2024/11/21 - 06:35:39: Link to database cannot be established:SQLSTATE[HY000] [2002] Connection refused at line 102 in file classes/db/DbPDO.php
*ERROR* 	2024/11/21 - 06:35:39: Link to database cannot be established:SQLSTATE[HY000] [2002] Resource temporarily unavailable at line 102 in file classes/db/DbPDO.php
*ERROR* 	2024/11/21 - 06:35:39: Link to database cannot be established:SQLSTATE[HY000] [2002] Resource temporarily unavailable at line 102 in file classes/db/DbPDO.php
*ERROR* 	2024/11/21 - 06:35:39: Link to database cannot be established:SQLSTATE[HY000] [2002] Connection refused at line 102 in file classes/db/DbPDO.php
*ERROR* 	2024/11/21 - 06:35:39: Link to database cannot be established:SQLSTATE[HY000] [2002] Connection refused at line 102 in file classes/db/DbPDO.php
*ERROR* 	2024/11/21 - 06:35:39: Link to database cannot be established:SQLSTATE[HY000] [2002] Connection refused at line 102 in file classes/db/DbPDO.php
*ERROR* 	2024/11/21 - 06:35:39: Link to database cannot be established:SQLSTATE[HY000] [2006] MySQL server has gone away at line 102 in file classes/db/DbPDO.php
*ERROR* 	2024/11/21 - 06:35:39: Link to database cannot be established:SQLSTATE[HY000] [2002] Connection refused at line 102 in file classes/db/DbPDO.php
*ERROR* 	2024/11/21 - 06:35:39: Link to database cannot be established:SQLSTATE[HY000] [2002] Resource temporarily unavailable at line 102 in file classes/db/DbPDO.php
*ERROR* 	2024/11/21 - 06:35:39: Link to database cannot be established:SQLSTATE[HY000] [2002] Resource temporarily unavailable at line 102 in file classes/db/DbPDO.php
*ERROR* 	2024/11/21 - 06:35:39: Link to database cannot be established:SQLSTATE[HY000] [2002] Connection refused at line 102 in file classes/db/DbPDO.php
*ERROR* 	2024/11/21 - 06:35:39: Link to database cannot be established:SQLSTATE[HY000] [2002] Resource temporarily unavailable at line 102 in file classes/db/DbPDO.php
*ERROR* 	2024/11/21 - 06:35:39: Link to database cannot be established:SQLSTATE[HY000] [2002] Connection refused at line 102 in file classes/db/DbPDO.php
*ERROR* 	2024/11/21 - 06:35:39: Link to database cannot be established:SQLSTATE[HY000] [2002] Connection refused at line 102 in file classes/db/DbPDO.php
*ERROR* 	2024/11/21 - 06:35:39: Link to database cannot be established:SQLSTATE[HY000] [2002] Connection refused at line 102 in file classes/db/DbPDO.php
*ERROR* 	2024/11/21 - 06:35:39: Link to database cannot be established:SQLSTATE[HY000] [2002] Connection refused at line 102 in file classes/db/DbPDO.php
*ERROR* 	2024/11/21 - 06:35:39: Link to database cannot be established:SQLSTATE[HY000] [2002] Resource temporarily unavailable at line 102 in file classes/db/DbPDO.php
*ERROR* 	2024/11/21 - 06:35:39: Link to database cannot be established:SQLSTATE[HY000] [2002] Resource temporarily unavailable at line 102 in file classes/db/DbPDO.php
*ERROR* 	2024/11/21 - 06:35:39: Link to database cannot be established:SQLSTATE[HY000] [2002] Connection refused at line 102 in file classes/db/DbPDO.php
*ERROR* 	2024/11/21 - 06:35:39: Link to database cannot be established:SQLSTATE[HY000] [2002] Connection refused at line 102 in file classes/db/DbPDO.php
*ERROR* 	2024/11/21 - 06:35:39: Link to database cannot be established:SQLSTATE[HY000] [2002] Connection refused at line 102 in file classes/db/DbPDO.php
*ERROR* 	2024/11/21 - 06:35:39: Link to database cannot be established:SQLSTATE[HY000] [2002] Connection refused at line 102 in file classes/db/DbPDO.php
*ERROR* 	2024/11/21 - 06:35:39: Link to database cannot be established:SQLSTATE[HY000] [2002] Resource temporarily unavailable at line 102 in file classes/db/DbPDO.php
*ERROR* 	2024/11/21 - 06:35:39: Link to database cannot be established:SQLSTATE[HY000] [2002] Connection refused at line 102 in file classes/db/DbPDO.php
*ERROR* 	2024/11/21 - 06:35:39: Link to database cannot be established:SQLSTATE[HY000] [2002] Connection refused at line 102 in file classes/db/DbPDO.php
*ERROR* 	2024/11/21 - 06:35:39: Link to database cannot be established:SQLSTATE[HY000] [2002] Resource temporarily unavailable at line 102 in file classes/db/DbPDO.php
*ERROR* 	2024/11/21 - 06:35:39: Link to database cannot be established:SQLSTATE[HY000] [2002] Connection refused at line 102 in file classes/db/DbPDO.php
*ERROR* 	2024/11/21 - 06:35:39: Link to database cannot be established:SQLSTATE[HY000] [2002] Connection refused at line 102 in file classes/db/DbPDO.php
*ERROR* 	2024/11/21 - 06:35:39: Link to database cannot be established:SQLSTATE[HY000] [2006] MySQL server has gone away at line 102 in file classes/db/DbPDO.php
*ERROR* 	2024/11/21 - 06:35:39: Link to database cannot be established:SQLSTATE[HY000] [2002] Connection refused at line 102 in file classes/db/DbPDO.php
*ERROR* 	2024/11/21 - 06:35:39: Link to database cannot be established:SQLSTATE[HY000] [2006] MySQL server has gone away at line 102 in file classes/db/DbPDO.php
*ERROR* 	2024/11/21 - 06:35:39: Link to database cannot be established:SQLSTATE[HY000] [2002] Connection refused at line 102 in file classes/db/DbPDO.php
*ERROR* 	2024/11/21 - 06:35:39: Link to database cannot be established:SQLSTATE[HY000] [2002] Connection refused at line 102 in file classes/db/DbPDO.php
*ERROR* 	2024/11/21 - 06:35:39: Link to database cannot be established:SQLSTATE[HY000] [2006] MySQL server has gone away at line 102 in file classes/db/DbPDO.php
*ERROR* 	2024/11/21 - 06:35:39: Link to database cannot be established:SQLSTATE[HY000] [2006] MySQL server has gone away at line 102 in file classes/db/DbPDO.php
*ERROR* 	2024/11/21 - 06:35:39: Link to database cannot be established:SQLSTATE[HY000] [2002] Connection refused at line 102 in file classes/db/DbPDO.php
*ERROR* 	2024/11/21 - 06:35:39: Link to database cannot be established:SQLSTATE[HY000] [2006] MySQL server has gone away at line 102 in file classes/db/DbPDO.php
*ERROR* 	2024/11/21 - 06:35:39: Link to database cannot be established:SQLSTATE[HY000] [2002] Connection refused at line 102 in file classes/db/DbPDO.php
*ERROR* 	2024/11/21 - 06:35:39: Link to database cannot be established:SQLSTATE[HY000] [2006] MySQL server has gone away at line 102 in file classes/db/DbPDO.php
*ERROR* 	2024/11/21 - 06:35:39: Link to database cannot be established:SQLSTATE[HY000] [2006] MySQL server has gone away at line 102 in file classes/db/DbPDO.php
*ERROR* 	2024/11/21 - 06:35:39: Link to database cannot be established:SQLSTATE[HY000] [2002] Connection refused at line 102 in file classes/db/DbPDO.php
*ERROR* 	2024/11/21 - 06:35:39: Link to database cannot be established:SQLSTATE[HY000] [2006] MySQL server has gone away at line 102 in file classes/db/DbPDO.php
*ERROR* 	2024/11/21 - 06:35:39: Link to database cannot be established:SQLSTATE[HY000] [2002] Connection refused at line 102 in file classes/db/DbPDO.php
*ERROR* 	2024/11/21 - 06:35:39: Link to database cannot be established:SQLSTATE[HY000] [2002] Connection refused at line 102 in file classes/db/DbPDO.php
*ERROR* 	2024/11/21 - 06:35:39: Link to database cannot be established:SQLSTATE[HY000] [2006] MySQL server has gone away at line 102 in file classes/db/DbPDO.php
*ERROR* 	2024/11/21 - 06:35:39: Link to database cannot be established:SQLSTATE[HY000] [2002] Connection refused at line 102 in file classes/db/DbPDO.php
*ERROR* 	2024/11/21 - 06:35:39: Link to database cannot be established:SQLSTATE[HY000] [2006] MySQL server has gone away at line 102 in file classes/db/DbPDO.php
*ERROR* 	2024/11/21 - 06:35:39: Link to database cannot be established:SQLSTATE[HY000] [2002] Connection refused at line 102 in file classes/db/DbPDO.php
*ERROR* 	2024/11/21 - 06:35:39: Link to database cannot be established:SQLSTATE[HY000] [2002] Connection refused at line 102 in file classes/db/DbPDO.php
*ERROR* 	2024/11/21 - 06:35:39: Link to database cannot be established:SQLSTATE[HY000] [2002] Connection refused at line 102 in file classes/db/DbPDO.php
*ERROR* 	2024/11/21 - 06:35:39: Link to database cannot be established:SQLSTATE[HY000] [2002] Connection refused at line 102 in file classes/db/DbPDO.php
*ERROR* 	2024/11/21 - 06:35:39: Link to database cannot be established:SQLSTATE[HY000] [2002] Connection refused at line 102 in file classes/db/DbPDO.php
*ERROR* 	2024/11/21 - 06:35:39: Link to database cannot be established:SQLSTATE[HY000] [2002] Connection refused at line 102 in file classes/db/DbPDO.php
*ERROR* 	2024/11/21 - 06:35:39: Link to database cannot be established:SQLSTATE[HY000] [2006] MySQL server has gone away at line 102 in file classes/db/DbPDO.php
*ERROR* 	2024/11/21 - 06:35:39: Link to database cannot be established:SQLSTATE[HY000] [2002] Connection refused at line 102 in file classes/db/DbPDO.php
*ERROR* 	2024/11/21 - 06:35:39: Link to database cannot be established:SQLSTATE[HY000] [2006] MySQL server has gone away at line 102 in file classes/db/DbPDO.php
*ERROR* 	2024/11/21 - 06:35:39: Link to database cannot be established:SQLSTATE[HY000] [2002] Connection refused at line 102 in file classes/db/DbPDO.php
*ERROR* 	2024/11/21 - 06:35:39: Link to database cannot be established:SQLSTATE[HY000] [2002] Connection refused at line 102 in file classes/db/DbPDO.php
*ERROR* 	2024/11/21 - 06:35:39: Link to database cannot be established:SQLSTATE[HY000] [2002] Connection refused at line 102 in file classes/db/DbPDO.php
*ERROR* 	2024/11/21 - 06:35:39: Link to database cannot be established:SQLSTATE[HY000] [2002] Connection refused at line 102 in file classes/db/DbPDO.php
*ERROR* 	2024/11/21 - 06:35:39: Link to database cannot be established:SQLSTATE[HY000] [2002] Connection refused at line 102 in file classes/db/DbPDO.php
*ERROR* 	2024/11/21 - 06:35:39: Link to database cannot be established:SQLSTATE[HY000] [2002] Connection refused at line 102 in file classes/db/DbPDO.php
*ERROR* 	2024/11/21 - 06:35:39: Link to database cannot be established:SQLSTATE[HY000] [2002] Connection refused at line 102 in file classes/db/DbPDO.php
*ERROR* 	2024/11/21 - 06:35:40: Link to database cannot be established:SQLSTATE[HY000] [2002] Connection refused at line 102 in file classes/db/DbPDO.php
*ERROR* 	2024/11/21 - 06:35:40: Link to database cannot be established:SQLSTATE[HY000] [2002] Connection refused at line 102 in file classes/db/DbPDO.php
*ERROR* 	2024/11/21 - 06:35:41: Link to database cannot be established:SQLSTATE[HY000] [2002] Connection refused at line 102 in file classes/db/DbPDO.php
*ERROR* 	2024/11/21 - 06:35:41: Link to database cannot be established:SQLSTATE[HY000] [2002] Connection refused at line 102 in file classes/db/DbPDO.php
*ERROR* 	2024/11/21 - 06:35:42: Link to database cannot be established:SQLSTATE[HY000] [2002] Connection refused at line 102 in file classes/db/DbPDO.php
*ERROR* 	2024/11/21 - 06:35:42: Link to database cannot be established:SQLSTATE[HY000] [2002] Connection refused at line 102 in file classes/db/DbPDO.php
*ERROR* 	2024/11/21 - 06:35:42: Link to database cannot be established:SQLSTATE[HY000] [2002] Connection refused at line 102 in file classes/db/DbPDO.php
*ERROR* 	2024/11/21 - 06:35:42: Link to database cannot be established:SQLSTATE[HY000] [2002] Connection refused at line 102 in file classes/db/DbPDO.php
*ERROR* 	2024/11/21 - 06:35:43: Link to database cannot be established:SQLSTATE[HY000] [2002] Connection refused at line 102 in file classes/db/DbPDO.php
*ERROR* 	2024/11/21 - 06:35:44: Link to database cannot be established:SQLSTATE[HY000] [2002] Connection refused at line 102 in file classes/db/DbPDO.php
*ERROR* 	2024/11/21 - 06:35:44: Link to database cannot be established:SQLSTATE[HY000] [2002] Connection refused at line 102 in file classes/db/DbPDO.php
*ERROR* 	2024/11/21 - 06:35:45: Link to database cannot be established:SQLSTATE[HY000] [2002] Connection refused at line 102 in file classes/db/DbPDO.php
*ERROR* 	2024/11/21 - 06:35:46: Link to database cannot be established:SQLSTATE[HY000] [2002] Connection refused at line 102 in file classes/db/DbPDO.php
