*ERROR* 	2024/11/24 - 21:07:15: Link to database cannot be established:SQLSTATE[HY000] [1203] User parkur_pegazshop already has more than 'max_user_connections' active connections at line 102 in file classes/db/DbPDO.php
*ERROR* 	2024/11/24 - 21:07:15: Link to database cannot be established:SQLSTATE[HY000] [1203] User parkur_pegazshop already has more than 'max_user_connections' active connections at line 102 in file classes/db/DbPDO.php
*ERROR* 	2024/11/24 - 21:07:15: Link to database cannot be established:SQLSTATE[HY000] [1203] User parkur_pegazshop already has more than 'max_user_connections' active connections at line 102 in file classes/db/DbPDO.php
*ERROR* 	2024/11/24 - 21:07:15: Link to database cannot be established:SQLSTATE[HY000] [1203] User parkur_pegazshop already has more than 'max_user_connections' active connections at line 102 in file classes/db/DbPDO.php
*ERROR* 	2024/11/24 - 21:07:15: Link to database cannot be established:SQLSTATE[HY000] [1203] User parkur_pegazshop already has more than 'max_user_connections' active connections at line 102 in file classes/db/DbPDO.php
*ERROR* 	2024/11/24 - 21:07:15: Link to database cannot be established:SQLSTATE[HY000] [1203] User parkur_pegazshop already has more than 'max_user_connections' active connections at line 102 in file classes/db/DbPDO.php
*ERROR* 	2024/11/24 - 21:07:15: Link to database cannot be established:SQLSTATE[HY000] [1203] User parkur_pegazshop already has more than 'max_user_connections' active connections at line 102 in file classes/db/DbPDO.php
*ERROR* 	2024/11/24 - 21:07:15: Link to database cannot be established:SQLSTATE[HY000] [1203] User parkur_pegazshop already has more than 'max_user_connections' active connections at line 102 in file classes/db/DbPDO.php
*ERROR* 	2024/11/24 - 21:07:15: Link to database cannot be established:SQLSTATE[HY000] [1203] User parkur_pegazshop already has more than 'max_user_connections' active connections at line 102 in file classes/db/DbPDO.php
*ERROR* 	2024/11/24 - 21:07:15: Link to database cannot be established:SQLSTATE[HY000] [1203] User parkur_pegazshop already has more than 'max_user_connections' active connections at line 102 in file classes/db/DbPDO.php
*ERROR* 	2024/11/24 - 21:07:15: Link to database cannot be established:SQLSTATE[HY000] [1203] User parkur_pegazshop already has more than 'max_user_connections' active connections at line 102 in file classes/db/DbPDO.php
*ERROR* 	2024/11/24 - 21:07:15: Link to database cannot be established:SQLSTATE[HY000] [1203] User parkur_pegazshop already has more than 'max_user_connections' active connections at line 102 in file classes/db/DbPDO.php
*ERROR* 	2024/11/24 - 21:07:15: Link to database cannot be established:SQLSTATE[HY000] [1203] User parkur_pegazshop already has more than 'max_user_connections' active connections at line 102 in file classes/db/DbPDO.php
*ERROR* 	2024/11/24 - 21:07:15: Link to database cannot be established:SQLSTATE[HY000] [1203] User parkur_pegazshop already has more than 'max_user_connections' active connections at line 102 in file classes/db/DbPDO.php
*ERROR* 	2024/11/24 - 21:07:15: Link to database cannot be established:SQLSTATE[HY000] [1203] User parkur_pegazshop already has more than 'max_user_connections' active connections at line 102 in file classes/db/DbPDO.php
*ERROR* 	2024/11/24 - 21:07:15: Link to database cannot be established:SQLSTATE[HY000] [1203] User parkur_pegazshop already has more than 'max_user_connections' active connections at line 102 in file classes/db/DbPDO.php
*ERROR* 	2024/11/24 - 21:07:15: Link to database cannot be established:SQLSTATE[HY000] [1203] User parkur_pegazshop already has more than 'max_user_connections' active connections at line 102 in file classes/db/DbPDO.php
*ERROR* 	2024/11/24 - 21:07:15: Link to database cannot be established:SQLSTATE[HY000] [1203] User parkur_pegazshop already has more than 'max_user_connections' active connections at line 102 in file classes/db/DbPDO.php
*ERROR* 	2024/11/24 - 21:07:15: Link to database cannot be established:SQLSTATE[HY000] [1203] User parkur_pegazshop already has more than 'max_user_connections' active connections at line 102 in file classes/db/DbPDO.php
*ERROR* 	2024/11/24 - 21:07:15: Link to database cannot be established:SQLSTATE[HY000] [1203] User parkur_pegazshop already has more than 'max_user_connections' active connections at line 102 in file classes/db/DbPDO.php
*ERROR* 	2024/11/24 - 21:07:15: Link to database cannot be established:SQLSTATE[HY000] [1203] User parkur_pegazshop already has more than 'max_user_connections' active connections at line 102 in file classes/db/DbPDO.php
*ERROR* 	2024/11/24 - 21:07:15: Link to database cannot be established:SQLSTATE[HY000] [1203] User parkur_pegazshop already has more than 'max_user_connections' active connections at line 102 in file classes/db/DbPDO.php
*ERROR* 	2024/11/24 - 21:07:15: Link to database cannot be established:SQLSTATE[HY000] [1203] User parkur_pegazshop already has more than 'max_user_connections' active connections at line 102 in file classes/db/DbPDO.php
*ERROR* 	2024/11/24 - 21:07:15: Link to database cannot be established:SQLSTATE[HY000] [1203] User parkur_pegazshop already has more than 'max_user_connections' active connections at line 102 in file classes/db/DbPDO.php
*ERROR* 	2024/11/24 - 21:07:15: Link to database cannot be established:SQLSTATE[HY000] [1203] User parkur_pegazshop already has more than 'max_user_connections' active connections at line 102 in file classes/db/DbPDO.php
*ERROR* 	2024/11/24 - 21:07:15: Link to database cannot be established:SQLSTATE[HY000] [1203] User parkur_pegazshop already has more than 'max_user_connections' active connections at line 102 in file classes/db/DbPDO.php
*ERROR* 	2024/11/24 - 21:07:15: Link to database cannot be established:SQLSTATE[HY000] [1203] User parkur_pegazshop already has more than 'max_user_connections' active connections at line 102 in file classes/db/DbPDO.php
*ERROR* 	2024/11/24 - 21:07:15: Link to database cannot be established:SQLSTATE[HY000] [1203] User parkur_pegazshop already has more than 'max_user_connections' active connections at line 102 in file classes/db/DbPDO.php
*ERROR* 	2024/11/24 - 21:07:15: Link to database cannot be established:SQLSTATE[HY000] [1203] User parkur_pegazshop already has more than 'max_user_connections' active connections at line 102 in file classes/db/DbPDO.php
*ERROR* 	2024/11/24 - 21:07:15: Link to database cannot be established:SQLSTATE[HY000] [1203] User parkur_pegazshop already has more than 'max_user_connections' active connections at line 102 in file classes/db/DbPDO.php
*ERROR* 	2024/11/24 - 21:07:15: Link to database cannot be established:SQLSTATE[HY000] [1203] User parkur_pegazshop already has more than 'max_user_connections' active connections at line 102 in file classes/db/DbPDO.php
*ERROR* 	2024/11/24 - 21:07:15: Link to database cannot be established:SQLSTATE[HY000] [1203] User parkur_pegazshop already has more than 'max_user_connections' active connections at line 102 in file classes/db/DbPDO.php
*ERROR* 	2024/11/24 - 21:07:15: Link to database cannot be established:SQLSTATE[HY000] [1203] User parkur_pegazshop already has more than 'max_user_connections' active connections at line 102 in file classes/db/DbPDO.php
*ERROR* 	2024/11/24 - 21:07:15: Link to database cannot be established:SQLSTATE[HY000] [1203] User parkur_pegazshop already has more than 'max_user_connections' active connections at line 102 in file classes/db/DbPDO.php
*ERROR* 	2024/11/24 - 21:07:15: Link to database cannot be established:SQLSTATE[HY000] [1203] User parkur_pegazshop already has more than 'max_user_connections' active connections at line 102 in file classes/db/DbPDO.php
*ERROR* 	2024/11/24 - 21:07:15: Link to database cannot be established:SQLSTATE[HY000] [1203] User parkur_pegazshop already has more than 'max_user_connections' active connections at line 102 in file classes/db/DbPDO.php
*ERROR* 	2024/11/24 - 21:07:15: Link to database cannot be established:SQLSTATE[HY000] [1203] User parkur_pegazshop already has more than 'max_user_connections' active connections at line 102 in file classes/db/DbPDO.php
*ERROR* 	2024/11/24 - 21:07:15: Link to database cannot be established:SQLSTATE[HY000] [1203] User parkur_pegazshop already has more than 'max_user_connections' active connections at line 102 in file classes/db/DbPDO.php
*ERROR* 	2024/11/24 - 21:07:15: Link to database cannot be established:SQLSTATE[HY000] [1203] User parkur_pegazshop already has more than 'max_user_connections' active connections at line 102 in file classes/db/DbPDO.php
*ERROR* 	2024/11/24 - 21:07:15: Link to database cannot be established:SQLSTATE[HY000] [1203] User parkur_pegazshop already has more than 'max_user_connections' active connections at line 102 in file classes/db/DbPDO.php
*ERROR* 	2024/11/24 - 21:07:15: Link to database cannot be established:SQLSTATE[HY000] [1203] User parkur_pegazshop already has more than 'max_user_connections' active connections at line 102 in file classes/db/DbPDO.php
*ERROR* 	2024/11/24 - 21:07:15: Link to database cannot be established:SQLSTATE[HY000] [1203] User parkur_pegazshop already has more than 'max_user_connections' active connections at line 102 in file classes/db/DbPDO.php
*ERROR* 	2024/11/24 - 21:07:15: Link to database cannot be established:SQLSTATE[HY000] [1203] User parkur_pegazshop already has more than 'max_user_connections' active connections at line 102 in file classes/db/DbPDO.php
*ERROR* 	2024/11/24 - 21:07:15: Link to database cannot be established:SQLSTATE[HY000] [1203] User parkur_pegazshop already has more than 'max_user_connections' active connections at line 102 in file classes/db/DbPDO.php
*ERROR* 	2024/11/24 - 21:07:15: Link to database cannot be established:SQLSTATE[HY000] [1203] User parkur_pegazshop already has more than 'max_user_connections' active connections at line 102 in file classes/db/DbPDO.php
*ERROR* 	2024/11/24 - 21:07:15: Link to database cannot be established:SQLSTATE[HY000] [1203] User parkur_pegazshop already has more than 'max_user_connections' active connections at line 102 in file classes/db/DbPDO.php
*ERROR* 	2024/11/24 - 21:07:15: Link to database cannot be established:SQLSTATE[HY000] [1203] User parkur_pegazshop already has more than 'max_user_connections' active connections at line 102 in file classes/db/DbPDO.php
*ERROR* 	2024/11/24 - 21:07:15: Link to database cannot be established:SQLSTATE[HY000] [1203] User parkur_pegazshop already has more than 'max_user_connections' active connections at line 102 in file classes/db/DbPDO.php
*ERROR* 	2024/11/24 - 21:07:15: Link to database cannot be established:SQLSTATE[HY000] [1203] User parkur_pegazshop already has more than 'max_user_connections' active connections at line 102 in file classes/db/DbPDO.php
*ERROR* 	2024/11/24 - 21:07:15: Link to database cannot be established:SQLSTATE[HY000] [1203] User parkur_pegazshop already has more than 'max_user_connections' active connections at line 102 in file classes/db/DbPDO.php
*ERROR* 	2024/11/24 - 21:07:15: Link to database cannot be established:SQLSTATE[HY000] [1203] User parkur_pegazshop already has more than 'max_user_connections' active connections at line 102 in file classes/db/DbPDO.php
*ERROR* 	2024/11/24 - 21:07:15: Link to database cannot be established:SQLSTATE[HY000] [1203] User parkur_pegazshop already has more than 'max_user_connections' active connections at line 102 in file classes/db/DbPDO.php
*ERROR* 	2024/11/24 - 21:07:15: Link to database cannot be established:SQLSTATE[HY000] [1203] User parkur_pegazshop already has more than 'max_user_connections' active connections at line 102 in file classes/db/DbPDO.php
*ERROR* 	2024/11/24 - 21:07:15: Link to database cannot be established:SQLSTATE[HY000] [1203] User parkur_pegazshop already has more than 'max_user_connections' active connections at line 102 in file classes/db/DbPDO.php
*ERROR* 	2024/11/24 - 21:07:15: Link to database cannot be established:SQLSTATE[HY000] [1203] User parkur_pegazshop already has more than 'max_user_connections' active connections at line 102 in file classes/db/DbPDO.php
*ERROR* 	2024/11/24 - 21:07:15: Link to database cannot be established:SQLSTATE[HY000] [1203] User parkur_pegazshop already has more than 'max_user_connections' active connections at line 102 in file classes/db/DbPDO.php
*ERROR* 	2024/11/24 - 21:07:15: Link to database cannot be established:SQLSTATE[HY000] [1203] User parkur_pegazshop already has more than 'max_user_connections' active connections at line 102 in file classes/db/DbPDO.php
*ERROR* 	2024/11/24 - 21:07:15: Link to database cannot be established:SQLSTATE[HY000] [1203] User parkur_pegazshop already has more than 'max_user_connections' active connections at line 102 in file classes/db/DbPDO.php
*ERROR* 	2024/11/24 - 21:07:15: Link to database cannot be established:SQLSTATE[HY000] [1203] User parkur_pegazshop already has more than 'max_user_connections' active connections at line 102 in file classes/db/DbPDO.php
*ERROR* 	2024/11/24 - 21:07:15: Link to database cannot be established:SQLSTATE[HY000] [1203] User parkur_pegazshop already has more than 'max_user_connections' active connections at line 102 in file classes/db/DbPDO.php
*ERROR* 	2024/11/24 - 21:07:15: Link to database cannot be established:SQLSTATE[HY000] [1203] User parkur_pegazshop already has more than 'max_user_connections' active connections at line 102 in file classes/db/DbPDO.php
*ERROR* 	2024/11/24 - 21:07:15: Link to database cannot be established:SQLSTATE[HY000] [1203] User parkur_pegazshop already has more than 'max_user_connections' active connections at line 102 in file classes/db/DbPDO.php
*ERROR* 	2024/11/24 - 21:07:15: Link to database cannot be established:SQLSTATE[HY000] [1203] User parkur_pegazshop already has more than 'max_user_connections' active connections at line 102 in file classes/db/DbPDO.php
*ERROR* 	2024/11/24 - 21:07:15: Link to database cannot be established:SQLSTATE[HY000] [1203] User parkur_pegazshop already has more than 'max_user_connections' active connections at line 102 in file classes/db/DbPDO.php
*ERROR* 	2024/11/24 - 21:07:15: Link to database cannot be established:SQLSTATE[HY000] [1203] User parkur_pegazshop already has more than 'max_user_connections' active connections at line 102 in file classes/db/DbPDO.php
*ERROR* 	2024/11/24 - 21:07:15: Link to database cannot be established:SQLSTATE[HY000] [1203] User parkur_pegazshop already has more than 'max_user_connections' active connections at line 102 in file classes/db/DbPDO.php
*ERROR* 	2024/11/24 - 21:07:15: Link to database cannot be established:SQLSTATE[HY000] [1203] User parkur_pegazshop already has more than 'max_user_connections' active connections at line 102 in file classes/db/DbPDO.php
*ERROR* 	2024/11/24 - 21:07:15: Link to database cannot be established:SQLSTATE[HY000] [1203] User parkur_pegazshop already has more than 'max_user_connections' active connections at line 102 in file classes/db/DbPDO.php
*ERROR* 	2024/11/24 - 21:07:15: Link to database cannot be established:SQLSTATE[HY000] [1203] User parkur_pegazshop already has more than 'max_user_connections' active connections at line 102 in file classes/db/DbPDO.php
*ERROR* 	2024/11/24 - 21:07:15: Link to database cannot be established:SQLSTATE[HY000] [1203] User parkur_pegazshop already has more than 'max_user_connections' active connections at line 102 in file classes/db/DbPDO.php
*ERROR* 	2024/11/24 - 21:07:15: Link to database cannot be established:SQLSTATE[HY000] [1203] User parkur_pegazshop already has more than 'max_user_connections' active connections at line 102 in file classes/db/DbPDO.php
*ERROR* 	2024/11/24 - 21:07:15: Link to database cannot be established:SQLSTATE[HY000] [1203] User parkur_pegazshop already has more than 'max_user_connections' active connections at line 102 in file classes/db/DbPDO.php
*ERROR* 	2024/11/24 - 21:07:15: Link to database cannot be established:SQLSTATE[HY000] [1203] User parkur_pegazshop already has more than 'max_user_connections' active connections at line 102 in file classes/db/DbPDO.php
*ERROR* 	2024/11/24 - 21:07:15: Link to database cannot be established:SQLSTATE[HY000] [1203] User parkur_pegazshop already has more than 'max_user_connections' active connections at line 102 in file classes/db/DbPDO.php
*ERROR* 	2024/11/24 - 21:07:15: Link to database cannot be established:SQLSTATE[HY000] [1203] User parkur_pegazshop already has more than 'max_user_connections' active connections at line 102 in file classes/db/DbPDO.php
*ERROR* 	2024/11/24 - 21:07:15: Link to database cannot be established:SQLSTATE[HY000] [1203] User parkur_pegazshop already has more than 'max_user_connections' active connections at line 102 in file classes/db/DbPDO.php
*ERROR* 	2024/11/24 - 21:07:15: Link to database cannot be established:SQLSTATE[HY000] [1203] User parkur_pegazshop already has more than 'max_user_connections' active connections at line 102 in file classes/db/DbPDO.php
*ERROR* 	2024/11/24 - 21:07:16: Link to database cannot be established:SQLSTATE[HY000] [1203] User parkur_pegazshop already has more than 'max_user_connections' active connections at line 102 in file classes/db/DbPDO.php
*ERROR* 	2024/11/24 - 21:07:16: Link to database cannot be established:SQLSTATE[HY000] [1203] User parkur_pegazshop already has more than 'max_user_connections' active connections at line 102 in file classes/db/DbPDO.php
*ERROR* 	2024/11/24 - 21:07:16: Link to database cannot be established:SQLSTATE[HY000] [1203] User parkur_pegazshop already has more than 'max_user_connections' active connections at line 102 in file classes/db/DbPDO.php
*ERROR* 	2024/11/24 - 21:07:16: Link to database cannot be established:SQLSTATE[HY000] [1203] User parkur_pegazshop already has more than 'max_user_connections' active connections at line 102 in file classes/db/DbPDO.php
*ERROR* 	2024/11/24 - 21:07:16: Link to database cannot be established:SQLSTATE[HY000] [1203] User parkur_pegazshop already has more than 'max_user_connections' active connections at line 102 in file classes/db/DbPDO.php
*ERROR* 	2024/11/24 - 21:07:16: Link to database cannot be established:SQLSTATE[HY000] [1203] User parkur_pegazshop already has more than 'max_user_connections' active connections at line 102 in file classes/db/DbPDO.php
*ERROR* 	2024/11/24 - 21:07:16: Link to database cannot be established:SQLSTATE[HY000] [1203] User parkur_pegazshop already has more than 'max_user_connections' active connections at line 102 in file classes/db/DbPDO.php
*ERROR* 	2024/11/24 - 21:07:16: Link to database cannot be established:SQLSTATE[HY000] [1203] User parkur_pegazshop already has more than 'max_user_connections' active connections at line 102 in file classes/db/DbPDO.php
*ERROR* 	2024/11/24 - 21:07:16: Link to database cannot be established:SQLSTATE[HY000] [1203] User parkur_pegazshop already has more than 'max_user_connections' active connections at line 102 in file classes/db/DbPDO.php
*ERROR* 	2024/11/24 - 21:07:16: Link to database cannot be established:SQLSTATE[HY000] [1203] User parkur_pegazshop already has more than 'max_user_connections' active connections at line 102 in file classes/db/DbPDO.php
*ERROR* 	2024/11/24 - 21:07:16: Link to database cannot be established:SQLSTATE[HY000] [1203] User parkur_pegazshop already has more than 'max_user_connections' active connections at line 102 in file classes/db/DbPDO.php
*ERROR* 	2024/11/24 - 21:07:16: Link to database cannot be established:SQLSTATE[HY000] [1203] User parkur_pegazshop already has more than 'max_user_connections' active connections at line 102 in file classes/db/DbPDO.php
*ERROR* 	2024/11/24 - 21:07:16: Link to database cannot be established:SQLSTATE[HY000] [1203] User parkur_pegazshop already has more than 'max_user_connections' active connections at line 102 in file classes/db/DbPDO.php
*ERROR* 	2024/11/24 - 21:07:16: Link to database cannot be established:SQLSTATE[HY000] [1203] User parkur_pegazshop already has more than 'max_user_connections' active connections at line 102 in file classes/db/DbPDO.php
*ERROR* 	2024/11/24 - 21:07:16: Link to database cannot be established:SQLSTATE[HY000] [1203] User parkur_pegazshop already has more than 'max_user_connections' active connections at line 102 in file classes/db/DbPDO.php
*ERROR* 	2024/11/24 - 21:07:16: Link to database cannot be established:SQLSTATE[HY000] [1203] User parkur_pegazshop already has more than 'max_user_connections' active connections at line 102 in file classes/db/DbPDO.php
*ERROR* 	2024/11/24 - 21:07:16: Link to database cannot be established:SQLSTATE[HY000] [1203] User parkur_pegazshop already has more than 'max_user_connections' active connections at line 102 in file classes/db/DbPDO.php
*ERROR* 	2024/11/24 - 21:07:16: Link to database cannot be established:SQLSTATE[HY000] [1203] User parkur_pegazshop already has more than 'max_user_connections' active connections at line 102 in file classes/db/DbPDO.php
*ERROR* 	2024/11/24 - 21:07:16: Link to database cannot be established:SQLSTATE[HY000] [1203] User parkur_pegazshop already has more than 'max_user_connections' active connections at line 102 in file classes/db/DbPDO.php
*ERROR* 	2024/11/24 - 21:07:16: Link to database cannot be established:SQLSTATE[HY000] [1203] User parkur_pegazshop already has more than 'max_user_connections' active connections at line 102 in file classes/db/DbPDO.php
*ERROR* 	2024/11/24 - 21:07:16: Link to database cannot be established:SQLSTATE[HY000] [1203] User parkur_pegazshop already has more than 'max_user_connections' active connections at line 102 in file classes/db/DbPDO.php
*ERROR* 	2024/11/24 - 21:07:16: Link to database cannot be established:SQLSTATE[HY000] [1203] User parkur_pegazshop already has more than 'max_user_connections' active connections at line 102 in file classes/db/DbPDO.php
*ERROR* 	2024/11/24 - 21:07:16: Link to database cannot be established:SQLSTATE[HY000] [1203] User parkur_pegazshop already has more than 'max_user_connections' active connections at line 102 in file classes/db/DbPDO.php
*ERROR* 	2024/11/24 - 21:07:21: Link to database cannot be established:SQLSTATE[HY000] [2006] MySQL server has gone away at line 102 in file classes/db/DbPDO.php
*ERROR* 	2024/11/24 - 21:07:21: Link to database cannot be established:SQLSTATE[HY000] [2006] MySQL server has gone away at line 102 in file classes/db/DbPDO.php
*ERROR* 	2024/11/24 - 21:07:21: Link to database cannot be established:SQLSTATE[HY000] [2006] MySQL server has gone away at line 102 in file classes/db/DbPDO.php
*ERROR* 	2024/11/24 - 21:07:21: Link to database cannot be established:SQLSTATE[HY000] [2002] Resource temporarily unavailable at line 102 in file classes/db/DbPDO.php
*ERROR* 	2024/11/24 - 21:07:21: Link to database cannot be established:SQLSTATE[HY000] [2002] Resource temporarily unavailable at line 102 in file classes/db/DbPDO.php
*ERROR* 	2024/11/24 - 21:07:21: Link to database cannot be established:SQLSTATE[HY000] [2006] MySQL server has gone away at line 102 in file classes/db/DbPDO.php
*ERROR* 	2024/11/24 - 21:07:21: Link to database cannot be established:SQLSTATE[HY000] [2006] MySQL server has gone away at line 102 in file classes/db/DbPDO.php
*ERROR* 	2024/11/24 - 21:07:21: Link to database cannot be established:SQLSTATE[HY000] [2006] MySQL server has gone away at line 102 in file classes/db/DbPDO.php
*ERROR* 	2024/11/24 - 21:07:21: Link to database cannot be established:SQLSTATE[HY000] [2002] Resource temporarily unavailable at line 102 in file classes/db/DbPDO.php
*ERROR* 	2024/11/24 - 21:07:21: Link to database cannot be established:SQLSTATE[HY000] [2006] MySQL server has gone away at line 102 in file classes/db/DbPDO.php
*ERROR* 	2024/11/24 - 21:07:21: Link to database cannot be established:SQLSTATE[HY000] [2006] MySQL server has gone away at line 102 in file classes/db/DbPDO.php
*ERROR* 	2024/11/24 - 21:07:21: Link to database cannot be established:SQLSTATE[HY000] [2006] MySQL server has gone away at line 102 in file classes/db/DbPDO.php
*ERROR* 	2024/11/24 - 21:07:21: Link to database cannot be established:SQLSTATE[HY000] [2006] MySQL server has gone away at line 102 in file classes/db/DbPDO.php
*ERROR* 	2024/11/24 - 21:07:21: Link to database cannot be established:SQLSTATE[HY000] [2002] Resource temporarily unavailable at line 102 in file classes/db/DbPDO.php
*ERROR* 	2024/11/24 - 21:07:21: Link to database cannot be established:SQLSTATE[HY000] [2006] MySQL server has gone away at line 102 in file classes/db/DbPDO.php
*ERROR* 	2024/11/24 - 21:07:21: Link to database cannot be established:SQLSTATE[HY000] [2006] MySQL server has gone away at line 102 in file classes/db/DbPDO.php
*ERROR* 	2024/11/24 - 21:07:21: Link to database cannot be established:SQLSTATE[HY000] [2002] Resource temporarily unavailable at line 102 in file classes/db/DbPDO.php
*ERROR* 	2024/11/24 - 21:07:21: Link to database cannot be established:SQLSTATE[HY000] [2006] MySQL server has gone away at line 102 in file classes/db/DbPDO.php
*ERROR* 	2024/11/24 - 21:07:21: Link to database cannot be established:SQLSTATE[HY000] [2006] MySQL server has gone away at line 102 in file classes/db/DbPDO.php
*ERROR* 	2024/11/24 - 21:07:21: Link to database cannot be established:SQLSTATE[HY000] [2006] MySQL server has gone away at line 102 in file classes/db/DbPDO.php
*ERROR* 	2024/11/24 - 21:07:21: Link to database cannot be established:SQLSTATE[HY000] [2002] Resource temporarily unavailable at line 102 in file classes/db/DbPDO.php
*ERROR* 	2024/11/24 - 21:07:21: Link to database cannot be established:SQLSTATE[HY000] [2006] MySQL server has gone away at line 102 in file classes/db/DbPDO.php
*ERROR* 	2024/11/24 - 21:07:21: Link to database cannot be established:SQLSTATE[HY000] [2006] MySQL server has gone away at line 102 in file classes/db/DbPDO.php
*ERROR* 	2024/11/24 - 21:07:21: Link to database cannot be established:SQLSTATE[HY000] [2006] MySQL server has gone away at line 102 in file classes/db/DbPDO.php
*ERROR* 	2024/11/24 - 21:07:21: Link to database cannot be established:SQLSTATE[HY000] [2006] MySQL server has gone away at line 102 in file classes/db/DbPDO.php
*ERROR* 	2024/11/24 - 21:07:21: Link to database cannot be established:SQLSTATE[HY000] [2006] MySQL server has gone away at line 102 in file classes/db/DbPDO.php
*ERROR* 	2024/11/24 - 21:07:21: Link to database cannot be established:SQLSTATE[HY000] [2002] Resource temporarily unavailable at line 102 in file classes/db/DbPDO.php
*ERROR* 	2024/11/24 - 21:07:21: Link to database cannot be established:SQLSTATE[HY000] [2006] MySQL server has gone away at line 102 in file classes/db/DbPDO.php
*ERROR* 	2024/11/24 - 21:07:21: Link to database cannot be established:SQLSTATE[HY000] [2006] MySQL server has gone away at line 102 in file classes/db/DbPDO.php
*ERROR* 	2024/11/24 - 21:07:21: Link to database cannot be established:SQLSTATE[HY000] [2006] MySQL server has gone away at line 102 in file classes/db/DbPDO.php
*ERROR* 	2024/11/24 - 21:07:21: Link to database cannot be established:SQLSTATE[HY000] [2006] MySQL server has gone away at line 102 in file classes/db/DbPDO.php
*ERROR* 	2024/11/24 - 21:07:21: Link to database cannot be established:SQLSTATE[HY000] [2006] MySQL server has gone away at line 102 in file classes/db/DbPDO.php
*ERROR* 	2024/11/24 - 21:07:21: Link to database cannot be established:SQLSTATE[HY000] [2006] MySQL server has gone away at line 102 in file classes/db/DbPDO.php
*ERROR* 	2024/11/24 - 21:07:21: Link to database cannot be established:SQLSTATE[HY000] [2006] MySQL server has gone away at line 102 in file classes/db/DbPDO.php
*ERROR* 	2024/11/24 - 21:07:21: Link to database cannot be established:SQLSTATE[HY000] [2006] MySQL server has gone away at line 102 in file classes/db/DbPDO.php
*ERROR* 	2024/11/24 - 21:07:21: Link to database cannot be established:SQLSTATE[HY000] [2006] MySQL server has gone away at line 102 in file classes/db/DbPDO.php
*ERROR* 	2024/11/24 - 21:07:21: Link to database cannot be established:SQLSTATE[HY000] [2006] MySQL server has gone away at line 102 in file classes/db/DbPDO.php
*ERROR* 	2024/11/24 - 21:07:21: Link to database cannot be established:SQLSTATE[HY000] [2002] Resource temporarily unavailable at line 102 in file classes/db/DbPDO.php
*ERROR* 	2024/11/24 - 21:07:21: Link to database cannot be established:SQLSTATE[HY000] [2006] MySQL server has gone away at line 102 in file classes/db/DbPDO.php
*ERROR* 	2024/11/24 - 21:07:21: Link to database cannot be established:SQLSTATE[HY000] [2006] MySQL server has gone away at line 102 in file classes/db/DbPDO.php
*ERROR* 	2024/11/24 - 21:07:21: Link to database cannot be established:SQLSTATE[HY000] [2006] MySQL server has gone away at line 102 in file classes/db/DbPDO.php
*ERROR* 	2024/11/24 - 21:07:21: Link to database cannot be established:SQLSTATE[HY000] [2006] MySQL server has gone away at line 102 in file classes/db/DbPDO.php
*ERROR* 	2024/11/24 - 21:07:21: Link to database cannot be established:SQLSTATE[HY000] [2002] Resource temporarily unavailable at line 102 in file classes/db/DbPDO.php
*ERROR* 	2024/11/24 - 21:07:21: Link to database cannot be established:SQLSTATE[HY000] [2006] MySQL server has gone away at line 102 in file classes/db/DbPDO.php
*ERROR* 	2024/11/24 - 21:07:21: Link to database cannot be established:SQLSTATE[HY000] [2006] MySQL server has gone away at line 102 in file classes/db/DbPDO.php
*ERROR* 	2024/11/24 - 21:07:21: Link to database cannot be established:SQLSTATE[HY000] [2006] MySQL server has gone away at line 102 in file classes/db/DbPDO.php
*ERROR* 	2024/11/24 - 21:07:21: Link to database cannot be established:SQLSTATE[HY000] [2006] MySQL server has gone away at line 102 in file classes/db/DbPDO.php
*ERROR* 	2024/11/24 - 21:07:21: Link to database cannot be established:SQLSTATE[HY000] [2006] MySQL server has gone away at line 102 in file classes/db/DbPDO.php
*ERROR* 	2024/11/24 - 21:07:21: Link to database cannot be established:SQLSTATE[HY000] [2006] MySQL server has gone away at line 102 in file classes/db/DbPDO.php
*ERROR* 	2024/11/24 - 21:07:21: Link to database cannot be established:SQLSTATE[HY000] [2006] MySQL server has gone away at line 102 in file classes/db/DbPDO.php
*ERROR* 	2024/11/24 - 21:07:21: Link to database cannot be established:SQLSTATE[HY000] [2006] MySQL server has gone away at line 102 in file classes/db/DbPDO.php
*ERROR* 	2024/11/24 - 21:07:21: Link to database cannot be established:SQLSTATE[HY000] [2006] MySQL server has gone away at line 102 in file classes/db/DbPDO.php
*ERROR* 	2024/11/24 - 21:07:21: Link to database cannot be established:SQLSTATE[HY000] [2006] MySQL server has gone away at line 102 in file classes/db/DbPDO.php
*ERROR* 	2024/11/24 - 21:07:21: Link to database cannot be established:SQLSTATE[HY000] [2006] MySQL server has gone away at line 102 in file classes/db/DbPDO.php
*ERROR* 	2024/11/24 - 21:07:21: Link to database cannot be established:SQLSTATE[HY000] [2006] MySQL server has gone away at line 102 in file classes/db/DbPDO.php
*ERROR* 	2024/11/24 - 21:07:21: Link to database cannot be established:SQLSTATE[HY000] [2006] MySQL server has gone away at line 102 in file classes/db/DbPDO.php
*ERROR* 	2024/11/24 - 21:07:21: Link to database cannot be established:SQLSTATE[HY000] [2006] MySQL server has gone away at line 102 in file classes/db/DbPDO.php
*ERROR* 	2024/11/24 - 21:07:21: Link to database cannot be established:SQLSTATE[HY000] [2006] MySQL server has gone away at line 102 in file classes/db/DbPDO.php
*ERROR* 	2024/11/24 - 21:07:21: Link to database cannot be established:SQLSTATE[HY000] [2006] MySQL server has gone away at line 102 in file classes/db/DbPDO.php
*ERROR* 	2024/11/24 - 21:07:21: Link to database cannot be established:SQLSTATE[HY000] [2006] MySQL server has gone away at line 102 in file classes/db/DbPDO.php
*ERROR* 	2024/11/24 - 21:07:21: Link to database cannot be established:SQLSTATE[HY000] [2006] MySQL server has gone away at line 102 in file classes/db/DbPDO.php
*ERROR* 	2024/11/24 - 21:07:21: Link to database cannot be established:SQLSTATE[HY000] [2006] MySQL server has gone away at line 102 in file classes/db/DbPDO.php
*ERROR* 	2024/11/24 - 21:07:21: Link to database cannot be established:SQLSTATE[HY000] [2006] MySQL server has gone away at line 102 in file classes/db/DbPDO.php
*ERROR* 	2024/11/24 - 21:07:21: Link to database cannot be established:SQLSTATE[HY000] [2006] MySQL server has gone away at line 102 in file classes/db/DbPDO.php
*ERROR* 	2024/11/24 - 21:07:21: Link to database cannot be established:SQLSTATE[HY000] [2006] MySQL server has gone away at line 102 in file classes/db/DbPDO.php
*ERROR* 	2024/11/24 - 21:07:21: Link to database cannot be established:SQLSTATE[HY000] [2006] MySQL server has gone away at line 102 in file classes/db/DbPDO.php
*ERROR* 	2024/11/24 - 21:07:21: Link to database cannot be established:SQLSTATE[HY000] [2006] MySQL server has gone away at line 102 in file classes/db/DbPDO.php
*ERROR* 	2024/11/24 - 21:07:21: Link to database cannot be established:SQLSTATE[HY000] [2002] Resource temporarily unavailable at line 102 in file classes/db/DbPDO.php
*ERROR* 	2024/11/24 - 21:07:21: Link to database cannot be established:SQLSTATE[HY000] [2006] MySQL server has gone away at line 102 in file classes/db/DbPDO.php
*ERROR* 	2024/11/24 - 21:07:21: Link to database cannot be established:SQLSTATE[HY000] [2006] MySQL server has gone away at line 102 in file classes/db/DbPDO.php
*ERROR* 	2024/11/24 - 21:07:21: Link to database cannot be established:SQLSTATE[HY000] [2002] Connection refused at line 102 in file classes/db/DbPDO.php
*ERROR* 	2024/11/24 - 21:07:21: Link to database cannot be established:SQLSTATE[HY000] [2002] Resource temporarily unavailable at line 102 in file classes/db/DbPDO.php
*ERROR* 	2024/11/24 - 21:07:21: Link to database cannot be established:SQLSTATE[HY000] [2006] MySQL server has gone away at line 102 in file classes/db/DbPDO.php
*ERROR* 	2024/11/24 - 21:07:21: Link to database cannot be established:SQLSTATE[HY000] [2006] MySQL server has gone away at line 102 in file classes/db/DbPDO.php
*ERROR* 	2024/11/24 - 21:07:21: Link to database cannot be established:SQLSTATE[HY000] [2002] Resource temporarily unavailable at line 102 in file classes/db/DbPDO.php
*ERROR* 	2024/11/24 - 21:07:21: Link to database cannot be established:SQLSTATE[HY000] [2002] Resource temporarily unavailable at line 102 in file classes/db/DbPDO.php
*ERROR* 	2024/11/24 - 21:07:21: Link to database cannot be established:SQLSTATE[HY000] [2006] MySQL server has gone away at line 102 in file classes/db/DbPDO.php
*ERROR* 	2024/11/24 - 21:07:21: Link to database cannot be established:SQLSTATE[HY000] [2006] MySQL server has gone away at line 102 in file classes/db/DbPDO.php
*ERROR* 	2024/11/24 - 21:07:21: Link to database cannot be established:SQLSTATE[HY000] [2006] MySQL server has gone away at line 102 in file classes/db/DbPDO.php
*ERROR* 	2024/11/24 - 21:07:21: Link to database cannot be established:SQLSTATE[HY000] [2006] MySQL server has gone away at line 102 in file classes/db/DbPDO.php
*ERROR* 	2024/11/24 - 21:07:21: Link to database cannot be established:SQLSTATE[HY000] [2006] MySQL server has gone away at line 102 in file classes/db/DbPDO.php
*ERROR* 	2024/11/24 - 21:07:21: Link to database cannot be established:SQLSTATE[HY000] [2002] Resource temporarily unavailable at line 102 in file classes/db/DbPDO.php
*ERROR* 	2024/11/24 - 21:07:21: Link to database cannot be established:SQLSTATE[HY000] [2002] Resource temporarily unavailable at line 102 in file classes/db/DbPDO.php
*ERROR* 	2024/11/24 - 21:07:21: Link to database cannot be established:SQLSTATE[HY000] [2002] Resource temporarily unavailable at line 102 in file classes/db/DbPDO.php
*ERROR* 	2024/11/24 - 21:07:21: Link to database cannot be established:SQLSTATE[HY000] [2006] MySQL server has gone away at line 102 in file classes/db/DbPDO.php
*ERROR* 	2024/11/24 - 21:07:21: Link to database cannot be established:SQLSTATE[HY000] [2006] MySQL server has gone away at line 102 in file classes/db/DbPDO.php
*ERROR* 	2024/11/24 - 21:07:21: Link to database cannot be established:SQLSTATE[HY000] [2006] MySQL server has gone away at line 102 in file classes/db/DbPDO.php
*ERROR* 	2024/11/24 - 21:07:21: Link to database cannot be established:SQLSTATE[HY000] [2006] MySQL server has gone away at line 102 in file classes/db/DbPDO.php
*ERROR* 	2024/11/24 - 21:07:21: Link to database cannot be established:SQLSTATE[HY000] [2006] MySQL server has gone away at line 102 in file classes/db/DbPDO.php
*ERROR* 	2024/11/24 - 21:07:21: Link to database cannot be established:SQLSTATE[HY000] [2006] MySQL server has gone away at line 102 in file classes/db/DbPDO.php
*ERROR* 	2024/11/24 - 21:07:21: Link to database cannot be established:SQLSTATE[HY000] [2002] Resource temporarily unavailable at line 102 in file classes/db/DbPDO.php
*ERROR* 	2024/11/24 - 21:07:21: Link to database cannot be established:SQLSTATE[HY000] [2002] Resource temporarily unavailable at line 102 in file classes/db/DbPDO.php
*ERROR* 	2024/11/24 - 21:07:21: Link to database cannot be established:SQLSTATE[HY000] [2006] MySQL server has gone away at line 102 in file classes/db/DbPDO.php
*ERROR* 	2024/11/24 - 21:07:21: Link to database cannot be established:SQLSTATE[HY000] [2002] Resource temporarily unavailable at line 102 in file classes/db/DbPDO.php
*ERROR* 	2024/11/24 - 21:07:21: Link to database cannot be established:SQLSTATE[HY000] [2002] Resource temporarily unavailable at line 102 in file classes/db/DbPDO.php
*ERROR* 	2024/11/24 - 21:07:21: Link to database cannot be established:SQLSTATE[HY000] [2002] Resource temporarily unavailable at line 102 in file classes/db/DbPDO.php
*ERROR* 	2024/11/24 - 21:07:21: Link to database cannot be established:SQLSTATE[HY000] [2002] Resource temporarily unavailable at line 102 in file classes/db/DbPDO.php
*ERROR* 	2024/11/24 - 21:07:21: Link to database cannot be established:SQLSTATE[HY000] [2002] Connection refused at line 102 in file classes/db/DbPDO.php
*ERROR* 	2024/11/24 - 21:07:21: Link to database cannot be established:SQLSTATE[HY000] [2002] Connection refused at line 102 in file classes/db/DbPDO.php
*ERROR* 	2024/11/24 - 21:07:21: Link to database cannot be established:SQLSTATE[HY000] [2002] Connection refused at line 102 in file classes/db/DbPDO.php
*ERROR* 	2024/11/24 - 21:07:21: Link to database cannot be established:SQLSTATE[HY000] [2002] Resource temporarily unavailable at line 102 in file classes/db/DbPDO.php
*ERROR* 	2024/11/24 - 21:07:21: Link to database cannot be established:SQLSTATE[HY000] [2006] MySQL server has gone away at line 102 in file classes/db/DbPDO.php
*ERROR* 	2024/11/24 - 21:07:21: Link to database cannot be established:SQLSTATE[HY000] [2006] MySQL server has gone away at line 102 in file classes/db/DbPDO.php
*ERROR* 	2024/11/24 - 21:07:21: Link to database cannot be established:SQLSTATE[HY000] [2006] MySQL server has gone away at line 102 in file classes/db/DbPDO.php
*ERROR* 	2024/11/24 - 21:07:21: Link to database cannot be established:SQLSTATE[HY000] [2006] MySQL server has gone away at line 102 in file classes/db/DbPDO.php
*ERROR* 	2024/11/24 - 21:07:21: Link to database cannot be established:SQLSTATE[HY000] [2002] Resource temporarily unavailable at line 102 in file classes/db/DbPDO.php
*ERROR* 	2024/11/24 - 21:07:21: Link to database cannot be established:SQLSTATE[HY000] [2006] MySQL server has gone away at line 102 in file classes/db/DbPDO.php
*ERROR* 	2024/11/24 - 21:07:21: Link to database cannot be established:SQLSTATE[HY000] [2002] Resource temporarily unavailable at line 102 in file classes/db/DbPDO.php
*ERROR* 	2024/11/24 - 21:07:21: Link to database cannot be established:SQLSTATE[HY000] [2002] Resource temporarily unavailable at line 102 in file classes/db/DbPDO.php
*ERROR* 	2024/11/24 - 21:07:21: Link to database cannot be established:SQLSTATE[HY000] [2006] MySQL server has gone away at line 102 in file classes/db/DbPDO.php
*ERROR* 	2024/11/24 - 21:07:21: Link to database cannot be established:SQLSTATE[HY000] [2002] Resource temporarily unavailable at line 102 in file classes/db/DbPDO.php
*ERROR* 	2024/11/24 - 21:07:21: Link to database cannot be established:SQLSTATE[HY000] [2006] MySQL server has gone away at line 102 in file classes/db/DbPDO.php
*ERROR* 	2024/11/24 - 21:07:21: Link to database cannot be established:SQLSTATE[HY000] [2006] MySQL server has gone away at line 102 in file classes/db/DbPDO.php
*ERROR* 	2024/11/24 - 21:07:21: Link to database cannot be established:SQLSTATE[HY000] [2002] Resource temporarily unavailable at line 102 in file classes/db/DbPDO.php
*ERROR* 	2024/11/24 - 21:07:21: Link to database cannot be established:SQLSTATE[HY000] [2006] MySQL server has gone away at line 102 in file classes/db/DbPDO.php
*ERROR* 	2024/11/24 - 21:07:21: Link to database cannot be established:SQLSTATE[HY000] [2006] MySQL server has gone away at line 102 in file classes/db/DbPDO.php
*ERROR* 	2024/11/24 - 21:07:21: Link to database cannot be established:SQLSTATE[HY000] [2006] MySQL server has gone away at line 102 in file classes/db/DbPDO.php
*ERROR* 	2024/11/24 - 21:07:21: Link to database cannot be established:SQLSTATE[HY000] [2006] MySQL server has gone away at line 102 in file classes/db/DbPDO.php
*ERROR* 	2024/11/24 - 21:07:21: Link to database cannot be established:SQLSTATE[HY000] [2006] MySQL server has gone away at line 102 in file classes/db/DbPDO.php
*ERROR* 	2024/11/24 - 21:07:21: Link to database cannot be established:SQLSTATE[HY000] [2006] MySQL server has gone away at line 102 in file classes/db/DbPDO.php
*ERROR* 	2024/11/24 - 21:07:21: Link to database cannot be established:SQLSTATE[HY000] [2006] MySQL server has gone away at line 102 in file classes/db/DbPDO.php
*ERROR* 	2024/11/24 - 21:07:21: Link to database cannot be established:SQLSTATE[HY000] [2006] MySQL server has gone away at line 102 in file classes/db/DbPDO.php
*ERROR* 	2024/11/24 - 21:07:21: Link to database cannot be established:SQLSTATE[HY000] [2006] MySQL server has gone away at line 102 in file classes/db/DbPDO.php
*ERROR* 	2024/11/24 - 21:07:21: Link to database cannot be established:SQLSTATE[HY000] [2006] MySQL server has gone away at line 102 in file classes/db/DbPDO.php
*ERROR* 	2024/11/24 - 21:07:21: Link to database cannot be established:SQLSTATE[HY000] [2006] MySQL server has gone away at line 102 in file classes/db/DbPDO.php
*ERROR* 	2024/11/24 - 21:07:21: Link to database cannot be established:SQLSTATE[HY000] [2002] Resource temporarily unavailable at line 102 in file classes/db/DbPDO.php
*ERROR* 	2024/11/24 - 21:07:21: Link to database cannot be established:SQLSTATE[HY000] [2006] MySQL server has gone away at line 102 in file classes/db/DbPDO.php
*ERROR* 	2024/11/24 - 21:07:21: Link to database cannot be established:SQLSTATE[HY000] [2006] MySQL server has gone away at line 102 in file classes/db/DbPDO.php
*ERROR* 	2024/11/24 - 21:07:21: Link to database cannot be established:SQLSTATE[HY000] [2002] Resource temporarily unavailable at line 102 in file classes/db/DbPDO.php
*ERROR* 	2024/11/24 - 21:07:21: Link to database cannot be established:SQLSTATE[HY000] [2006] MySQL server has gone away at line 102 in file classes/db/DbPDO.php
*ERROR* 	2024/11/24 - 21:07:21: Link to database cannot be established:SQLSTATE[HY000] [2006] MySQL server has gone away at line 102 in file classes/db/DbPDO.php
*ERROR* 	2024/11/24 - 21:07:21: Link to database cannot be established:SQLSTATE[HY000] [2006] MySQL server has gone away at line 102 in file classes/db/DbPDO.php
*ERROR* 	2024/11/24 - 21:07:21: Link to database cannot be established:SQLSTATE[HY000] [2002] Connection refused at line 102 in file classes/db/DbPDO.php
*ERROR* 	2024/11/24 - 21:07:21: Link to database cannot be established:SQLSTATE[HY000] [2006] MySQL server has gone away at line 102 in file classes/db/DbPDO.php
*ERROR* 	2024/11/24 - 21:07:21: Link to database cannot be established:SQLSTATE[HY000] [2006] MySQL server has gone away at line 102 in file classes/db/DbPDO.php
*ERROR* 	2024/11/24 - 21:07:21: Link to database cannot be established:SQLSTATE[HY000] [2006] MySQL server has gone away at line 102 in file classes/db/DbPDO.php
*ERROR* 	2024/11/24 - 21:07:21: Link to database cannot be established:SQLSTATE[HY000] [2006] MySQL server has gone away at line 102 in file classes/db/DbPDO.php
*ERROR* 	2024/11/24 - 21:07:21: Link to database cannot be established:SQLSTATE[HY000] [2006] MySQL server has gone away at line 102 in file classes/db/DbPDO.php
*ERROR* 	2024/11/24 - 21:07:21: Link to database cannot be established:SQLSTATE[HY000] [2006] MySQL server has gone away at line 102 in file classes/db/DbPDO.php
*ERROR* 	2024/11/24 - 21:07:21: Link to database cannot be established:SQLSTATE[HY000] [2006] MySQL server has gone away at line 102 in file classes/db/DbPDO.php
*ERROR* 	2024/11/24 - 21:07:21: Link to database cannot be established:SQLSTATE[HY000] [2006] MySQL server has gone away at line 102 in file classes/db/DbPDO.php
*ERROR* 	2024/11/24 - 21:07:21: Link to database cannot be established:SQLSTATE[HY000] [2006] MySQL server has gone away at line 102 in file classes/db/DbPDO.php
*ERROR* 	2024/11/24 - 21:07:21: Link to database cannot be established:SQLSTATE[HY000] [2002] Resource temporarily unavailable at line 102 in file classes/db/DbPDO.php
*ERROR* 	2024/11/24 - 21:07:21: Link to database cannot be established:SQLSTATE[HY000] [2006] MySQL server has gone away at line 102 in file classes/db/DbPDO.php
*ERROR* 	2024/11/24 - 21:07:21: Link to database cannot be established:SQLSTATE[HY000] [2006] MySQL server has gone away at line 102 in file classes/db/DbPDO.php
*ERROR* 	2024/11/24 - 21:07:21: Link to database cannot be established:SQLSTATE[HY000] [2002] Resource temporarily unavailable at line 102 in file classes/db/DbPDO.php
*ERROR* 	2024/11/24 - 21:07:21: Link to database cannot be established:SQLSTATE[HY000] [2002] Connection refused at line 102 in file classes/db/DbPDO.php
*ERROR* 	2024/11/24 - 21:07:21: Link to database cannot be established:SQLSTATE[HY000] [2002] Connection refused at line 102 in file classes/db/DbPDO.php
*ERROR* 	2024/11/24 - 21:07:21: Link to database cannot be established:SQLSTATE[HY000] [2002] Connection refused at line 102 in file classes/db/DbPDO.php
*ERROR* 	2024/11/24 - 21:07:21: Link to database cannot be established:SQLSTATE[HY000] [2002] Connection refused at line 102 in file classes/db/DbPDO.php
*ERROR* 	2024/11/24 - 21:07:22: Link to database cannot be established:SQLSTATE[HY000] [2002] Connection refused at line 102 in file classes/db/DbPDO.php
*ERROR* 	2024/11/24 - 21:07:22: Link to database cannot be established:SQLSTATE[HY000] [2002] Connection refused at line 102 in file classes/db/DbPDO.php
*ERROR* 	2024/11/24 - 21:07:23: Link to database cannot be established:SQLSTATE[HY000] [2002] Connection refused at line 102 in file classes/db/DbPDO.php
*ERROR* 	2024/11/24 - 21:07:24: Link to database cannot be established:SQLSTATE[HY000] [2002] Connection refused at line 102 in file classes/db/DbPDO.php
*ERROR* 	2024/11/24 - 21:07:24: Link to database cannot be established:SQLSTATE[HY000] [2002] Connection refused at line 102 in file classes/db/DbPDO.php
*ERROR* 	2024/11/24 - 21:07:25: Link to database cannot be established:SQLSTATE[HY000] [2002] Connection refused at line 102 in file classes/db/DbPDO.php
*ERROR* 	2024/11/24 - 21:07:26: Link to database cannot be established:SQLSTATE[HY000] [2002] Connection refused at line 102 in file classes/db/DbPDO.php
*ERROR* 	2024/11/24 - 21:07:26: Link to database cannot be established:SQLSTATE[HY000] [2002] Connection refused at line 102 in file classes/db/DbPDO.php
*ERROR* 	2024/11/24 - 21:07:26: Link to database cannot be established:SQLSTATE[HY000] [2002] Connection refused at line 102 in file classes/db/DbPDO.php
*ERROR* 	2024/11/24 - 21:07:26: Link to database cannot be established:SQLSTATE[HY000] [2002] Connection refused at line 102 in file classes/db/DbPDO.php
*ERROR* 	2024/11/24 - 21:07:27: Link to database cannot be established:SQLSTATE[HY000] [2002] Connection refused at line 102 in file classes/db/DbPDO.php
*ERROR* 	2024/11/24 - 21:07:27: Link to database cannot be established:SQLSTATE[HY000] [2002] Connection refused at line 102 in file classes/db/DbPDO.php
*ERROR* 	2024/11/24 - 21:07:27: Link to database cannot be established:SQLSTATE[HY000] [2002] Connection refused at line 102 in file classes/db/DbPDO.php
*ERROR* 	2024/11/24 - 21:07:27: Link to database cannot be established:SQLSTATE[HY000] [2002] Connection refused at line 102 in file classes/db/DbPDO.php
*ERROR* 	2024/11/24 - 21:07:28: Link to database cannot be established:SQLSTATE[HY000] [2002] Connection refused at line 102 in file classes/db/DbPDO.php
